#
# There is insufficient memory for the Java Runtime Environment to continue.
# Native memory allocation (malloc) failed to allocate 948736 bytes for Chunk::new
# Possible reasons:
#   The system is out of physical RAM or swap space
#   The process is running with CompressedOops enabled, and the Java Heap may be blocking the growth of the native heap
# Possible solutions:
#   Reduce memory load on the system
#   Increase physical memory or swap space
#   Check if swap backing store is full
#   Decrease Java heap size (-Xmx/-Xms)
#   Decrease number of Java threads
#   Decrease Java thread stack sizes (-Xss)
#   Set larger code cache with -XX:ReservedCodeCacheSize=
#   JVM is running with Unscaled Compressed Oops mode in which the Java heap is
#     placed in the first 4GB address space. The Java Heap base address is the
#     maximum limit for the native heap growth. Please use -XX:HeapBaseMinAddress
#     to set the Java Heap base and to place the Java Heap above 4GB virtual address.
# This output file may be truncated or incomplete.
#
#  Out of Memory Error (allocation.cpp:389), pid=33568, tid=0x0000000000007b70
#
# JRE version: OpenJDK Runtime Environment (8.0_242-b01) (build 1.8.0_242-release-1644-b01)
# Java VM: OpenJDK 64-Bit Server VM (25.242-b01 mixed mode windows-amd64 compressed oops)
# Failed to write core dump. Minidumps are not enabled by default on client versions of Windows
#

---------------  T H R E A D  ---------------

Current thread (0x0000000013bb4800):  JavaThread "C2 CompilerThread0" daemon [_thread_in_native, id=31600, stack(0x0000000015210000,0x0000000015310000)]

Stack: [0x0000000015210000,0x0000000015310000]
[error occurred during error reporting (printing stack bounds), id 0xc0000005]

Native frames: (J=compiled Java code, j=interpreted, Vv=VM code, C=native code)


Current CompileTask:
C2:  13319 6302       4       groovy.lang.MetaClassImpl$1MOPIter::methodNameAction (325 bytes)


---------------  P R O C E S S  ---------------

Java Threads: ( => current thread )
  0x000000001722b800 JavaThread "Cache worker for Build Output Cleanup Cache (C:\Apps\parosmoniFrontApp\.gradle\buildOutputCleanup)" [_thread_blocked, id=35508, stack(0x0000000021d10000,0x0000000021e10000)]
  0x000000001722b000 JavaThread "Build operations Thread 4" [_thread_blocked, id=38628, stack(0x0000000021c10000,0x0000000021d10000)]
  0x0000000017232000 JavaThread "Build operations Thread 3" [_thread_blocked, id=14612, stack(0x0000000021b10000,0x0000000021c10000)]
  0x0000000017230000 JavaThread "Build operations Thread 2" [_thread_blocked, id=40572, stack(0x0000000021a10000,0x0000000021b10000)]
  0x000000001722a000 JavaThread "Build operations" [_thread_blocked, id=29024, stack(0x0000000021910000,0x0000000021a10000)]
  0x0000000017231000 JavaThread "Cache worker for cache directory md-rule (C:\Users\WIN\.gradle\caches\6.1.1\md-rule)" [_thread_blocked, id=38972, stack(0x0000000021810000,0x0000000021910000)]
  0x000000001722f800 JavaThread "Cache worker for cache directory md-supplier (C:\Users\WIN\.gradle\caches\6.1.1\md-supplier)" [_thread_blocked, id=37920, stack(0x0000000021710000,0x0000000021810000)]
  0x000000001722e800 JavaThread "Cache worker for file hash cache (C:\Apps\parosmoniFrontApp\.gradle\6.1.1\fileHashes)" [_thread_blocked, id=20500, stack(0x0000000021610000,0x0000000021710000)]
  0x000000001722e000 JavaThread "Cache worker for checksums cache (C:\Apps\parosmoniFrontApp\.gradle\checksums)" [_thread_blocked, id=25164, stack(0x0000000021510000,0x0000000021610000)]
  0x0000000017223800 JavaThread "Thread-30" [_thread_blocked, id=6500, stack(0x0000000021410000,0x0000000021510000)]
  0x0000000017229800 JavaThread "Stdin handler" [_thread_blocked, id=34596, stack(0x0000000021310000,0x0000000021410000)]
  0x0000000017222800 JavaThread "Asynchronous log dispatcher for DefaultDaemonConnection: socket connection from /127.0.0.1:56369 to /127.0.0.1:56377" [_thread_blocked, id=22364, stack(0x0000000021210000,0x0000000021310000)]
  0x0000000017225800 JavaThread "Cancel handler" [_thread_blocked, id=36212, stack(0x0000000021110000,0x0000000021210000)]
  0x0000000017228800 JavaThread "Handler for socket connection from /127.0.0.1:56369 to /127.0.0.1:56377" [_thread_in_native, id=20328, stack(0x0000000021010000,0x0000000021110000)]
  0x0000000017226800 JavaThread "Cache worker for execution history cache (C:\Users\WIN\.gradle\caches\6.1.1\executionHistory)" [_thread_blocked, id=40904, stack(0x000000001d660000,0x000000001d760000)]
  0x000000001778a000 JavaThread "Cache worker for file hash cache (C:\Users\WIN\.gradle\caches\6.1.1\fileHashes)" [_thread_blocked, id=35924, stack(0x0000000019930000,0x0000000019a30000)]
  0x0000000017788800 JavaThread "File lock request listener" [_thread_in_native, id=37912, stack(0x0000000019830000,0x0000000019930000)]
  0x000000001794a000 JavaThread "Cache worker for journal cache (C:\Users\WIN\.gradle\caches\journal-1)" [_thread_blocked, id=31316, stack(0x0000000019730000,0x0000000019830000)]
  0x0000000017581800 JavaThread "Daemon worker" [_thread_in_vm, id=36328, stack(0x0000000019130000,0x0000000019230000)]
  0x0000000017617800 JavaThread "Daemon" [_thread_blocked, id=32732, stack(0x0000000018c30000,0x0000000018d30000)]
  0x0000000017675000 JavaThread "Daemon periodic checks" [_thread_blocked, id=36496, stack(0x0000000018b30000,0x0000000018c30000)]
  0x0000000017629000 JavaThread "Incoming local TCP Connector on port 56369" [_thread_in_native, id=25132, stack(0x00000000188f0000,0x00000000189f0000)]
  0x00000000170f7000 JavaThread "Daemon health stats" [_thread_blocked, id=12592, stack(0x00000000182b0000,0x00000000183b0000)]
  0x0000000015530800 JavaThread "Service Thread" daemon [_thread_blocked, id=40376, stack(0x0000000015910000,0x0000000015a10000)]
  0x0000000013bdd800 JavaThread "C1 CompilerThread2" daemon [_thread_blocked, id=33468, stack(0x0000000015410000,0x0000000015510000)]
  0x0000000013bbc000 JavaThread "C2 CompilerThread1" daemon [_thread_in_native, id=9912, stack(0x0000000015310000,0x0000000015410000)]
=>0x0000000013bb4800 JavaThread "C2 CompilerThread0" daemon [_thread_in_native, id=31600, stack(0x0000000015210000,0x0000000015310000)]
  0x0000000013bb3800 JavaThread "Attach Listener" daemon [_thread_blocked, id=32416, stack(0x0000000015110000,0x0000000015210000)]
  0x0000000013bb2800 JavaThread "Signal Dispatcher" daemon [_thread_blocked, id=36776, stack(0x0000000015010000,0x0000000015110000)]
  0x000000000278d800 JavaThread "Finalizer" daemon [_thread_blocked, id=32964, stack(0x0000000014e10000,0x0000000014f10000)]
  0x0000000013b99000 JavaThread "Reference Handler" daemon [_thread_blocked, id=33184, stack(0x0000000014d10000,0x0000000014e10000)]
  0x000000000268d800 JavaThread "main" [_thread_blocked, id=16072, stack(0x0000000002530000,0x0000000002630000)]

Other Threads:
  0x0000000013b76000 VMThread [stack: 0x0000000014c10000,0x0000000014d10000] [id=27008]
  0x0000000015533800 WatcherThread [stack: 0x0000000015a10000,0x0000000015b10000] [id=33560]

VM state:not at safepoint (normal execution)

VM Mutex/Monitor currently owned by a thread: None

heap address: 0x00000000e0000000, size: 512 MB, Compressed Oops mode: 32-bit
Narrow klass base: 0x0000000000000000, Narrow klass shift: 3
Compressed class space size: 1073741824 Address: 0x0000000100000000

Heap:
 PSYoungGen      total 153088K, used 52264K [0x00000000f5580000, 0x0000000100000000, 0x0000000100000000)
  eden space 131584K, 31% used [0x00000000f5580000,0x00000000f7d9d138,0x00000000fd600000)
  from space 21504K, 52% used [0x00000000fd600000,0x00000000fe0ed120,0x00000000feb00000)
  to   space 20992K, 0% used [0x00000000feb80000,0x00000000feb80000,0x0000000100000000)
 ParOldGen       total 207360K, used 32619K [0x00000000e0000000, 0x00000000eca80000, 0x00000000f5580000)
  object space 207360K, 15% used [0x00000000e0000000,0x00000000e1fdae78,0x00000000eca80000)
 Metaspace       used 65525K, capacity 67890K, committed 68120K, reserved 1107968K
  class space    used 8696K, capacity 9223K, committed 9256K, reserved 1048576K

Card table byte_map: [0x0000000011b50000,0x0000000011c60000] byte_map_base: 0x0000000011450000

Marking Bits: (ParMarkBitMap*) 0x000000007386f030
 Begin Bits: [0x0000000012110000, 0x0000000012910000)
 End Bits:   [0x0000000012910000, 0x0000000013110000)

Polling page: 0x0000000000910000

CodeCache: size=245760Kb used=19080Kb max_used=19080Kb free=226679Kb
 bounds [0x0000000002790000, 0x0000000003a50000, 0x0000000011790000]
 total_blobs=6657 nmethods=5846 adapters=724
 compilation: enabled

Compilation events (10 events):
Event: 13.298 Thread 0x0000000013bdd800 6556       3       org.gradle.api.internal.DefaultNamedDomainObjectCollection$UnfilteredIndex::put (13 bytes)
Event: 13.298 Thread 0x0000000013bdd800 nmethod 6556 0x0000000003a43290 code [0x0000000003a43400, 0x0000000003a43628]
Event: 13.301 Thread 0x0000000013bdd800 6557       3       com.google.common.collect.LinkedHashMultimap$ValueSet::rehashIfNecessary (88 bytes)
Event: 13.301 Thread 0x0000000013bdd800 nmethod 6557 0x0000000003a43710 code [0x0000000003a438e0, 0x0000000003a44048]
Event: 13.301 Thread 0x0000000013bdd800 6558       3       com.google.common.collect.Hashing::needsResizing (22 bytes)
Event: 13.301 Thread 0x0000000013bdd800 nmethod 6558 0x0000000003a442d0 code [0x0000000003a44420, 0x0000000003a44610]
Event: 13.302 Thread 0x0000000013bdd800 6559       3       java.util.Spliterators::spliterator (16 bytes)
Event: 13.302 Thread 0x0000000013bdd800 nmethod 6559 0x0000000003a44690 code [0x0000000003a44820, 0x0000000003a44b38]
Event: 13.313 Thread 0x0000000013bdd800 6560       1       org.gradle.internal.instantiation.generator.AbstractClassGenerator$ExtensibleTypePropertyHandler::access$1200 (5 bytes)
Event: 13.313 Thread 0x0000000013bdd800 nmethod 6560 0x0000000003a44c90 code [0x0000000003a44de0, 0x0000000003a44ed0]

GC Heap History (10 events):
Event: 5.429 GC heap before
{Heap before GC invocations=8 (full 2):
 PSYoungGen      total 160256K, used 9347K [0x00000000f5580000, 0x0000000100000000, 0x0000000100000000)
  eden space 144896K, 0% used [0x00000000f5580000,0x00000000f5580000,0x00000000fe300000)
  from space 15360K, 60% used [0x00000000ff100000,0x00000000ffa20ff0,0x0000000100000000)
  to   space 14336K, 0% used [0x00000000fe300000,0x00000000fe300000,0x00000000ff100000)
 ParOldGen       total 175104K, used 9584K [0x00000000e0000000, 0x00000000eab00000, 0x00000000f5580000)
  object space 175104K, 5% used [0x00000000e0000000,0x00000000e095c3b8,0x00000000eab00000)
 Metaspace       used 34504K, capacity 35380K, committed 35496K, reserved 1079296K
  class space    used 4720K, capacity 4967K, committed 5032K, reserved 1048576K
Event: 5.494 GC heap after
Heap after GC invocations=8 (full 2):
 PSYoungGen      total 160256K, used 0K [0x00000000f5580000, 0x0000000100000000, 0x0000000100000000)
  eden space 144896K, 0% used [0x00000000f5580000,0x00000000f5580000,0x00000000fe300000)
  from space 15360K, 0% used [0x00000000ff100000,0x00000000ff100000,0x0000000100000000)
  to   space 14336K, 0% used [0x00000000fe300000,0x00000000fe300000,0x00000000ff100000)
 ParOldGen       total 175104K, used 15677K [0x00000000e0000000, 0x00000000eab00000, 0x00000000f5580000)
  object space 175104K, 8% used [0x00000000e0000000,0x00000000e0f4f580,0x00000000eab00000)
 Metaspace       used 34504K, capacity 35380K, committed 35496K, reserved 1079296K
  class space    used 4720K, capacity 4967K, committed 5032K, reserved 1048576K
}
Event: 8.044 GC heap before
{Heap before GC invocations=9 (full 2):
 PSYoungGen      total 160256K, used 144896K [0x00000000f5580000, 0x0000000100000000, 0x0000000100000000)
  eden space 144896K, 100% used [0x00000000f5580000,0x00000000fe300000,0x00000000fe300000)
  from space 15360K, 0% used [0x00000000ff100000,0x00000000ff100000,0x0000000100000000)
  to   space 14336K, 0% used [0x00000000fe300000,0x00000000fe300000,0x00000000ff100000)
 ParOldGen       total 175104K, used 15677K [0x00000000e0000000, 0x00000000eab00000, 0x00000000f5580000)
  object space 175104K, 8% used [0x00000000e0000000,0x00000000e0f4f580,0x00000000eab00000)
 Metaspace       used 48388K, capacity 49724K, committed 50088K, reserved 1093632K
  class space    used 6428K, capacity 6739K, committed 6824K, reserved 1048576K
Event: 8.074 GC heap after
Heap after GC invocations=9 (full 2):
 PSYoungGen      total 159232K, used 14321K [0x00000000f5580000, 0x0000000100000000, 0x0000000100000000)
  eden space 144896K, 0% used [0x00000000f5580000,0x00000000f5580000,0x00000000fe300000)
  from space 14336K, 99% used [0x00000000fe300000,0x00000000ff0fc6b0,0x00000000ff100000)
  to   space 15360K, 0% used [0x00000000ff100000,0x00000000ff100000,0x0000000100000000)
 ParOldGen       total 175104K, used 20340K [0x00000000e0000000, 0x00000000eab00000, 0x00000000f5580000)
  object space 175104K, 11% used [0x00000000e0000000,0x00000000e13dd210,0x00000000eab00000)
 Metaspace       used 48388K, capacity 49724K, committed 50088K, reserved 1093632K
  class space    used 6428K, capacity 6739K, committed 6824K, reserved 1048576K
}
Event: 10.853 GC heap before
{Heap before GC invocations=10 (full 2):
 PSYoungGen      total 159232K, used 115035K [0x00000000f5580000, 0x0000000100000000, 0x0000000100000000)
  eden space 144896K, 69% used [0x00000000f5580000,0x00000000fb7da8a8,0x00000000fe300000)
  from space 14336K, 99% used [0x00000000fe300000,0x00000000ff0fc6b0,0x00000000ff100000)
  to   space 15360K, 0% used [0x00000000ff100000,0x00000000ff100000,0x0000000100000000)
 ParOldGen       total 175104K, used 20340K [0x00000000e0000000, 0x00000000eab00000, 0x00000000f5580000)
  object space 175104K, 11% used [0x00000000e0000000,0x00000000e13dd210,0x00000000eab00000)
 Metaspace       used 57106K, capacity 59070K, committed 59160K, reserved 1099776K
  class space    used 7707K, capacity 8189K, committed 8232K, reserved 1048576K
Event: 10.872 GC heap after
Heap after GC invocations=10 (full 2):
 PSYoungGen      total 146944K, used 15342K [0x00000000f5580000, 0x0000000100000000, 0x0000000100000000)
  eden space 131584K, 0% used [0x00000000f5580000,0x00000000f5580000,0x00000000fd600000)
  from space 15360K, 99% used [0x00000000ff100000,0x00000000ffffb858,0x0000000100000000)
  to   space 21504K, 0% used [0x00000000fd600000,0x00000000fd600000,0x00000000feb00000)
 ParOldGen       total 175104K, used 25368K [0x00000000e0000000, 0x00000000eab00000, 0x00000000f5580000)
  object space 175104K, 14% used [0x00000000e0000000,0x00000000e18c61b8,0x00000000eab00000)
 Metaspace       used 57106K, capacity 59070K, committed 59160K, reserved 1099776K
  class space    used 7707K, capacity 8189K, committed 8232K, reserved 1048576K
}
Event: 10.872 GC heap before
{Heap before GC invocations=11 (full 3):
 PSYoungGen      total 146944K, used 15342K [0x00000000f5580000, 0x0000000100000000, 0x0000000100000000)
  eden space 131584K, 0% used [0x00000000f5580000,0x00000000f5580000,0x00000000fd600000)
  from space 15360K, 99% used [0x00000000ff100000,0x00000000ffffb858,0x0000000100000000)
  to   space 21504K, 0% used [0x00000000fd600000,0x00000000fd600000,0x00000000feb00000)
 ParOldGen       total 175104K, used 25368K [0x00000000e0000000, 0x00000000eab00000, 0x00000000f5580000)
  object space 175104K, 14% used [0x00000000e0000000,0x00000000e18c61b8,0x00000000eab00000)
 Metaspace       used 57106K, capacity 59070K, committed 59160K, reserved 1099776K
  class space    used 7707K, capacity 8189K, committed 8232K, reserved 1048576K
Event: 11.089 GC heap after
Heap after GC invocations=11 (full 3):
 PSYoungGen      total 146944K, used 0K [0x00000000f5580000, 0x0000000100000000, 0x0000000100000000)
  eden space 131584K, 0% used [0x00000000f5580000,0x00000000f5580000,0x00000000fd600000)
  from space 15360K, 0% used [0x00000000ff100000,0x00000000ff100000,0x0000000100000000)
  to   space 21504K, 0% used [0x00000000fd600000,0x00000000fd600000,0x00000000feb00000)
 ParOldGen       total 207360K, used 32611K [0x00000000e0000000, 0x00000000eca80000, 0x00000000f5580000)
  object space 207360K, 15% used [0x00000000e0000000,0x00000000e1fd8e78,0x00000000eca80000)
 Metaspace       used 57063K, capacity 58922K, committed 59160K, reserved 1099776K
  class space    used 7695K, capacity 8171K, committed 8232K, reserved 1048576K
}
Event: 12.880 GC heap before
{Heap before GC invocations=12 (full 3):
 PSYoungGen      total 146944K, used 131584K [0x00000000f5580000, 0x0000000100000000, 0x0000000100000000)
  eden space 131584K, 100% used [0x00000000f5580000,0x00000000fd600000,0x00000000fd600000)
  from space 15360K, 0% used [0x00000000ff100000,0x00000000ff100000,0x0000000100000000)
  to   space 21504K, 0% used [0x00000000fd600000,0x00000000fd600000,0x00000000feb00000)
 ParOldGen       total 207360K, used 32611K [0x00000000e0000000, 0x00000000eca80000, 0x00000000f5580000)
  object space 207360K, 15% used [0x00000000e0000000,0x00000000e1fd8e78,0x00000000eca80000)
 Metaspace       used 64372K, capacity 66634K, committed 66968K, reserved 1107968K
  class space    used 8549K, capacity 9035K, committed 9128K, reserved 1048576K
Event: 12.893 GC heap after
Heap after GC invocations=12 (full 3):
 PSYoungGen      total 153088K, used 11188K [0x00000000f5580000, 0x0000000100000000, 0x0000000100000000)
  eden space 131584K, 0% used [0x00000000f5580000,0x00000000f5580000,0x00000000fd600000)
  from space 21504K, 52% used [0x00000000fd600000,0x00000000fe0ed120,0x00000000feb00000)
  to   space 20992K, 0% used [0x00000000feb80000,0x00000000feb80000,0x0000000100000000)
 ParOldGen       total 207360K, used 32619K [0x00000000e0000000, 0x00000000eca80000, 0x00000000f5580000)
  object space 207360K, 15% used [0x00000000e0000000,0x00000000e1fdae78,0x00000000eca80000)
 Metaspace       used 64372K, capacity 66634K, committed 66968K, reserved 1107968K
  class space    used 8549K, capacity 9035K, committed 9128K, reserved 1048576K
}

Deoptimization events (10 events):
Event: 12.599 Thread 0x0000000017581800 Uncommon trap: reason=unstable_if action=reinterpret pc=0x000000000351de34 method=java.util.TreeMap.put(Ljava/lang/Object;Ljava/lang/Object;)Ljava/lang/Object; @ 163
Event: 12.601 Thread 0x0000000017581800 Uncommon trap: reason=unstable_if action=reinterpret pc=0x0000000002eb86ec method=java.lang.AbstractStringBuilder.append(I)Ljava/lang/AbstractStringBuilder; @ 16
Event: 12.601 Thread 0x0000000017581800 Uncommon trap: reason=unstable_if action=reinterpret pc=0x00000000028c8310 method=java.lang.Integer.getChars(II[C)V @ 7
Event: 12.601 Thread 0x0000000017581800 Uncommon trap: reason=unstable_if action=reinterpret pc=0x0000000002eb9bd0 method=java.lang.AbstractStringBuilder.append(I)Ljava/lang/AbstractStringBuilder; @ 16
Event: 12.747 Thread 0x0000000017581800 Uncommon trap: reason=class_check action=maybe_recompile pc=0x0000000002de3bc0 method=java.lang.Throwable.<init>(Ljava/lang/String;Ljava/lang/Throwable;)V @ 24
Event: 12.798 Thread 0x0000000017581800 Uncommon trap: reason=predicate action=maybe_recompile pc=0x0000000003998abc method=java.util.AbstractCollection.toArray([Ljava/lang/Object;)[Ljava/lang/Object; @ 49
Event: 13.150 Thread 0x0000000017581800 Uncommon trap: reason=unstable_if action=reinterpret pc=0x000000000394ecd8 method=groovy.lang.MetaClassImpl.filterPropertyMethod(Ljava/lang/Object;ZZ)Ljava/lang/Object; @ 60
Event: 13.210 Thread 0x0000000017581800 Uncommon trap: reason=class_check action=maybe_recompile pc=0x0000000002de3bc0 method=java.lang.Throwable.<init>(Ljava/lang/String;Ljava/lang/Throwable;)V @ 24
Event: 13.284 Thread 0x0000000017581800 Uncommon trap: reason=unstable_if action=reinterpret pc=0x000000000317e450 method=java.io.WinNTFileSystem.normalize(Ljava/lang/String;)Ljava/lang/String; @ 74
Event: 13.284 Thread 0x0000000017581800 Uncommon trap: reason=unstable_if action=reinterpret pc=0x0000000002db3f1c method=java.io.WinNTFileSystem.normalize(Ljava/lang/String;II)Ljava/lang/String; @ 103

Classes redefined (0 events):
No events

Internal exceptions (10 events):
Event: 13.185 Thread 0x0000000017581800 Exception <a 'java/lang/ClassNotFoundException': org/gradle/plugins/ide/idea/model/IdeaProject_DecoratedBeanInfo> (0x00000000f70172d0) thrown at [C:\src\AOSP-openjdk-git\hotspot\src\share\vm\classfile\systemDictionary.cpp, line 210]
Event: 13.185 Thread 0x0000000017581800 Exception <a 'java/lang/ClassNotFoundException': org/gradle/plugins/ide/idea/model/IdeaProjectBeanInfo> (0x00000000f70426e0) thrown at [C:\src\AOSP-openjdk-git\hotspot\src\share\vm\classfile\systemDictionary.cpp, line 210]
Event: 13.186 Thread 0x0000000017581800 Exception <a 'java/lang/ClassNotFoundException': org/gradle/plugins/ide/idea/model/IdeaProjectCustomizer> (0x00000000f706e5f0) thrown at [C:\src\AOSP-openjdk-git\hotspot\src\share\vm\classfile\systemDictionary.cpp, line 210]
Event: 13.187 Thread 0x0000000017581800 Exception <a 'java/lang/ClassNotFoundException': org/gradle/plugins/ide/idea/model/IdeaProject_DecoratedCustomizer> (0x00000000f70cd7d0) thrown at [C:\src\AOSP-openjdk-git\hotspot\src\share\vm\classfile\systemDictionary.cpp, line 210]
Event: 13.191 Thread 0x0000000017581800 Exception <a 'java/lang/ClassNotFoundException': org/gradle/plugins/ide/idea/model/IdeaModule_DecoratedBeanInfo> (0x00000000f71b01e0) thrown at [C:\src\AOSP-openjdk-git\hotspot\src\share\vm\classfile\systemDictionary.cpp, line 210]
Event: 13.191 Thread 0x0000000017581800 Exception <a 'java/lang/ClassNotFoundException': org/gradle/plugins/ide/idea/model/IdeaModuleBeanInfo> (0x00000000f71daa00) thrown at [C:\src\AOSP-openjdk-git\hotspot\src\share\vm\classfile\systemDictionary.cpp, line 210]
Event: 13.191 Thread 0x0000000017581800 Exception <a 'java/lang/ClassNotFoundException': org/gradle/plugins/ide/idea/model/IdeaModuleCustomizer> (0x00000000f7205d90) thrown at [C:\src\AOSP-openjdk-git\hotspot\src\share\vm\classfile\systemDictionary.cpp, line 210]
Event: 13.193 Thread 0x0000000017581800 Exception <a 'java/lang/ClassNotFoundException': org/gradle/plugins/ide/idea/model/IdeaModule_DecoratedCustomizer> (0x00000000f72ad2f0) thrown at [C:\src\AOSP-openjdk-git\hotspot\src\share\vm\classfile\systemDictionary.cpp, line 210]
Event: 13.202 Thread 0x0000000017581800 Exception <a 'java/lang/NoSuchMethodError': <clinit>> (0x00000000f7435dc8) thrown at [C:\src\AOSP-openjdk-git\hotspot\src\share\vm\prims\jni.cpp, line 1615]
Event: 13.255 Thread 0x0000000017581800 Exception <a 'java/lang/NoSuchMethodError': java.lang.Object.lambda$identity$2(Ljava/lang/Object;)Ljava/lang/Object;> (0x00000000f797e820) thrown at [C:\src\AOSP-openjdk-git\hotspot\src\share\vm\interpreter\linkResolver.cpp, line 620]

Events (10 events):
Event: 13.290 loading class com/android/build/gradle/internal/scope/VariantScope
Event: 13.290 loading class com/android/build/gradle/internal/scope/VariantScope done
Event: 13.290 loading class com/android/builder/core/VariantType$Companion
Event: 13.290 loading class com/android/builder/core/VariantType$Companion done
Event: 13.298 loading class com/android/build/gradle/tasks/LintFixTask$GlobalCreationAction
Event: 13.298 loading class com/android/build/gradle/tasks/LintFixTask$GlobalCreationAction done
Event: 13.299 loading class com/android/build/gradle/tasks/LintFixTask$GlobalCreationAction$configure$1
Event: 13.299 loading class com/android/build/gradle/tasks/LintFixTask$GlobalCreationAction$configure$1 done
Event: 13.300 loading class kotlin/sequences/Sequence
Event: 13.300 loading class kotlin/sequences/Sequence done


Dynamic libraries:
0x00007ff74db80000 - 0x00007ff74dbb1000 	C:\Program Files\Android\Android Studio\jre\bin\java.exe
0x00007ffa79da0000 - 0x00007ffa79f8d000 	C:\Windows\SYSTEM32\ntdll.dll
0x00007ffa77050000 - 0x00007ffa77103000 	C:\Windows\System32\KERNEL32.DLL
0x00007ffa75e90000 - 0x00007ffa76125000 	C:\Windows\System32\KERNELBASE.dll
0x00007ffa77c90000 - 0x00007ffa77d33000 	C:\Windows\System32\ADVAPI32.dll
0x00007ffa77e60000 - 0x00007ffa77efe000 	C:\Windows\System32\msvcrt.dll
0x00007ffa77280000 - 0x00007ffa7731e000 	C:\Windows\System32\sechost.dll
0x00007ffa79b70000 - 0x00007ffa79c92000 	C:\Windows\System32\RPCRT4.dll
0x00007ffa798f0000 - 0x00007ffa79a87000 	C:\Windows\System32\USER32.dll
0x00007ffa76f20000 - 0x00007ffa76f40000 	C:\Windows\System32\win32u.dll
0x00007ffa77e30000 - 0x00007ffa77e59000 	C:\Windows\System32\GDI32.dll
0x00007ffa761a0000 - 0x00007ffa7633a000 	C:\Windows\System32\gdi32full.dll
0x00007ffa765d0000 - 0x00007ffa76670000 	C:\Windows\System32\msvcp_win.dll
0x00007ffa766d0000 - 0x00007ffa767ca000 	C:\Windows\System32\ucrtbase.dll
0x00007ffa67ad0000 - 0x00007ffa67d49000 	C:\Windows\WinSxS\amd64_microsoft.windows.common-controls_6595b64144ccf1df_6.0.17763.1282_none_de75b6f253473c0f\COMCTL32.dll
0x00007ffa77320000 - 0x00007ffa7764c000 	C:\Windows\System32\combase.dll
0x00007ffa76f40000 - 0x00007ffa76fbe000 	C:\Windows\System32\bcryptPrimitives.dll
0x00007ffa77d40000 - 0x00007ffa77d6e000 	C:\Windows\System32\IMM32.DLL
0x0000000072fc0000 - 0x0000000073092000 	C:\Program Files\Android\Android Studio\jre\jre\bin\msvcr100.dll
0x00000000730a0000 - 0x00000000738eb000 	C:\Program Files\Android\Android Studio\jre\jre\bin\server\jvm.dll
0x00007ffa77aa0000 - 0x00007ffa77aa8000 	C:\Windows\System32\PSAPI.DLL
0x00007ffa73f10000 - 0x00007ffa73f34000 	C:\Windows\SYSTEM32\WINMM.dll
0x00007ffa622a0000 - 0x00007ffa622a9000 	C:\Windows\SYSTEM32\WSOCK32.dll
0x00007ffa6b130000 - 0x00007ffa6b13a000 	C:\Windows\SYSTEM32\VERSION.dll
0x00007ffa79880000 - 0x00007ffa798ed000 	C:\Windows\System32\WS2_32.dll
0x00007ffa73e80000 - 0x00007ffa73ead000 	C:\Windows\SYSTEM32\winmmbase.dll
0x00007ffa76130000 - 0x00007ffa7617a000 	C:\Windows\System32\cfgmgr32.dll
0x00007ffa71b90000 - 0x00007ffa71b9f000 	C:\Program Files\Android\Android Studio\jre\jre\bin\verify.dll
0x00007ffa66e50000 - 0x00007ffa66e79000 	C:\Program Files\Android\Android Studio\jre\jre\bin\java.dll
0x00007ffa6eeb0000 - 0x00007ffa6eec6000 	C:\Program Files\Android\Android Studio\jre\jre\bin\zip.dll
0x00007ffa78380000 - 0x00007ffa79878000 	C:\Windows\System32\SHELL32.dll
0x00007ffa77be0000 - 0x00007ffa77c88000 	C:\Windows\System32\shcore.dll
0x00007ffa767d0000 - 0x00007ffa76f1f000 	C:\Windows\System32\windows.storage.dll
0x00007ffa75dd0000 - 0x00007ffa75df4000 	C:\Windows\System32\profapi.dll
0x00007ffa75e00000 - 0x00007ffa75e5d000 	C:\Windows\System32\powrprof.dll
0x00007ffa76fd0000 - 0x00007ffa77022000 	C:\Windows\System32\shlwapi.dll
0x00007ffa75d90000 - 0x00007ffa75da1000 	C:\Windows\System32\kernel.appcore.dll
0x00007ffa76180000 - 0x00007ffa76197000 	C:\Windows\System32\cryptsp.dll
0x00007ffa66d30000 - 0x00007ffa66d4a000 	C:\Program Files\Android\Android Studio\jre\jre\bin\net.dll
0x00007ffa755f0000 - 0x00007ffa75657000 	C:\Windows\system32\mswsock.dll
0x00007ffa66d10000 - 0x00007ffa66d23000 	C:\Program Files\Android\Android Studio\jre\jre\bin\nio.dll
0x00007ffa5f9f0000 - 0x00007ffa5fa16000 	C:\Users\WIN\.gradle\native\31\windows-amd64\native-platform.dll
0x00007ffa71b20000 - 0x00007ffa71b2d000 	C:\Program Files\Android\Android Studio\jre\jre\bin\management.dll
0x00007ffa75110000 - 0x00007ffa75143000 	C:\Windows\system32\rsaenh.dll
0x00007ffa75e60000 - 0x00007ffa75e86000 	C:\Windows\System32\bcrypt.dll
0x00007ffa75cc0000 - 0x00007ffa75ce8000 	C:\Windows\SYSTEM32\USERENV.dll
0x00007ffa757c0000 - 0x00007ffa757cc000 	C:\Windows\SYSTEM32\CRYPTBASE.dll
0x00007ffa752b0000 - 0x00007ffa752ed000 	C:\Windows\SYSTEM32\IPHLPAPI.DLL
0x00007ffa77e20000 - 0x00007ffa77e28000 	C:\Windows\System32\NSI.dll
0x00007ffa6b360000 - 0x00007ffa6b376000 	C:\Windows\SYSTEM32\dhcpcsvc6.DLL
0x00007ffa6bdf0000 - 0x00007ffa6be0c000 	C:\Windows\SYSTEM32\dhcpcsvc.DLL
0x00007ffa752f0000 - 0x00007ffa753b7000 	C:\Windows\SYSTEM32\DNSAPI.dll

VM Arguments:
jvm_args: -XX:MaxMetaspaceSize=256m -XX:+HeapDumpOnOutOfMemoryError -Xms256m -Xmx512m -Dfile.encoding=windows-1252 -Duser.country=IN -Duser.language=en -Duser.variant 
java_command: org.gradle.launcher.daemon.bootstrap.GradleDaemon 6.1.1
java_class_path (initial): C:\Users\WIN\.gradle\wrapper\dists\gradle-6.1.1-all\cfmwm155h49vnt3hynmlrsdst\gradle-6.1.1\lib\gradle-launcher-6.1.1.jar
Launcher Type: SUN_STANDARD

Environment Variables:
PATH=C:\Windows\system32;C:\Windows;C:\Windows\System32\Wbem;C:\Windows\System32\WindowsPowerShell\v1.0\;C:\Windows\System32\OpenSSH\;C:\Program Files\Git\cmd;C:\Program Files\nodejs\;C:\Users\WIN\AppData\Local\Microsoft\WindowsApps;;C:\Users\WIN\AppData\Local\Programs\Microsoft VS Code\bin;C:\Users\WIN\AppData\Roaming\npm
USERNAME=WIN
OS=Windows_NT
PROCESSOR_IDENTIFIER=Intel64 Family 6 Model 78 Stepping 3, GenuineIntel



---------------  S Y S T E M  ---------------

OS: Windows 10.0 , 64 bit Build 17763 (10.0.17763.1158)

CPU:total 4 (initial active 4) (2 cores per cpu, 2 threads per core) family 6 model 78 stepping 3, cmov, cx8, fxsr, mmx, sse, sse2, sse3, ssse3, sse4.1, sse4.2, popcnt, avx, avx2, aes, clmul, erms, rtm, 3dnowpref, lzcnt, ht, tsc, tscinvbit, bmi1, bmi2, adx

Memory: 4k page, physical 8277836k(1639892k free), swap 30177224k(5928k free)

vm_info: OpenJDK 64-Bit Server VM (25.242-b01) for windows-amd64 JRE (1.8.0_242-release-1644-b01), built by "builder" with MS VC++ 10.0 (VS2010)

time: Mon Jan 04 14:16:28 2021
timezone: India Standard Time
elapsed time: 13 seconds (0d 0h 0m 13s)

