#
# There is insufficient memory for the Java Runtime Environment to continue.
# Native memory allocation (malloc) failed to allocate 1387136 bytes for Chunk::new
# Possible reasons:
#   The system is out of physical RAM or swap space
#   The process is running with CompressedOops enabled, and the Java Heap may be blocking the growth of the native heap
# Possible solutions:
#   Reduce memory load on the system
#   Increase physical memory or swap space
#   Check if swap backing store is full
#   Decrease Java heap size (-Xmx/-Xms)
#   Decrease number of Java threads
#   Decrease Java thread stack sizes (-Xss)
#   Set larger code cache with -XX:ReservedCodeCacheSize=
#   JVM is running with Unscaled Compressed Oops mode in which the Java heap is
#     placed in the first 4GB address space. The Java Heap base address is the
#     maximum limit for the native heap growth. Please use -XX:HeapBaseMinAddress
#     to set the Java Heap base and to place the Java Heap above 4GB virtual address.
# This output file may be truncated or incomplete.
#
#  Out of Memory Error (allocation.cpp:389), pid=38168, tid=0x00000000000077b4
#
# JRE version: OpenJDK Runtime Environment (8.0_242-b01) (build 1.8.0_242-release-1644-b01)
# Java VM: OpenJDK 64-Bit Server VM (25.242-b01 mixed mode windows-amd64 compressed oops)
# Failed to write core dump. Minidumps are not enabled by default on client versions of Windows
#

---------------  T H R E A D  ---------------

Current thread (0x0000000013f73000):  JavaThread "C2 CompilerThread0" daemon [_thread_in_native, id=30644, stack(0x00000000155c0000,0x00000000156c0000)]

Stack: [0x00000000155c0000,0x00000000156c0000]
[error occurred during error reporting (printing stack bounds), id 0xc0000005]

Native frames: (J=compiled Java code, j=interpreted, Vv=VM code, C=native code)


Current CompileTask:
C2:   4692 2633       4       groovy.lang.MetaClassImpl$1MOPIter::methodNameAction (325 bytes)


---------------  P R O C E S S  ---------------

Java Threads: ( => current thread )
  0x0000000017e3d800 JavaThread "Cache worker for execution history cache (C:\Users\WIN\.gradle\caches\6.1.1\executionHistory)" [_thread_blocked, id=29680, stack(0x000000001d9c0000,0x000000001dac0000)]
  0x0000000017e40800 JavaThread "Cache worker for cache directory md-rule (C:\Users\WIN\.gradle\caches\6.1.1\md-rule)" [_thread_blocked, id=32072, stack(0x000000001d8c0000,0x000000001d9c0000)]
  0x0000000017e3c800 JavaThread "Cache worker for cache directory md-supplier (C:\Users\WIN\.gradle\caches\6.1.1\md-supplier)" [_thread_blocked, id=2732, stack(0x000000001c720000,0x000000001c820000)]
  0x0000000017e3e000 JavaThread "Cache worker for file hash cache (C:\Apps\parosmoniFrontApp\.gradle\6.1.1\fileHashes)" [_thread_blocked, id=14956, stack(0x000000001c420000,0x000000001c520000)]
  0x0000000017e3c000 JavaThread "Cache worker for checksums cache (C:\Apps\parosmoniFrontApp\.gradle\checksums)" [_thread_blocked, id=38496, stack(0x000000001c320000,0x000000001c420000)]
  0x0000000017e42000 JavaThread "Cache worker for file hash cache (C:\Users\WIN\.gradle\caches\6.1.1\fileHashes)" [_thread_blocked, id=21112, stack(0x0000000019ce0000,0x0000000019de0000)]
  0x0000000017e3f800 JavaThread "File lock request listener" [_thread_in_native, id=19092, stack(0x0000000019be0000,0x0000000019ce0000)]
  0x0000000017ab9000 JavaThread "Cache worker for journal cache (C:\Users\WIN\.gradle\caches\journal-1)" [_thread_blocked, id=40036, stack(0x0000000019ae0000,0x0000000019be0000)]
  0x0000000017a4d800 JavaThread "Thread-9" [_thread_blocked, id=35604, stack(0x00000000197e0000,0x00000000198e0000)]
  0x0000000017b1d800 JavaThread "Stdin handler" [_thread_blocked, id=40388, stack(0x00000000196e0000,0x00000000197e0000)]
  0x0000000017b25800 JavaThread "Asynchronous log dispatcher for DefaultDaemonConnection: socket connection from /127.0.0.1:56659 to /127.0.0.1:56660" [_thread_blocked, id=39700, stack(0x00000000195e0000,0x00000000196e0000)]
  0x0000000017a55800 JavaThread "Daemon worker" [_thread_in_vm, id=38632, stack(0x00000000194e0000,0x00000000195e0000)]
  0x0000000017a54800 JavaThread "Cancel handler" [_thread_blocked, id=34876, stack(0x00000000193e0000,0x00000000194e0000)]
  0x000000001768b000 JavaThread "Handler for socket connection from /127.0.0.1:56659 to /127.0.0.1:56660" [_thread_in_native, id=31496, stack(0x00000000190e0000,0x00000000191e0000)]
  0x0000000017a27800 JavaThread "Daemon" [_thread_blocked, id=25568, stack(0x0000000018fe0000,0x00000000190e0000)]
  0x0000000017934000 JavaThread "Daemon periodic checks" [_thread_blocked, id=32744, stack(0x0000000018ee0000,0x0000000018fe0000)]
  0x0000000017932000 JavaThread "Incoming local TCP Connector on port 56659" [_thread_in_native, id=28156, stack(0x0000000018ca0000,0x0000000018da0000)]
  0x00000000178ec000 JavaThread "Daemon health stats" [_thread_blocked, id=17988, stack(0x0000000018660000,0x0000000018760000)]
  0x00000000158e8800 JavaThread "Service Thread" daemon [_thread_blocked, id=31120, stack(0x0000000015cc0000,0x0000000015dc0000)]
  0x0000000013f8a000 JavaThread "C1 CompilerThread2" daemon [_thread_blocked, id=21012, stack(0x00000000157c0000,0x00000000158c0000)]
  0x0000000013f7a000 JavaThread "C2 CompilerThread1" daemon [_thread_in_native, id=13620, stack(0x00000000156c0000,0x00000000157c0000)]
=>0x0000000013f73000 JavaThread "C2 CompilerThread0" daemon [_thread_in_native, id=30644, stack(0x00000000155c0000,0x00000000156c0000)]
  0x0000000013f71800 JavaThread "Attach Listener" daemon [_thread_blocked, id=35180, stack(0x00000000154c0000,0x00000000155c0000)]
  0x0000000013f70000 JavaThread "Signal Dispatcher" daemon [_thread_blocked, id=39600, stack(0x00000000153c0000,0x00000000154c0000)]
  0x0000000002b4b000 JavaThread "Finalizer" daemon [_thread_blocked, id=31224, stack(0x00000000151c0000,0x00000000152c0000)]
  0x0000000013f59000 JavaThread "Reference Handler" daemon [_thread_blocked, id=5924, stack(0x00000000150c0000,0x00000000151c0000)]
  0x000000000294d800 JavaThread "main" [_thread_blocked, id=35808, stack(0x0000000002950000,0x0000000002a50000)]

Other Threads:
  0x0000000013f36800 VMThread [stack: 0x0000000014fc0000,0x00000000150c0000] [id=30144]
  0x00000000158e9000 WatcherThread [stack: 0x0000000015dc0000,0x0000000015ec0000] [id=32520]

VM state:not at safepoint (normal execution)

VM Mutex/Monitor currently owned by a thread: None

heap address: 0x00000000e0000000, size: 512 MB, Compressed Oops mode: 32-bit
Narrow klass base: 0x0000000000000000, Narrow klass shift: 3
Compressed class space size: 1073741824 Address: 0x0000000100000000

Heap:
 PSYoungGen      total 76288K, used 50412K [0x00000000f5580000, 0x00000000faa80000, 0x0000000100000000)
  eden space 65536K, 64% used [0x00000000f5580000,0x00000000f7e969f0,0x00000000f9580000)
  from space 10752K, 77% used [0x00000000fa000000,0x00000000fa824690,0x00000000faa80000)
  to   space 10752K, 0% used [0x00000000f9580000,0x00000000f9580000,0x00000000fa000000)
 ParOldGen       total 175104K, used 7520K [0x00000000e0000000, 0x00000000eab00000, 0x00000000f5580000)
  object space 175104K, 4% used [0x00000000e0000000,0x00000000e0758390,0x00000000eab00000)
 Metaspace       used 34418K, capacity 35382K, committed 35496K, reserved 1079296K
  class space    used 4684K, capacity 4942K, committed 5032K, reserved 1048576K

Card table byte_map: [0x0000000011f10000,0x0000000012020000] byte_map_base: 0x0000000011810000

Marking Bits: (ParMarkBitMap*) 0x000000007386f030
 Begin Bits: [0x00000000124d0000, 0x0000000012cd0000)
 End Bits:   [0x0000000012cd0000, 0x00000000134d0000)

Polling page: 0x00000000027c0000

CodeCache: size=245760Kb used=10735Kb max_used=10735Kb free=235024Kb
 bounds [0x0000000002b50000, 0x00000000035e0000, 0x0000000011b50000]
 total_blobs=3522 nmethods=2830 adapters=605
 compilation: enabled

Compilation events (10 events):
Event: 4.674 Thread 0x0000000013f8a000 2844       3       org.codehaus.groovy.runtime.metaclass.MetaMethodIndex::getMethods (82 bytes)
Event: 4.674 Thread 0x0000000013f8a000 nmethod 2844 0x00000000035cadd0 code [0x00000000035caf80, 0x00000000035cb628]
Event: 4.674 Thread 0x0000000013f8a000 2845       3       java.lang.Class$MethodArray::addInterfaceMethods (44 bytes)
Event: 4.675 Thread 0x0000000013f8a000 nmethod 2845 0x00000000035cb910 code [0x00000000035cbaa0, 0x00000000035cbea8]
Event: 4.675 Thread 0x0000000013f8a000 2846       3       groovy.lang.MetaClassImpl::findMethod (130 bytes)
Event: 4.676 Thread 0x0000000013f8a000 nmethod 2846 0x00000000035cc050 code [0x00000000035cc2c0, 0x00000000035cd518]
Event: 4.676 Thread 0x0000000013f8a000 2847       3       groovy.lang.MetaMethod::equal (38 bytes)
Event: 4.677 Thread 0x0000000013f8a000 nmethod 2847 0x00000000035cdc10 code [0x00000000035cdd80, 0x00000000035ce030]
Event: 4.681 Thread 0x0000000013f8a000 2848       3       sun.misc.ProxyGenerator::addProxyMethod (234 bytes)
Event: 4.683 Thread 0x0000000013f8a000 nmethod 2848 0x00000000035ce150 code [0x00000000035ce4a0, 0x00000000035d0128]

GC Heap History (10 events):
Event: 2.854 GC heap before
{Heap before GC invocations=3 (full 0):
 PSYoungGen      total 76288K, used 74598K [0x00000000f5580000, 0x00000000faa80000, 0x0000000100000000)
  eden space 65536K, 100% used [0x00000000f5580000,0x00000000f9580000,0x00000000f9580000)
  from space 10752K, 84% used [0x00000000fa000000,0x00000000fa8d9b70,0x00000000faa80000)
  to   space 10752K, 0% used [0x00000000f9580000,0x00000000f9580000,0x00000000fa000000)
 ParOldGen       total 175104K, used 24K [0x00000000e0000000, 0x00000000eab00000, 0x00000000f5580000)
  object space 175104K, 0% used [0x00000000e0000000,0x00000000e0006000,0x00000000eab00000)
 Metaspace       used 20141K, capacity 20756K, committed 20992K, reserved 1067008K
  class space    used 2819K, capacity 3016K, committed 3072K, reserved 1048576K
Event: 2.869 GC heap after
Heap after GC invocations=3 (full 0):
 PSYoungGen      total 76288K, used 10749K [0x00000000f5580000, 0x00000000faa80000, 0x0000000100000000)
  eden space 65536K, 0% used [0x00000000f5580000,0x00000000f5580000,0x00000000f9580000)
  from space 10752K, 99% used [0x00000000f9580000,0x00000000f9fff758,0x00000000fa000000)
  to   space 10752K, 0% used [0x00000000fa000000,0x00000000fa000000,0x00000000faa80000)
 ParOldGen       total 175104K, used 1192K [0x00000000e0000000, 0x00000000eab00000, 0x00000000f5580000)
  object space 175104K, 0% used [0x00000000e0000000,0x00000000e012a3e8,0x00000000eab00000)
 Metaspace       used 20141K, capacity 20756K, committed 20992K, reserved 1067008K
  class space    used 2819K, capacity 3016K, committed 3072K, reserved 1048576K
}
Event: 2.948 GC heap before
{Heap before GC invocations=4 (full 0):
 PSYoungGen      total 76288K, used 18417K [0x00000000f5580000, 0x00000000faa80000, 0x0000000100000000)
  eden space 65536K, 11% used [0x00000000f5580000,0x00000000f5cfcf88,0x00000000f9580000)
  from space 10752K, 99% used [0x00000000f9580000,0x00000000f9fff758,0x00000000fa000000)
  to   space 10752K, 0% used [0x00000000fa000000,0x00000000fa000000,0x00000000faa80000)
 ParOldGen       total 175104K, used 1192K [0x00000000e0000000, 0x00000000eab00000, 0x00000000f5580000)
  object space 175104K, 0% used [0x00000000e0000000,0x00000000e012a3e8,0x00000000eab00000)
 Metaspace       used 20581K, capacity 21218K, committed 21296K, reserved 1067008K
  class space    used 2888K, capacity 3093K, committed 3120K, reserved 1048576K
Event: 2.956 GC heap after
Heap after GC invocations=4 (full 0):
 PSYoungGen      total 76288K, used 7639K [0x00000000f5580000, 0x00000000faa80000, 0x0000000100000000)
  eden space 65536K, 0% used [0x00000000f5580000,0x00000000f5580000,0x00000000f9580000)
  from space 10752K, 71% used [0x00000000fa000000,0x00000000fa775ea8,0x00000000faa80000)
  to   space 10752K, 0% used [0x00000000f9580000,0x00000000f9580000,0x00000000fa000000)
 ParOldGen       total 175104K, used 1200K [0x00000000e0000000, 0x00000000eab00000, 0x00000000f5580000)
  object space 175104K, 0% used [0x00000000e0000000,0x00000000e012c3e8,0x00000000eab00000)
 Metaspace       used 20581K, capacity 21218K, committed 21296K, reserved 1067008K
  class space    used 2888K, capacity 3093K, committed 3120K, reserved 1048576K
}
Event: 2.956 GC heap before
{Heap before GC invocations=5 (full 1):
 PSYoungGen      total 76288K, used 7639K [0x00000000f5580000, 0x00000000faa80000, 0x0000000100000000)
  eden space 65536K, 0% used [0x00000000f5580000,0x00000000f5580000,0x00000000f9580000)
  from space 10752K, 71% used [0x00000000fa000000,0x00000000fa775ea8,0x00000000faa80000)
  to   space 10752K, 0% used [0x00000000f9580000,0x00000000f9580000,0x00000000fa000000)
 ParOldGen       total 175104K, used 1200K [0x00000000e0000000, 0x00000000eab00000, 0x00000000f5580000)
  object space 175104K, 0% used [0x00000000e0000000,0x00000000e012c3e8,0x00000000eab00000)
 Metaspace       used 20581K, capacity 21218K, committed 21296K, reserved 1067008K
  class space    used 2888K, capacity 3093K, committed 3120K, reserved 1048576K
Event: 3.003 GC heap after
Heap after GC invocations=5 (full 1):
 PSYoungGen      total 76288K, used 0K [0x00000000f5580000, 0x00000000faa80000, 0x0000000100000000)
  eden space 65536K, 0% used [0x00000000f5580000,0x00000000f5580000,0x00000000f9580000)
  from space 10752K, 0% used [0x00000000fa000000,0x00000000fa000000,0x00000000faa80000)
  to   space 10752K, 0% used [0x00000000f9580000,0x00000000f9580000,0x00000000fa000000)
 ParOldGen       total 175104K, used 7504K [0x00000000e0000000, 0x00000000eab00000, 0x00000000f5580000)
  object space 175104K, 4% used [0x00000000e0000000,0x00000000e0754390,0x00000000eab00000)
 Metaspace       used 20581K, capacity 21218K, committed 21296K, reserved 1067008K
  class space    used 2888K, capacity 3093K, committed 3120K, reserved 1048576K
}
Event: 3.662 GC heap before
{Heap before GC invocations=6 (full 1):
 PSYoungGen      total 76288K, used 65536K [0x00000000f5580000, 0x00000000faa80000, 0x0000000100000000)
  eden space 65536K, 100% used [0x00000000f5580000,0x00000000f9580000,0x00000000f9580000)
  from space 10752K, 0% used [0x00000000fa000000,0x00000000fa000000,0x00000000faa80000)
  to   space 10752K, 0% used [0x00000000f9580000,0x00000000f9580000,0x00000000fa000000)
 ParOldGen       total 175104K, used 7504K [0x00000000e0000000, 0x00000000eab00000, 0x00000000f5580000)
  object space 175104K, 4% used [0x00000000e0000000,0x00000000e0754390,0x00000000eab00000)
 Metaspace       used 28052K, capacity 28804K, committed 28976K, reserved 1075200K
  class space    used 3867K, capacity 4103K, committed 4144K, reserved 1048576K
Event: 3.668 GC heap after
Heap after GC invocations=6 (full 1):
 PSYoungGen      total 76288K, used 7840K [0x00000000f5580000, 0x00000000faa80000, 0x0000000100000000)
  eden space 65536K, 0% used [0x00000000f5580000,0x00000000f5580000,0x00000000f9580000)
  from space 10752K, 72% used [0x00000000f9580000,0x00000000f9d283f0,0x00000000fa000000)
  to   space 10752K, 0% used [0x00000000fa000000,0x00000000fa000000,0x00000000faa80000)
 ParOldGen       total 175104K, used 7512K [0x00000000e0000000, 0x00000000eab00000, 0x00000000f5580000)
  object space 175104K, 4% used [0x00000000e0000000,0x00000000e0756390,0x00000000eab00000)
 Metaspace       used 28052K, capacity 28804K, committed 28976K, reserved 1075200K
  class space    used 3867K, capacity 4103K, committed 4144K, reserved 1048576K
}
Event: 4.280 GC heap before
{Heap before GC invocations=7 (full 1):
 PSYoungGen      total 76288K, used 73376K [0x00000000f5580000, 0x00000000faa80000, 0x0000000100000000)
  eden space 65536K, 100% used [0x00000000f5580000,0x00000000f9580000,0x00000000f9580000)
  from space 10752K, 72% used [0x00000000f9580000,0x00000000f9d283f0,0x00000000fa000000)
  to   space 10752K, 0% used [0x00000000fa000000,0x00000000fa000000,0x00000000faa80000)
 ParOldGen       total 175104K, used 7512K [0x00000000e0000000, 0x00000000eab00000, 0x00000000f5580000)
  object space 175104K, 4% used [0x00000000e0000000,0x00000000e0756390,0x00000000eab00000)
 Metaspace       used 32169K, capacity 33150K, committed 33328K, reserved 1077248K
  class space    used 4363K, capacity 4632K, committed 4656K, reserved 1048576K
Event: 4.290 GC heap after
Heap after GC invocations=7 (full 1):
 PSYoungGen      total 76288K, used 8337K [0x00000000f5580000, 0x00000000faa80000, 0x0000000100000000)
  eden space 65536K, 0% used [0x00000000f5580000,0x00000000f5580000,0x00000000f9580000)
  from space 10752K, 77% used [0x00000000fa000000,0x00000000fa824690,0x00000000faa80000)
  to   space 10752K, 0% used [0x00000000f9580000,0x00000000f9580000,0x00000000fa000000)
 ParOldGen       total 175104K, used 7520K [0x00000000e0000000, 0x00000000eab00000, 0x00000000f5580000)
  object space 175104K, 4% used [0x00000000e0000000,0x00000000e0758390,0x00000000eab00000)
 Metaspace       used 32169K, capacity 33150K, committed 33328K, reserved 1077248K
  class space    used 4363K, capacity 4632K, committed 4656K, reserved 1048576K
}

Deoptimization events (10 events):
Event: 3.390 Thread 0x0000000017a55800 Uncommon trap: reason=unstable_if action=reinterpret pc=0x00000000031da70c method=java.lang.ClassLoader.getClassLoadingLock(Ljava/lang/String;)Ljava/lang/Object; @ 6
Event: 3.659 Thread 0x0000000017a55800 Uncommon trap: reason=unstable_if action=reinterpret pc=0x000000000308562c method=java.lang.String.regionMatches(ZILjava/lang/String;II)Z @ 41
Event: 4.258 Thread 0x0000000017a55800 Uncommon trap: reason=unstable_if action=reinterpret pc=0x00000000033ff4a0 method=sun.misc.URLClassPath$JarLoader.getResource(Ljava/lang/String;ZLjava/util/Set;)Lsun/misc/Resource; @ 17
Event: 4.291 Thread 0x0000000013f59000 Uncommon trap: reason=unstable_if action=reinterpret pc=0x00000000032de17c method=java.lang.ref.Reference.tryHandlePending(Z)Z @ 104
Event: 4.430 Thread 0x0000000017a55800 Uncommon trap: reason=unstable_if action=reinterpret pc=0x0000000003530a5c method=org.codehaus.groovy.runtime.metaclass.MetaMethodIndex.addMethodToList(Ljava/lang/Object;Lgroovy/lang/MetaMethod;)Ljava/lang/Object; @ 226
Event: 4.453 Thread 0x0000000017a55800 Uncommon trap: reason=unstable_if action=reinterpret pc=0x00000000031ef558 method=java.util.HashMap.putVal(ILjava/lang/Object;Ljava/lang/Object;ZZ)Ljava/lang/Object; @ 162
Event: 4.455 Thread 0x0000000017a55800 Uncommon trap: reason=range_check action=make_not_entrant pc=0x00000000034b0998 method=java.lang.String.charAt(I)C @ 27
Event: 4.612 Thread 0x0000000017a55800 Uncommon trap: reason=unstable_if action=reinterpret pc=0x0000000002db9d44 method=java.util.HashMap.getNode(ILjava/lang/Object;)Ljava/util/HashMap$Node; @ 53
Event: 4.612 Thread 0x0000000017a55800 Uncommon trap: reason=unstable_if action=reinterpret pc=0x0000000003009db8 method=java.util.HashMap.hash(Ljava/lang/Object;)I @ 1
Event: 4.658 Thread 0x0000000017a55800 Uncommon trap: reason=bimorphic action=maybe_recompile pc=0x00000000034d08e4 method=java.util.AbstractCollection.addAll(Ljava/util/Collection;)Z @ 29

Classes redefined (0 events):
No events

Internal exceptions (10 events):
Event: 4.473 Thread 0x0000000017a55800 Exception <a 'java/lang/ClassNotFoundException': settings_2z0ipi44u7jixmsliltaojolnCustomizer> (0x00000000f6755e28) thrown at [C:\src\AOSP-openjdk-git\hotspot\src\share\vm\classfile\systemDictionary.cpp, line 210]
Event: 4.479 Thread 0x0000000017a55800 Exception <a 'java/lang/ClassNotFoundException': org/gradle/initialization/DefaultSettings_DecoratedBeanInfo> (0x00000000f67f4d30) thrown at [C:\src\AOSP-openjdk-git\hotspot\src\share\vm\classfile\systemDictionary.cpp, line 210]
Event: 4.480 Thread 0x0000000017a55800 Exception <a 'java/lang/ClassNotFoundException': org/gradle/initialization/DefaultSettingsBeanInfo> (0x00000000f68207b8) thrown at [C:\src\AOSP-openjdk-git\hotspot\src\share\vm\classfile\systemDictionary.cpp, line 210]
Event: 4.480 Thread 0x0000000017a55800 Exception <a 'java/lang/ClassNotFoundException': org/gradle/initialization/DefaultSettingsCustomizer> (0x00000000f684e600) thrown at [C:\src\AOSP-openjdk-git\hotspot\src\share\vm\classfile\systemDictionary.cpp, line 210]
Event: 4.483 Thread 0x0000000017a55800 Exception <a 'java/lang/ClassNotFoundException': org/gradle/initialization/DefaultSettings_DecoratedCustomizer> (0x00000000f68bd078) thrown at [C:\src\AOSP-openjdk-git\hotspot\src\share\vm\classfile\systemDictionary.cpp, line 210]
Event: 4.612 Thread 0x0000000017a55800 Implicit null exception at 0x000000000300995b to 0x0000000003009d9d
Event: 4.663 Thread 0x0000000017a55800 Exception <a 'java/lang/ClassNotFoundException': org/gradle/api/internal/project/DefaultProject_DecoratedBeanInfo> (0x00000000f7aa0488) thrown at [C:\src\AOSP-openjdk-git\hotspot\src\share\vm\classfile\systemDictionary.cpp, line 210]
Event: 4.664 Thread 0x0000000017a55800 Exception <a 'java/lang/ClassNotFoundException': org/gradle/api/internal/project/DefaultProjectBeanInfo> (0x00000000f7abbe38) thrown at [C:\src\AOSP-openjdk-git\hotspot\src\share\vm\classfile\systemDictionary.cpp, line 210]
Event: 4.664 Thread 0x0000000017a55800 Exception <a 'java/lang/ClassNotFoundException': org/gradle/api/internal/project/DefaultProjectCustomizer> (0x00000000f7ad83b8) thrown at [C:\src\AOSP-openjdk-git\hotspot\src\share\vm\classfile\systemDictionary.cpp, line 210]
Event: 4.668 Thread 0x0000000017a55800 Exception <a 'java/lang/ClassNotFoundException': org/gradle/api/internal/project/DefaultProject_DecoratedCustomizer> (0x00000000f7bc8628) thrown at [C:\src\AOSP-openjdk-git\hotspot\src\share\vm\classfile\systemDictionary.cpp, line 210]

Events (10 events):
Event: 4.688 loading class org/gradle/tooling/internal/protocol/InternalLaunchable
Event: 4.688 loading class org/gradle/tooling/internal/protocol/InternalLaunchable done
Event: 4.688 loading class org/gradle/tooling/internal/gradle/GradleProjectIdentity
Event: 4.688 loading class org/gradle/tooling/internal/gradle/GradleProjectIdentity done
Event: 4.688 loading class org/gradle/tooling/internal/gradle/GradleBuildIdentity
Event: 4.688 loading class org/gradle/tooling/internal/gradle/GradleBuildIdentity done
Event: 4.689 loading class org/gradle/plugins/ide/internal/tooling/model/LaunchableGradleProjectTask
Event: 4.689 loading class org/gradle/plugins/ide/internal/tooling/model/LaunchableGradleProjectTask done
Event: 4.689 loading class org/gradle/plugins/ide/internal/tooling/IdeaModelBuilder
Event: 4.690 loading class org/gradle/plugins/ide/internal/tooling/IdeaModelBuilder done


Dynamic libraries:
0x00007ff74db80000 - 0x00007ff74dbb1000 	C:\Program Files\Android\Android Studio\jre\bin\java.exe
0x00007ffa79da0000 - 0x00007ffa79f8d000 	C:\Windows\SYSTEM32\ntdll.dll
0x00007ffa77050000 - 0x00007ffa77103000 	C:\Windows\System32\KERNEL32.DLL
0x00007ffa75e90000 - 0x00007ffa76125000 	C:\Windows\System32\KERNELBASE.dll
0x00007ffa77c90000 - 0x00007ffa77d33000 	C:\Windows\System32\ADVAPI32.dll
0x00007ffa77e60000 - 0x00007ffa77efe000 	C:\Windows\System32\msvcrt.dll
0x00007ffa77280000 - 0x00007ffa7731e000 	C:\Windows\System32\sechost.dll
0x00007ffa79b70000 - 0x00007ffa79c92000 	C:\Windows\System32\RPCRT4.dll
0x00007ffa798f0000 - 0x00007ffa79a87000 	C:\Windows\System32\USER32.dll
0x00007ffa76f20000 - 0x00007ffa76f40000 	C:\Windows\System32\win32u.dll
0x00007ffa77e30000 - 0x00007ffa77e59000 	C:\Windows\System32\GDI32.dll
0x00007ffa761a0000 - 0x00007ffa7633a000 	C:\Windows\System32\gdi32full.dll
0x00007ffa765d0000 - 0x00007ffa76670000 	C:\Windows\System32\msvcp_win.dll
0x00007ffa766d0000 - 0x00007ffa767ca000 	C:\Windows\System32\ucrtbase.dll
0x00007ffa67ad0000 - 0x00007ffa67d49000 	C:\Windows\WinSxS\amd64_microsoft.windows.common-controls_6595b64144ccf1df_6.0.17763.1282_none_de75b6f253473c0f\COMCTL32.dll
0x00007ffa77320000 - 0x00007ffa7764c000 	C:\Windows\System32\combase.dll
0x00007ffa76f40000 - 0x00007ffa76fbe000 	C:\Windows\System32\bcryptPrimitives.dll
0x00007ffa77d40000 - 0x00007ffa77d6e000 	C:\Windows\System32\IMM32.DLL
0x0000000072fc0000 - 0x0000000073092000 	C:\Program Files\Android\Android Studio\jre\jre\bin\msvcr100.dll
0x00000000730a0000 - 0x00000000738eb000 	C:\Program Files\Android\Android Studio\jre\jre\bin\server\jvm.dll
0x00007ffa77aa0000 - 0x00007ffa77aa8000 	C:\Windows\System32\PSAPI.DLL
0x00007ffa73f10000 - 0x00007ffa73f34000 	C:\Windows\SYSTEM32\WINMM.dll
0x00007ffa622a0000 - 0x00007ffa622a9000 	C:\Windows\SYSTEM32\WSOCK32.dll
0x00007ffa79880000 - 0x00007ffa798ed000 	C:\Windows\System32\WS2_32.dll
0x00007ffa6b130000 - 0x00007ffa6b13a000 	C:\Windows\SYSTEM32\VERSION.dll
0x00007ffa73e80000 - 0x00007ffa73ead000 	C:\Windows\SYSTEM32\WINMMBASE.dll
0x00007ffa76130000 - 0x00007ffa7617a000 	C:\Windows\System32\cfgmgr32.dll
0x00007ffa71b90000 - 0x00007ffa71b9f000 	C:\Program Files\Android\Android Studio\jre\jre\bin\verify.dll
0x00007ffa66e50000 - 0x00007ffa66e79000 	C:\Program Files\Android\Android Studio\jre\jre\bin\java.dll
0x00007ffa6eeb0000 - 0x00007ffa6eec6000 	C:\Program Files\Android\Android Studio\jre\jre\bin\zip.dll
0x00007ffa78380000 - 0x00007ffa79878000 	C:\Windows\System32\SHELL32.dll
0x00007ffa77be0000 - 0x00007ffa77c88000 	C:\Windows\System32\shcore.dll
0x00007ffa767d0000 - 0x00007ffa76f1f000 	C:\Windows\System32\windows.storage.dll
0x00007ffa75dd0000 - 0x00007ffa75df4000 	C:\Windows\System32\profapi.dll
0x00007ffa75e00000 - 0x00007ffa75e5d000 	C:\Windows\System32\powrprof.dll
0x00007ffa76fd0000 - 0x00007ffa77022000 	C:\Windows\System32\shlwapi.dll
0x00007ffa75d90000 - 0x00007ffa75da1000 	C:\Windows\System32\kernel.appcore.dll
0x00007ffa76180000 - 0x00007ffa76197000 	C:\Windows\System32\cryptsp.dll
0x00007ffa66d30000 - 0x00007ffa66d4a000 	C:\Program Files\Android\Android Studio\jre\jre\bin\net.dll
0x00007ffa755f0000 - 0x00007ffa75657000 	C:\Windows\system32\mswsock.dll
0x00007ffa66d10000 - 0x00007ffa66d23000 	C:\Program Files\Android\Android Studio\jre\jre\bin\nio.dll
0x00007ffa5f9f0000 - 0x00007ffa5fa16000 	C:\Users\WIN\.gradle\native\31\windows-amd64\native-platform.dll
0x00007ffa71b20000 - 0x00007ffa71b2d000 	C:\Program Files\Android\Android Studio\jre\jre\bin\management.dll
0x00007ffa75110000 - 0x00007ffa75143000 	C:\Windows\system32\rsaenh.dll
0x00007ffa75e60000 - 0x00007ffa75e86000 	C:\Windows\System32\bcrypt.dll
0x00007ffa75cc0000 - 0x00007ffa75ce8000 	C:\Windows\SYSTEM32\USERENV.dll
0x00007ffa757c0000 - 0x00007ffa757cc000 	C:\Windows\SYSTEM32\CRYPTBASE.dll
0x00007ffa752b0000 - 0x00007ffa752ed000 	C:\Windows\SYSTEM32\IPHLPAPI.DLL
0x00007ffa77e20000 - 0x00007ffa77e28000 	C:\Windows\System32\NSI.dll
0x00007ffa6b360000 - 0x00007ffa6b376000 	C:\Windows\SYSTEM32\dhcpcsvc6.DLL
0x00007ffa6bdf0000 - 0x00007ffa6be0c000 	C:\Windows\SYSTEM32\dhcpcsvc.DLL
0x00007ffa752f0000 - 0x00007ffa753b7000 	C:\Windows\SYSTEM32\DNSAPI.dll

VM Arguments:
jvm_args: -XX:MaxMetaspaceSize=256m -XX:+HeapDumpOnOutOfMemoryError -Xms256m -Xmx512m -Dfile.encoding=windows-1252 -Duser.country=IN -Duser.language=en -Duser.variant 
java_command: org.gradle.launcher.daemon.bootstrap.GradleDaemon 6.1.1
java_class_path (initial): C:\Users\WIN\.gradle\wrapper\dists\gradle-6.1.1-all\cfmwm155h49vnt3hynmlrsdst\gradle-6.1.1\lib\gradle-launcher-6.1.1.jar
Launcher Type: SUN_STANDARD

Environment Variables:
PATH=C:\Windows\system32;C:\Windows;C:\Windows\System32\Wbem;C:\Windows\System32\WindowsPowerShell\v1.0\;C:\Windows\System32\OpenSSH\;C:\Program Files\Git\cmd;C:\Program Files\nodejs\;C:\Users\WIN\AppData\Local\Microsoft\WindowsApps;;C:\Users\WIN\AppData\Local\Programs\Microsoft VS Code\bin;C:\Users\WIN\AppData\Roaming\npm
USERNAME=WIN
OS=Windows_NT
PROCESSOR_IDENTIFIER=Intel64 Family 6 Model 78 Stepping 3, GenuineIntel



---------------  S Y S T E M  ---------------

OS: Windows 10.0 , 64 bit Build 17763 (10.0.17763.1158)

CPU:total 4 (initial active 4) (2 cores per cpu, 2 threads per core) family 6 model 78 stepping 3, cmov, cx8, fxsr, mmx, sse, sse2, sse3, ssse3, sse4.1, sse4.2, popcnt, avx, avx2, aes, clmul, erms, rtm, 3dnowpref, lzcnt, ht, tsc, tscinvbit, bmi1, bmi2, adx

Memory: 4k page, physical 8277836k(1870588k free), swap 30177224k(5888k free)

vm_info: OpenJDK 64-Bit Server VM (25.242-b01) for windows-amd64 JRE (1.8.0_242-release-1644-b01), built by "builder" with MS VC++ 10.0 (VS2010)

time: Mon Jan 04 14:25:42 2021
timezone: India Standard Time
elapsed time: 4 seconds (0d 0h 0m 4s)

