#
# There is insufficient memory for the Java Runtime Environment to continue.
# Native memory allocation (malloc) failed to allocate 2100800 bytes for Chunk::new
# Possible reasons:
#   The system is out of physical RAM or swap space
#   The process is running with CompressedOops enabled, and the Java Heap may be blocking the growth of the native heap
# Possible solutions:
#   Reduce memory load on the system
#   Increase physical memory or swap space
#   Check if swap backing store is full
#   Decrease Java heap size (-Xmx/-Xms)
#   Decrease number of Java threads
#   Decrease Java thread stack sizes (-Xss)
#   Set larger code cache with -XX:ReservedCodeCacheSize=
#   JVM is running with Unscaled Compressed Oops mode in which the Java heap is
#     placed in the first 4GB address space. The Java Heap base address is the
#     maximum limit for the native heap growth. Please use -XX:HeapBaseMinAddress
#     to set the Java Heap base and to place the Java Heap above 4GB virtual address.
# This output file may be truncated or incomplete.
#
#  Out of Memory Error (allocation.cpp:389), pid=32348, tid=0x0000000000006508
#
# JRE version: OpenJDK Runtime Environment (8.0_242-b01) (build 1.8.0_242-release-1644-b01)
# Java VM: OpenJDK 64-Bit Server VM (25.242-b01 mixed mode windows-amd64 compressed oops)
# Failed to write core dump. Minidumps are not enabled by default on client versions of Windows
#

---------------  T H R E A D  ---------------

Current thread (0x0000000013fe4800):  JavaThread "C2 CompilerThread1" daemon [_thread_in_native, id=25864, stack(0x0000000015730000,0x0000000015830000)]

Stack: [0x0000000015730000,0x0000000015830000]
[error occurred during error reporting (printing stack bounds), id 0xc0000005]

Native frames: (J=compiled Java code, j=interpreted, Vv=VM code, C=native code)


Current CompileTask:
C2:   4323 2145       4       java.net.URLClassLoader$1::run (5 bytes)


---------------  P R O C E S S  ---------------

Java Threads: ( => current thread )
  0x0000000017dc9000 JavaThread "Cache worker for execution history cache (C:\Users\WIN\.gradle\caches\6.1.1\executionHistory)" [_thread_blocked, id=36764, stack(0x000000001da30000,0x000000001db30000)]
  0x0000000017dc7800 JavaThread "Cache worker for cache directory md-rule (C:\Users\WIN\.gradle\caches\6.1.1\md-rule)" [_thread_blocked, id=17616, stack(0x000000001d930000,0x000000001da30000)]
  0x0000000017dc8000 JavaThread "Cache worker for cache directory md-supplier (C:\Users\WIN\.gradle\caches\6.1.1\md-supplier)" [_thread_blocked, id=28484, stack(0x000000001c790000,0x000000001c890000)]
  0x0000000017dc6000 JavaThread "Cache worker for file hash cache (C:\Apps\parosmoniFrontApp\.gradle\6.1.1\fileHashes)" [_thread_blocked, id=36892, stack(0x000000001c490000,0x000000001c590000)]
  0x0000000017dc3000 JavaThread "Cache worker for checksums cache (C:\Apps\parosmoniFrontApp\.gradle\checksums)" [_thread_blocked, id=38728, stack(0x000000001c390000,0x000000001c490000)]
  0x0000000017dc5000 JavaThread "Cache worker for file hash cache (C:\Users\WIN\.gradle\caches\6.1.1\fileHashes)" [_thread_blocked, id=31444, stack(0x0000000019d50000,0x0000000019e50000)]
  0x0000000017dc6800 JavaThread "File lock request listener" [_thread_in_native, id=39932, stack(0x0000000019c50000,0x0000000019d50000)]
  0x0000000017ce5000 JavaThread "Cache worker for journal cache (C:\Users\WIN\.gradle\caches\journal-1)" [_thread_blocked, id=9932, stack(0x0000000019b50000,0x0000000019c50000)]
  0x0000000017ca8800 JavaThread "Thread-9" [_thread_blocked, id=39928, stack(0x0000000019850000,0x0000000019950000)]
  0x0000000017ca6000 JavaThread "Stdin handler" [_thread_blocked, id=39728, stack(0x0000000019750000,0x0000000019850000)]
  0x0000000017ca5000 JavaThread "Asynchronous log dispatcher for DefaultDaemonConnection: socket connection from /127.0.0.1:56651 to /127.0.0.1:56652" [_thread_blocked, id=23676, stack(0x0000000019650000,0x0000000019750000)]
  0x0000000017ca9800 JavaThread "Daemon worker" [_thread_in_vm, id=35364, stack(0x0000000019550000,0x0000000019650000)]
  0x0000000017c77800 JavaThread "Cancel handler" [_thread_blocked, id=39120, stack(0x0000000019450000,0x0000000019550000)]
  0x0000000017bf2000 JavaThread "Handler for socket connection from /127.0.0.1:56651 to /127.0.0.1:56652" [_thread_in_native, id=39380, stack(0x0000000019150000,0x0000000019250000)]
  0x0000000017bdc800 JavaThread "Daemon" [_thread_blocked, id=38328, stack(0x0000000019050000,0x0000000019150000)]
  0x0000000017bda800 JavaThread "Daemon periodic checks" [_thread_blocked, id=33760, stack(0x0000000018f50000,0x0000000019050000)]
  0x0000000017bc1800 JavaThread "Incoming local TCP Connector on port 56651" [_thread_in_native, id=30856, stack(0x0000000018d10000,0x0000000018e10000)]
  0x0000000017b2f800 JavaThread "Daemon health stats" [_thread_blocked, id=31556, stack(0x00000000186d0000,0x00000000187d0000)]
  0x000000001595b000 JavaThread "Service Thread" daemon [_thread_blocked, id=29192, stack(0x0000000015d30000,0x0000000015e30000)]
  0x0000000013fe9000 JavaThread "C1 CompilerThread2" daemon [_thread_in_vm, id=40860, stack(0x0000000015830000,0x0000000015930000)]
=>0x0000000013fe4800 JavaThread "C2 CompilerThread1" daemon [_thread_in_native, id=25864, stack(0x0000000015730000,0x0000000015830000)]
  0x0000000013fd2000 JavaThread "C2 CompilerThread0" daemon [_thread_in_native, id=30504, stack(0x0000000015630000,0x0000000015730000)]
  0x0000000013fd5800 JavaThread "Attach Listener" daemon [_thread_blocked, id=24828, stack(0x0000000015530000,0x0000000015630000)]
  0x0000000013fd4800 JavaThread "Signal Dispatcher" daemon [_thread_blocked, id=40216, stack(0x0000000015430000,0x0000000015530000)]
  0x0000000002c5b000 JavaThread "Finalizer" daemon [_thread_blocked, id=39244, stack(0x0000000015230000,0x0000000015330000)]
  0x0000000013fb9000 JavaThread "Reference Handler" daemon [_thread_blocked, id=34964, stack(0x0000000015130000,0x0000000015230000)]
  0x0000000002a0d800 JavaThread "main" [_thread_blocked, id=38468, stack(0x0000000002a60000,0x0000000002b60000)]

Other Threads:
  0x0000000013f96800 VMThread [stack: 0x0000000015030000,0x0000000015130000] [id=14684]
  0x0000000015964800 WatcherThread [stack: 0x0000000015e30000,0x0000000015f30000] [id=21544]

VM state:not at safepoint (normal execution)

VM Mutex/Monitor currently owned by a thread: None

heap address: 0x00000000e0000000, size: 512 MB, Compressed Oops mode: 32-bit
Narrow klass base: 0x0000000000000000, Narrow klass shift: 3
Compressed class space size: 1073741824 Address: 0x0000000100000000

Heap:
 PSYoungGen      total 76288K, used 48345K [0x00000000f5580000, 0x00000000faa80000, 0x0000000100000000)
  eden space 65536K, 61% used [0x00000000f5580000,0x00000000f7cb7870,0x00000000f9580000)
  from space 10752K, 76% used [0x00000000f9580000,0x00000000f9d7ef60,0x00000000fa000000)
  to   space 10752K, 0% used [0x00000000fa000000,0x00000000fa000000,0x00000000faa80000)
 ParOldGen       total 175104K, used 7050K [0x00000000e0000000, 0x00000000eab00000, 0x00000000f5580000)
  object space 175104K, 4% used [0x00000000e0000000,0x00000000e06e2ab0,0x00000000eab00000)
 Metaspace       used 31177K, capacity 31794K, committed 32128K, reserved 1077248K
  class space    used 4228K, capacity 4449K, committed 4480K, reserved 1048576K

Card table byte_map: [0x0000000012020000,0x0000000012130000] byte_map_base: 0x0000000011920000

Marking Bits: (ParMarkBitMap*) 0x000000007386f030
 Begin Bits: [0x0000000012530000, 0x0000000012d30000)
 End Bits:   [0x0000000012d30000, 0x0000000013530000)

Polling page: 0x0000000000d40000

CodeCache: size=245760Kb used=9092Kb max_used=9092Kb free=236667Kb
 bounds [0x0000000002c60000, 0x0000000003550000, 0x0000000011c60000]
 total_blobs=3027 nmethods=2347 adapters=593
 compilation: enabled

Compilation events (10 events):
Event: 4.313 Thread 0x0000000013fe9000 2357       2       java.util.concurrent.atomic.AtomicReferenceArray::checkedByteOffset (45 bytes)
Event: 4.313 Thread 0x0000000013fe9000 nmethod 2357 0x0000000003541110 code [0x00000000035412c0, 0x00000000035416d8]
Event: 4.313 Thread 0x0000000013fe9000 2358       2       java.util.concurrent.atomic.AtomicReferenceArray::byteOffset (12 bytes)
Event: 4.313 Thread 0x0000000013fe9000 nmethod 2358 0x0000000003541950 code [0x0000000003541aa0, 0x0000000003541bf0]
Event: 4.318 Thread 0x0000000013fe9000 2359       2       java.beans.PropertyDescriptor::setClass0 (25 bytes)
Event: 4.318 Thread 0x0000000013fe9000 nmethod 2359 0x0000000003541c50 code [0x0000000003541e00, 0x0000000003542178]
Event: 4.318 Thread 0x0000000013fe9000 2360       2       groovy.lang.MetaClassImpl$Index::getNotNull (32 bytes)
Event: 4.319 Thread 0x0000000013fe9000 nmethod 2360 0x0000000003542390 code [0x0000000003542500, 0x00000000035427c8]
Event: 4.319 Thread 0x0000000013fe9000 2361       2       java.beans.PropertyDescriptor::getPropertyType0 (22 bytes)
Event: 4.319 Thread 0x0000000013fe9000 nmethod 2361 0x0000000003542950 code [0x0000000003542ac0, 0x0000000003542c88]

GC Heap History (10 events):
Event: 2.216 GC heap before
{Heap before GC invocations=2 (full 0):
 PSYoungGen      total 76288K, used 71208K [0x00000000f5580000, 0x00000000faa80000, 0x0000000100000000)
  eden space 65536K, 100% used [0x00000000f5580000,0x00000000f9580000,0x00000000f9580000)
  from space 10752K, 52% used [0x00000000f9580000,0x00000000f9b0a230,0x00000000fa000000)
  to   space 10752K, 0% used [0x00000000fa000000,0x00000000fa000000,0x00000000faa80000)
 ParOldGen       total 175104K, used 16K [0x00000000e0000000, 0x00000000eab00000, 0x00000000f5580000)
  object space 175104K, 0% used [0x00000000e0000000,0x00000000e0004000,0x00000000eab00000)
 Metaspace       used 14756K, capacity 15120K, committed 15232K, reserved 1062912K
  class space    used 1949K, capacity 2080K, committed 2176K, reserved 1048576K
Event: 2.226 GC heap after
Heap after GC invocations=2 (full 0):
 PSYoungGen      total 76288K, used 9014K [0x00000000f5580000, 0x00000000faa80000, 0x0000000100000000)
  eden space 65536K, 0% used [0x00000000f5580000,0x00000000f5580000,0x00000000f9580000)
  from space 10752K, 83% used [0x00000000fa000000,0x00000000fa8cdb60,0x00000000faa80000)
  to   space 10752K, 0% used [0x00000000f9580000,0x00000000f9580000,0x00000000fa000000)
 ParOldGen       total 175104K, used 24K [0x00000000e0000000, 0x00000000eab00000, 0x00000000f5580000)
  object space 175104K, 0% used [0x00000000e0000000,0x00000000e0006000,0x00000000eab00000)
 Metaspace       used 14756K, capacity 15120K, committed 15232K, reserved 1062912K
  class space    used 1949K, capacity 2080K, committed 2176K, reserved 1048576K
}
Event: 2.948 GC heap before
{Heap before GC invocations=3 (full 0):
 PSYoungGen      total 76288K, used 74550K [0x00000000f5580000, 0x00000000faa80000, 0x0000000100000000)
  eden space 65536K, 100% used [0x00000000f5580000,0x00000000f9580000,0x00000000f9580000)
  from space 10752K, 83% used [0x00000000fa000000,0x00000000fa8cdb60,0x00000000faa80000)
  to   space 10752K, 0% used [0x00000000f9580000,0x00000000f9580000,0x00000000fa000000)
 ParOldGen       total 175104K, used 24K [0x00000000e0000000, 0x00000000eab00000, 0x00000000f5580000)
  object space 175104K, 0% used [0x00000000e0000000,0x00000000e0006000,0x00000000eab00000)
 Metaspace       used 20076K, capacity 20626K, committed 20992K, reserved 1067008K
  class space    used 2805K, capacity 2991K, committed 3072K, reserved 1048576K
Event: 2.966 GC heap after
Heap after GC invocations=3 (full 0):
 PSYoungGen      total 76288K, used 10743K [0x00000000f5580000, 0x00000000faa80000, 0x0000000100000000)
  eden space 65536K, 0% used [0x00000000f5580000,0x00000000f5580000,0x00000000f9580000)
  from space 10752K, 99% used [0x00000000f9580000,0x00000000f9ffdef8,0x00000000fa000000)
  to   space 10752K, 0% used [0x00000000fa000000,0x00000000fa000000,0x00000000faa80000)
 ParOldGen       total 175104K, used 816K [0x00000000e0000000, 0x00000000eab00000, 0x00000000f5580000)
  object space 175104K, 0% used [0x00000000e0000000,0x00000000e00cc158,0x00000000eab00000)
 Metaspace       used 20076K, capacity 20626K, committed 20992K, reserved 1067008K
  class space    used 2805K, capacity 2991K, committed 3072K, reserved 1048576K
}
Event: 3.049 GC heap before
{Heap before GC invocations=4 (full 0):
 PSYoungGen      total 76288K, used 18568K [0x00000000f5580000, 0x00000000faa80000, 0x0000000100000000)
  eden space 65536K, 11% used [0x00000000f5580000,0x00000000f5d24298,0x00000000f9580000)
  from space 10752K, 99% used [0x00000000f9580000,0x00000000f9ffdef8,0x00000000fa000000)
  to   space 10752K, 0% used [0x00000000fa000000,0x00000000fa000000,0x00000000faa80000)
 ParOldGen       total 175104K, used 816K [0x00000000e0000000, 0x00000000eab00000, 0x00000000f5580000)
  object space 175104K, 0% used [0x00000000e0000000,0x00000000e00cc158,0x00000000eab00000)
 Metaspace       used 20590K, capacity 21138K, committed 21248K, reserved 1067008K
  class space    used 2889K, capacity 3055K, committed 3072K, reserved 1048576K
Event: 3.059 GC heap after
Heap after GC invocations=4 (full 0):
 PSYoungGen      total 76288K, used 7228K [0x00000000f5580000, 0x00000000faa80000, 0x0000000100000000)
  eden space 65536K, 0% used [0x00000000f5580000,0x00000000f5580000,0x00000000f9580000)
  from space 10752K, 67% used [0x00000000fa000000,0x00000000fa70f010,0x00000000faa80000)
  to   space 10752K, 0% used [0x00000000f9580000,0x00000000f9580000,0x00000000fa000000)
 ParOldGen       total 175104K, used 824K [0x00000000e0000000, 0x00000000eab00000, 0x00000000f5580000)
  object space 175104K, 0% used [0x00000000e0000000,0x00000000e00ce158,0x00000000eab00000)
 Metaspace       used 20590K, capacity 21138K, committed 21248K, reserved 1067008K
  class space    used 2889K, capacity 3055K, committed 3072K, reserved 1048576K
}
Event: 3.059 GC heap before
{Heap before GC invocations=5 (full 1):
 PSYoungGen      total 76288K, used 7228K [0x00000000f5580000, 0x00000000faa80000, 0x0000000100000000)
  eden space 65536K, 0% used [0x00000000f5580000,0x00000000f5580000,0x00000000f9580000)
  from space 10752K, 67% used [0x00000000fa000000,0x00000000fa70f010,0x00000000faa80000)
  to   space 10752K, 0% used [0x00000000f9580000,0x00000000f9580000,0x00000000fa000000)
 ParOldGen       total 175104K, used 824K [0x00000000e0000000, 0x00000000eab00000, 0x00000000f5580000)
  object space 175104K, 0% used [0x00000000e0000000,0x00000000e00ce158,0x00000000eab00000)
 Metaspace       used 20590K, capacity 21138K, committed 21248K, reserved 1067008K
  class space    used 2889K, capacity 3055K, committed 3072K, reserved 1048576K
Event: 3.105 GC heap after
Heap after GC invocations=5 (full 1):
 PSYoungGen      total 76288K, used 0K [0x00000000f5580000, 0x00000000faa80000, 0x0000000100000000)
  eden space 65536K, 0% used [0x00000000f5580000,0x00000000f5580000,0x00000000f9580000)
  from space 10752K, 0% used [0x00000000fa000000,0x00000000fa000000,0x00000000faa80000)
  to   space 10752K, 0% used [0x00000000f9580000,0x00000000f9580000,0x00000000fa000000)
 ParOldGen       total 175104K, used 7042K [0x00000000e0000000, 0x00000000eab00000, 0x00000000f5580000)
  object space 175104K, 4% used [0x00000000e0000000,0x00000000e06e0ab0,0x00000000eab00000)
 Metaspace       used 20590K, capacity 21138K, committed 21248K, reserved 1067008K
  class space    used 2889K, capacity 3055K, committed 3072K, reserved 1048576K
}
Event: 3.859 GC heap before
{Heap before GC invocations=6 (full 1):
 PSYoungGen      total 76288K, used 65063K [0x00000000f5580000, 0x00000000faa80000, 0x0000000100000000)
  eden space 65536K, 99% used [0x00000000f5580000,0x00000000f9509c08,0x00000000f9580000)
  from space 10752K, 0% used [0x00000000fa000000,0x00000000fa000000,0x00000000faa80000)
  to   space 10752K, 0% used [0x00000000f9580000,0x00000000f9580000,0x00000000fa000000)
 ParOldGen       total 175104K, used 7042K [0x00000000e0000000, 0x00000000eab00000, 0x00000000f5580000)
  object space 175104K, 4% used [0x00000000e0000000,0x00000000e06e0ab0,0x00000000eab00000)
 Metaspace       used 28456K, capacity 29018K, committed 29184K, reserved 1075200K
  class space    used 3837K, capacity 4034K, committed 4096K, reserved 1048576K
Event: 3.867 GC heap after
Heap after GC invocations=6 (full 1):
 PSYoungGen      total 76288K, used 8187K [0x00000000f5580000, 0x00000000faa80000, 0x0000000100000000)
  eden space 65536K, 0% used [0x00000000f5580000,0x00000000f5580000,0x00000000f9580000)
  from space 10752K, 76% used [0x00000000f9580000,0x00000000f9d7ef60,0x00000000fa000000)
  to   space 10752K, 0% used [0x00000000fa000000,0x00000000fa000000,0x00000000faa80000)
 ParOldGen       total 175104K, used 7050K [0x00000000e0000000, 0x00000000eab00000, 0x00000000f5580000)
  object space 175104K, 4% used [0x00000000e0000000,0x00000000e06e2ab0,0x00000000eab00000)
 Metaspace       used 28456K, capacity 29018K, committed 29184K, reserved 1075200K
  class space    used 3837K, capacity 4034K, committed 4096K, reserved 1048576K
}

Deoptimization events (10 events):
Event: 3.729 Thread 0x0000000017ca9800 Uncommon trap: reason=class_check action=maybe_recompile pc=0x00000000032272c4 method=sun.misc.URLClassPath.getResource(Ljava/lang/String;Z)Lsun/misc/Resource; @ 62
Event: 3.729 Thread 0x0000000017ca9800 Uncommon trap: reason=unstable_if action=reinterpret pc=0x000000000333bc0c method=java.lang.String.regionMatches(ZILjava/lang/String;II)Z @ 41
Event: 3.731 Thread 0x0000000017ca9800 Uncommon trap: reason=unstable_if action=reinterpret pc=0x0000000003158434 method=java.lang.ClassLoader.getClassLoadingLock(Ljava/lang/String;)Ljava/lang/Object; @ 6
Event: 3.753 Thread 0x0000000017ca9800 Uncommon trap: reason=class_check action=maybe_recompile pc=0x0000000003349710 method=sun.misc.URLClassPath.getLoader(I)Lsun/misc/URLClassPath$Loader; @ 239
Event: 3.753 Thread 0x0000000017ca9800 Uncommon trap: reason=unstable_if action=reinterpret pc=0x00000000031929ec method=java.lang.String.regionMatches(ZILjava/lang/String;II)Z @ 41
Event: 3.765 Thread 0x0000000017ca9800 Uncommon trap: reason=class_check action=maybe_recompile pc=0x0000000003349710 method=sun.misc.URLClassPath.getLoader(I)Lsun/misc/URLClassPath$Loader; @ 239
Event: 4.045 Thread 0x0000000017ca9800 Uncommon trap: reason=unstable_if action=reinterpret pc=0x0000000002eba204 method=java.util.HashMap.getNode(ILjava/lang/Object;)Ljava/util/HashMap$Node; @ 53
Event: 4.045 Thread 0x0000000017ca9800 Uncommon trap: reason=unstable_if action=reinterpret pc=0x00000000031114f4 method=java.util.HashMap.hash(Ljava/lang/Object;)I @ 1
Event: 4.169 Thread 0x0000000017ca9800 Uncommon trap: reason=unstable_if action=reinterpret pc=0x000000000338fc00 method=org.objectweb.asm.ByteVector.putShort(I)Lorg/objectweb/asm/ByteVector; @ 13
Event: 4.249 Thread 0x0000000017ca9800 Uncommon trap: reason=class_check action=maybe_recompile pc=0x00000000033493a4 method=sun.misc.URLClassPath.getLoader(I)Lsun/misc/URLClassPath$Loader; @ 94

Classes redefined (0 events):
No events

Internal exceptions (10 events):
Event: 4.254 Thread 0x0000000017ca9800 Exception <a 'java/lang/ClassNotFoundException': org/gradle/api/internal/project/ProjectScriptCustomizer> (0x00000000f774a600) thrown at [C:\src\AOSP-openjdk-git\hotspot\src\share\vm\classfile\systemDictionary.cpp, line 210]
Event: 4.256 Thread 0x0000000017ca9800 Exception <a 'java/lang/ClassNotFoundException': build_23hyklde5wlecmkoay6b6v8b9Customizer> (0x00000000f776c2b8) thrown at [C:\src\AOSP-openjdk-git\hotspot\src\share\vm\classfile\systemDictionary.cpp, line 210]
Event: 4.265 Thread 0x0000000017ca9800 Exception <a 'java/lang/ClassNotFoundException': groovy/lang/Closure$1BeanInfo> (0x00000000f77cec80) thrown at [C:\src\AOSP-openjdk-git\hotspot\src\share\vm\classfile\systemDictionary.cpp, line 210]
Event: 4.266 Thread 0x0000000017ca9800 Exception <a 'java/lang/ClassNotFoundException': groovy/lang/ClosureBeanInfo> (0x00000000f77ef598) thrown at [C:\src\AOSP-openjdk-git\hotspot\src\share\vm\classfile\systemDictionary.cpp, line 210]
Event: 4.267 Thread 0x0000000017ca9800 Exception <a 'java/lang/ClassNotFoundException': groovy/lang/ClosureCustomizer> (0x00000000f78108e8) thrown at [C:\src\AOSP-openjdk-git\hotspot\src\share\vm\classfile\systemDictionary.cpp, line 210]
Event: 4.270 Thread 0x0000000017ca9800 Exception <a 'java/lang/ClassNotFoundException': groovy/lang/Closure$1Customizer> (0x00000000f7857d48) thrown at [C:\src\AOSP-openjdk-git\hotspot\src\share\vm\classfile\systemDictionary.cpp, line 210]
Event: 4.313 Thread 0x0000000017ca9800 Exception <a 'java/lang/ClassNotFoundException': org/gradle/internal/metaobject/ConfigureDelegateBeanInfo> (0x00000000f7a7bdc8) thrown at [C:\src\AOSP-openjdk-git\hotspot\src\share\vm\classfile\systemDictionary.cpp, line 210]
Event: 4.314 Thread 0x0000000017ca9800 Exception <a 'java/lang/ClassNotFoundException': org/gradle/internal/metaobject/ConfigureDelegateCustomizer> (0x00000000f7aabe30) thrown at [C:\src\AOSP-openjdk-git\hotspot\src\share\vm\classfile\systemDictionary.cpp, line 210]
Event: 4.317 Thread 0x0000000017ca9800 Exception <a 'java/lang/ClassNotFoundException': org/gradle/api/internal/initialization/DefaultScriptHandlerBeanInfo> (0x00000000f7b28be8) thrown at [C:\src\AOSP-openjdk-git\hotspot\src\share\vm\classfile\systemDictionary.cpp, line 210]
Event: 4.318 Thread 0x0000000017ca9800 Exception <a 'java/lang/ClassNotFoundException': org/gradle/api/internal/initialization/DefaultScriptHandlerCustomizer> (0x00000000f7b60508) thrown at [C:\src\AOSP-openjdk-git\hotspot\src\share\vm\classfile\systemDictionary.cpp, line 210]

Events (10 events):
Event: 4.317 loading class org/gradle/api/internal/initialization/DefaultScriptHandlerCustomizer
Event: 4.317 loading class org/gradle/api/internal/initialization/DefaultScriptHandlerCustomizer done
Event: 4.317 loading class org/gradle/api/internal/initialization/DefaultScriptHandlerCustomizer
Event: 4.317 loading class org/gradle/api/internal/initialization/DefaultScriptHandlerCustomizer done
Event: 4.317 loading class org/gradle/api/internal/initialization/DefaultScriptHandlerCustomizer
Event: 4.317 loading class org/gradle/api/internal/initialization/DefaultScriptHandlerCustomizer done
Event: 4.317 loading class org/gradle/api/internal/initialization/DefaultScriptHandlerCustomizer
Event: 4.317 loading class org/gradle/api/internal/initialization/DefaultScriptHandlerCustomizer done
Event: 4.319 loading class groovy/runtime/metaclass/org/gradle/api/internal/artifacts/dsl/DefaultRepositoryHandler_DecoratedMetaClass
Event: 4.319 loading class groovy/runtime/metaclass/org/gradle/api/internal/artifacts/dsl/DefaultRepositoryHandler_DecoratedMetaClass done


Dynamic libraries:
0x00007ff74db80000 - 0x00007ff74dbb1000 	C:\Program Files\Android\Android Studio\jre\bin\java.exe
0x00007ffa79da0000 - 0x00007ffa79f8d000 	C:\Windows\SYSTEM32\ntdll.dll
0x00007ffa77050000 - 0x00007ffa77103000 	C:\Windows\System32\KERNEL32.DLL
0x00007ffa75e90000 - 0x00007ffa76125000 	C:\Windows\System32\KERNELBASE.dll
0x00007ffa77c90000 - 0x00007ffa77d33000 	C:\Windows\System32\ADVAPI32.dll
0x00007ffa77e60000 - 0x00007ffa77efe000 	C:\Windows\System32\msvcrt.dll
0x00007ffa77280000 - 0x00007ffa7731e000 	C:\Windows\System32\sechost.dll
0x00007ffa79b70000 - 0x00007ffa79c92000 	C:\Windows\System32\RPCRT4.dll
0x00007ffa798f0000 - 0x00007ffa79a87000 	C:\Windows\System32\USER32.dll
0x00007ffa76f20000 - 0x00007ffa76f40000 	C:\Windows\System32\win32u.dll
0x00007ffa77e30000 - 0x00007ffa77e59000 	C:\Windows\System32\GDI32.dll
0x00007ffa761a0000 - 0x00007ffa7633a000 	C:\Windows\System32\gdi32full.dll
0x00007ffa765d0000 - 0x00007ffa76670000 	C:\Windows\System32\msvcp_win.dll
0x00007ffa766d0000 - 0x00007ffa767ca000 	C:\Windows\System32\ucrtbase.dll
0x00007ffa67ad0000 - 0x00007ffa67d49000 	C:\Windows\WinSxS\amd64_microsoft.windows.common-controls_6595b64144ccf1df_6.0.17763.1282_none_de75b6f253473c0f\COMCTL32.dll
0x00007ffa77320000 - 0x00007ffa7764c000 	C:\Windows\System32\combase.dll
0x00007ffa76f40000 - 0x00007ffa76fbe000 	C:\Windows\System32\bcryptPrimitives.dll
0x00007ffa77d40000 - 0x00007ffa77d6e000 	C:\Windows\System32\IMM32.DLL
0x0000000072fc0000 - 0x0000000073092000 	C:\Program Files\Android\Android Studio\jre\jre\bin\msvcr100.dll
0x00000000730a0000 - 0x00000000738eb000 	C:\Program Files\Android\Android Studio\jre\jre\bin\server\jvm.dll
0x00007ffa77aa0000 - 0x00007ffa77aa8000 	C:\Windows\System32\PSAPI.DLL
0x00007ffa622a0000 - 0x00007ffa622a9000 	C:\Windows\SYSTEM32\WSOCK32.dll
0x00007ffa73f10000 - 0x00007ffa73f34000 	C:\Windows\SYSTEM32\WINMM.dll
0x00007ffa79880000 - 0x00007ffa798ed000 	C:\Windows\System32\WS2_32.dll
0x00007ffa6b130000 - 0x00007ffa6b13a000 	C:\Windows\SYSTEM32\VERSION.dll
0x00007ffa73e80000 - 0x00007ffa73ead000 	C:\Windows\SYSTEM32\winmmbase.dll
0x00007ffa76130000 - 0x00007ffa7617a000 	C:\Windows\System32\cfgmgr32.dll
0x00007ffa71b90000 - 0x00007ffa71b9f000 	C:\Program Files\Android\Android Studio\jre\jre\bin\verify.dll
0x00007ffa66e50000 - 0x00007ffa66e79000 	C:\Program Files\Android\Android Studio\jre\jre\bin\java.dll
0x00007ffa6eeb0000 - 0x00007ffa6eec6000 	C:\Program Files\Android\Android Studio\jre\jre\bin\zip.dll
0x00007ffa78380000 - 0x00007ffa79878000 	C:\Windows\System32\SHELL32.dll
0x00007ffa77be0000 - 0x00007ffa77c88000 	C:\Windows\System32\shcore.dll
0x00007ffa767d0000 - 0x00007ffa76f1f000 	C:\Windows\System32\windows.storage.dll
0x00007ffa75dd0000 - 0x00007ffa75df4000 	C:\Windows\System32\profapi.dll
0x00007ffa75e00000 - 0x00007ffa75e5d000 	C:\Windows\System32\powrprof.dll
0x00007ffa76fd0000 - 0x00007ffa77022000 	C:\Windows\System32\shlwapi.dll
0x00007ffa75d90000 - 0x00007ffa75da1000 	C:\Windows\System32\kernel.appcore.dll
0x00007ffa76180000 - 0x00007ffa76197000 	C:\Windows\System32\cryptsp.dll
0x00007ffa66d30000 - 0x00007ffa66d4a000 	C:\Program Files\Android\Android Studio\jre\jre\bin\net.dll
0x00007ffa755f0000 - 0x00007ffa75657000 	C:\Windows\system32\mswsock.dll
0x00007ffa66d10000 - 0x00007ffa66d23000 	C:\Program Files\Android\Android Studio\jre\jre\bin\nio.dll
0x00007ffa5f9f0000 - 0x00007ffa5fa16000 	C:\Users\WIN\.gradle\native\31\windows-amd64\native-platform.dll
0x00007ffa71b20000 - 0x00007ffa71b2d000 	C:\Program Files\Android\Android Studio\jre\jre\bin\management.dll
0x00007ffa75110000 - 0x00007ffa75143000 	C:\Windows\system32\rsaenh.dll
0x00007ffa75e60000 - 0x00007ffa75e86000 	C:\Windows\System32\bcrypt.dll
0x00007ffa75cc0000 - 0x00007ffa75ce8000 	C:\Windows\SYSTEM32\USERENV.dll
0x00007ffa757c0000 - 0x00007ffa757cc000 	C:\Windows\SYSTEM32\CRYPTBASE.dll
0x00007ffa752b0000 - 0x00007ffa752ed000 	C:\Windows\SYSTEM32\IPHLPAPI.DLL
0x00007ffa77e20000 - 0x00007ffa77e28000 	C:\Windows\System32\NSI.dll
0x00007ffa6b360000 - 0x00007ffa6b376000 	C:\Windows\SYSTEM32\dhcpcsvc6.DLL
0x00007ffa6bdf0000 - 0x00007ffa6be0c000 	C:\Windows\SYSTEM32\dhcpcsvc.DLL
0x00007ffa752f0000 - 0x00007ffa753b7000 	C:\Windows\SYSTEM32\DNSAPI.dll

VM Arguments:
jvm_args: -XX:MaxMetaspaceSize=256m -XX:+HeapDumpOnOutOfMemoryError -Xms256m -Xmx512m -Dfile.encoding=windows-1252 -Duser.country=IN -Duser.language=en -Duser.variant 
java_command: org.gradle.launcher.daemon.bootstrap.GradleDaemon 6.1.1
java_class_path (initial): C:\Users\WIN\.gradle\wrapper\dists\gradle-6.1.1-all\cfmwm155h49vnt3hynmlrsdst\gradle-6.1.1\lib\gradle-launcher-6.1.1.jar
Launcher Type: SUN_STANDARD

Environment Variables:
PATH=C:\Windows\system32;C:\Windows;C:\Windows\System32\Wbem;C:\Windows\System32\WindowsPowerShell\v1.0\;C:\Windows\System32\OpenSSH\;C:\Program Files\Git\cmd;C:\Program Files\nodejs\;C:\Users\WIN\AppData\Local\Microsoft\WindowsApps;;C:\Users\WIN\AppData\Local\Programs\Microsoft VS Code\bin;C:\Users\WIN\AppData\Roaming\npm
USERNAME=WIN
OS=Windows_NT
PROCESSOR_IDENTIFIER=Intel64 Family 6 Model 78 Stepping 3, GenuineIntel



---------------  S Y S T E M  ---------------

OS: Windows 10.0 , 64 bit Build 17763 (10.0.17763.1158)

CPU:total 4 (initial active 4) (2 cores per cpu, 2 threads per core) family 6 model 78 stepping 3, cmov, cx8, fxsr, mmx, sse, sse2, sse3, ssse3, sse4.1, sse4.2, popcnt, avx, avx2, aes, clmul, erms, rtm, 3dnowpref, lzcnt, ht, tsc, tscinvbit, bmi1, bmi2, adx

Memory: 4k page, physical 8277836k(1867184k free), swap 30177224k(6212k free)

vm_info: OpenJDK 64-Bit Server VM (25.242-b01) for windows-amd64 JRE (1.8.0_242-release-1644-b01), built by "builder" with MS VC++ 10.0 (VS2010)

time: Mon Jan 04 14:25:37 2021
timezone: India Standard Time
elapsed time: 4 seconds (0d 0h 0m 4s)

