#
# There is insufficient memory for the Java Runtime Environment to continue.
# Native memory allocation (malloc) failed to allocate 927696 bytes for Chunk::new
# Possible reasons:
#   The system is out of physical RAM or swap space
#   The process is running with CompressedOops enabled, and the Java Heap may be blocking the growth of the native heap
# Possible solutions:
#   Reduce memory load on the system
#   Increase physical memory or swap space
#   Check if swap backing store is full
#   Decrease Java heap size (-Xmx/-Xms)
#   Decrease number of Java threads
#   Decrease Java thread stack sizes (-Xss)
#   Set larger code cache with -XX:ReservedCodeCacheSize=
#   JVM is running with Unscaled Compressed Oops mode in which the Java heap is
#     placed in the first 4GB address space. The Java Heap base address is the
#     maximum limit for the native heap growth. Please use -XX:HeapBaseMinAddress
#     to set the Java Heap base and to place the Java Heap above 4GB virtual address.
# This output file may be truncated or incomplete.
#
#  Out of Memory Error (allocation.cpp:389), pid=2760, tid=0x0000000000007380
#
# JRE version: OpenJDK Runtime Environment (8.0_242-b01) (build 1.8.0_242-release-1644-b01)
# Java VM: OpenJDK 64-Bit Server VM (25.242-b01 mixed mode windows-amd64 compressed oops)
# Failed to write core dump. Minidumps are not enabled by default on client versions of Windows
#

---------------  T H R E A D  ---------------

Current thread (0x0000000013f53000):  JavaThread "C2 CompilerThread0" daemon [_thread_in_native, id=29568, stack(0x00000000155a0000,0x00000000156a0000)]

Stack: [0x00000000155a0000,0x00000000156a0000]
[error occurred during error reporting (printing stack bounds), id 0xc0000005]

Native frames: (J=compiled Java code, j=interpreted, Vv=VM code, C=native code)


Current CompileTask:
C2:   6312 3564       4       org.objectweb.asm.Frame::execute (2318 bytes)


---------------  P R O C E S S  ---------------

Java Threads: ( => current thread )
  0x000000001b375800 JavaThread "Build operations Thread 4" [_thread_blocked, id=22956, stack(0x000000001f7b0000,0x000000001f8b0000)]
  0x000000001b374800 JavaThread "Build operations Thread 3" [_thread_blocked, id=40400, stack(0x000000001f6b0000,0x000000001f7b0000)]
  0x000000001b374000 JavaThread "Build operations Thread 2" [_thread_blocked, id=18956, stack(0x000000001f5b0000,0x000000001f6b0000)]
  0x000000001b372800 JavaThread "Build operations" [_thread_blocked, id=24008, stack(0x000000001f4b0000,0x000000001f5b0000)]
  0x0000000017c33800 JavaThread "Cache worker for execution history cache (C:\Users\WIN\.gradle\caches\6.1.1\executionHistory)" [_thread_blocked, id=40164, stack(0x000000001d9c0000,0x000000001dac0000)]
  0x0000000017c38800 JavaThread "Cache worker for cache directory md-rule (C:\Users\WIN\.gradle\caches\6.1.1\md-rule)" [_thread_blocked, id=38156, stack(0x000000001d8c0000,0x000000001d9c0000)]
  0x0000000017c35000 JavaThread "Cache worker for cache directory md-supplier (C:\Users\WIN\.gradle\caches\6.1.1\md-supplier)" [_thread_blocked, id=280, stack(0x000000001c520000,0x000000001c620000)]
  0x0000000017c3a000 JavaThread "Cache worker for file hash cache (C:\Apps\parosmoniFrontApp\.gradle\6.1.1\fileHashes)" [_thread_blocked, id=40204, stack(0x000000001c420000,0x000000001c520000)]
  0x0000000017c37000 JavaThread "Cache worker for checksums cache (C:\Apps\parosmoniFrontApp\.gradle\checksums)" [_thread_blocked, id=25912, stack(0x000000001c320000,0x000000001c420000)]
  0x0000000017c38000 JavaThread "Cache worker for file hash cache (C:\Users\WIN\.gradle\caches\6.1.1\fileHashes)" [_thread_blocked, id=30968, stack(0x0000000019cc0000,0x0000000019dc0000)]
  0x0000000017c39800 JavaThread "File lock request listener" [_thread_in_native, id=36436, stack(0x0000000019bc0000,0x0000000019cc0000)]
  0x0000000017ba8800 JavaThread "Cache worker for journal cache (C:\Users\WIN\.gradle\caches\journal-1)" [_thread_blocked, id=30964, stack(0x0000000019ac0000,0x0000000019bc0000)]
  0x0000000017b5d800 JavaThread "Thread-9" [_thread_blocked, id=31140, stack(0x00000000197c0000,0x00000000198c0000)]
  0x0000000017b26800 JavaThread "Stdin handler" [_thread_blocked, id=38784, stack(0x00000000196c0000,0x00000000197c0000)]
  0x0000000017b59800 JavaThread "Asynchronous log dispatcher for DefaultDaemonConnection: socket connection from /127.0.0.1:56330 to /127.0.0.1:56331" [_thread_blocked, id=17824, stack(0x00000000195c0000,0x00000000196c0000)]
  0x0000000017b58000 JavaThread "Daemon worker" [_thread_in_native, id=39716, stack(0x00000000194c0000,0x00000000195c0000)]
  0x0000000017b4c800 JavaThread "Cancel handler" [_thread_blocked, id=33756, stack(0x00000000193c0000,0x00000000194c0000)]
  0x0000000017aed000 JavaThread "Handler for socket connection from /127.0.0.1:56330 to /127.0.0.1:56331" [_thread_in_native, id=32784, stack(0x00000000190c0000,0x00000000191c0000)]
  0x0000000017b2f000 JavaThread "Daemon" [_thread_blocked, id=31344, stack(0x0000000018fc0000,0x00000000190c0000)]
  0x0000000017ad9800 JavaThread "Daemon periodic checks" [_thread_blocked, id=34644, stack(0x0000000018ec0000,0x0000000018fc0000)]
  0x0000000017a35800 JavaThread "Incoming local TCP Connector on port 56330" [_thread_in_native, id=12648, stack(0x0000000018c80000,0x0000000018d80000)]
  0x00000000179de000 JavaThread "Daemon health stats" [_thread_blocked, id=37540, stack(0x0000000018640000,0x0000000018740000)]
  0x00000000158d0800 JavaThread "Service Thread" daemon [_thread_blocked, id=29264, stack(0x0000000015ca0000,0x0000000015da0000)]
  0x0000000013f6a800 JavaThread "C1 CompilerThread2" daemon [_thread_blocked, id=23452, stack(0x00000000157a0000,0x00000000158a0000)]
  0x0000000013f5a800 JavaThread "C2 CompilerThread1" daemon [_thread_in_native, id=38960, stack(0x00000000156a0000,0x00000000157a0000)]
=>0x0000000013f53000 JavaThread "C2 CompilerThread0" daemon [_thread_in_native, id=29568, stack(0x00000000155a0000,0x00000000156a0000)]
  0x0000000013f51800 JavaThread "Attach Listener" daemon [_thread_blocked, id=24736, stack(0x00000000154a0000,0x00000000155a0000)]
  0x0000000013f50000 JavaThread "Signal Dispatcher" daemon [_thread_blocked, id=16988, stack(0x00000000153a0000,0x00000000154a0000)]
  0x0000000002bdb000 JavaThread "Finalizer" daemon [_thread_blocked, id=32788, stack(0x00000000151a0000,0x00000000152a0000)]
  0x0000000013f39000 JavaThread "Reference Handler" daemon [_thread_blocked, id=23136, stack(0x00000000150a0000,0x00000000151a0000)]
  0x0000000002add800 JavaThread "main" [_thread_blocked, id=33100, stack(0x0000000002930000,0x0000000002a30000)]

Other Threads:
  0x0000000013f16800 VMThread [stack: 0x0000000014fa0000,0x00000000150a0000] [id=40712]
  0x0000000013fad800 WatcherThread [stack: 0x0000000015da0000,0x0000000015ea0000] [id=15692]

VM state:not at safepoint (normal execution)

VM Mutex/Monitor currently owned by a thread: None

heap address: 0x00000000e0000000, size: 512 MB, Compressed Oops mode: 32-bit
Narrow klass base: 0x0000000000000000, Narrow klass shift: 3
Compressed class space size: 1073741824 Address: 0x0000000100000000

Heap:
 PSYoungGen      total 138240K, used 76813K [0x00000000f5580000, 0x0000000100000000, 0x0000000100000000)
  eden space 127488K, 60% used [0x00000000f5580000,0x00000000fa083488,0x00000000fd200000)
  from space 10752K, 0% used [0x00000000fe000000,0x00000000fe000000,0x00000000fea80000)
  to   space 14336K, 0% used [0x00000000fd200000,0x00000000fd200000,0x00000000fe000000)
 ParOldGen       total 175104K, used 15847K [0x00000000e0000000, 0x00000000eab00000, 0x00000000f5580000)
  object space 175104K, 9% used [0x00000000e0000000,0x00000000e0f79c88,0x00000000eab00000)
 Metaspace       used 41887K, capacity 43000K, committed 43224K, reserved 1087488K
  class space    used 5634K, capacity 5887K, committed 5888K, reserved 1048576K

Card table byte_map: [0x0000000011fa0000,0x00000000120b0000] byte_map_base: 0x00000000118a0000

Marking Bits: (ParMarkBitMap*) 0x000000007386f030
 Begin Bits: [0x00000000124b0000, 0x0000000012cb0000)
 End Bits:   [0x0000000012cb0000, 0x00000000134b0000)

Polling page: 0x0000000000c90000

CodeCache: size=245760Kb used=10979Kb max_used=10979Kb free=234780Kb
 bounds [0x0000000002be0000, 0x00000000036b0000, 0x0000000011be0000]
 total_blobs=3982 nmethods=3248 adapters=647
 compilation: enabled

Compilation events (10 events):
Event: 6.294 Thread 0x0000000013f6a800 3580       3       com.google.common.base.Preconditions::checkNotNull (18 bytes)
Event: 6.295 Thread 0x0000000013f6a800 nmethod 3580 0x000000000369f210 code [0x000000000369f3a0, 0x000000000369f738]
Event: 6.295 Thread 0x0000000013f6a800 3581       1       org.gradle.api.internal.collections.AbstractIterationOrderRetainingElementSource$Element::isRealized (5 bytes)
Event: 6.295 Thread 0x0000000013f6a800 nmethod 3581 0x000000000369f890 code [0x000000000369f9e0, 0x000000000369faf0]
Event: 6.297 Thread 0x0000000013f6a800 3582       3       org.gradle.cache.internal.DefaultCrossBuildInMemoryCacheFactory$AbstractCrossBuildInMemoryCache::getIfPresent (43 bytes)
Event: 6.298 Thread 0x0000000013f6a800 nmethod 3582 0x000000000369fb50 code [0x000000000369fce0, 0x00000000036a0148]
Event: 6.298 Thread 0x0000000013f6a800 3583       3       java.util.Arrays::fill (23 bytes)
Event: 6.298 Thread 0x0000000013f6a800 nmethod 3583 0x00000000036a0290 code [0x00000000036a0400, 0x00000000036a05f0]
Event: 6.307 Thread 0x0000000013f6a800 3584       1       org.gradle.internal.instantiation.generator.DefaultInstantiationScheme::instantiator (5 bytes)
Event: 6.307 Thread 0x0000000013f6a800 nmethod 3584 0x00000000036a06d0 code [0x00000000036a0820, 0x00000000036a0930]

GC Heap History (10 events):
Event: 3.095 GC heap before
{Heap before GC invocations=4 (full 0):
 PSYoungGen      total 76288K, used 18613K [0x00000000f5580000, 0x00000000fea80000, 0x0000000100000000)
  eden space 65536K, 11% used [0x00000000f5580000,0x00000000f5d2da08,0x00000000f9580000)
  from space 10752K, 99% used [0x00000000f9580000,0x00000000f9fffb50,0x00000000fa000000)
  to   space 10752K, 0% used [0x00000000fe000000,0x00000000fe000000,0x00000000fea80000)
 ParOldGen       total 175104K, used 772K [0x00000000e0000000, 0x00000000eab00000, 0x00000000f5580000)
  object space 175104K, 0% used [0x00000000e0000000,0x00000000e00c12f8,0x00000000eab00000)
 Metaspace       used 20578K, capacity 21138K, committed 21248K, reserved 1067008K
  class space    used 2887K, capacity 3055K, committed 3072K, reserved 1048576K
Event: 3.114 GC heap after
Heap after GC invocations=4 (full 0):
 PSYoungGen      total 141824K, used 7180K [0x00000000f5580000, 0x00000000fea80000, 0x0000000100000000)
  eden space 131072K, 0% used [0x00000000f5580000,0x00000000f5580000,0x00000000fd580000)
  from space 10752K, 66% used [0x00000000fe000000,0x00000000fe703000,0x00000000fea80000)
  to   space 10752K, 0% used [0x00000000fd580000,0x00000000fd580000,0x00000000fe000000)
 ParOldGen       total 175104K, used 780K [0x00000000e0000000, 0x00000000eab00000, 0x00000000f5580000)
  object space 175104K, 0% used [0x00000000e0000000,0x00000000e00c32f8,0x00000000eab00000)
 Metaspace       used 20578K, capacity 21138K, committed 21248K, reserved 1067008K
  class space    used 2887K, capacity 3055K, committed 3072K, reserved 1048576K
}
Event: 3.114 GC heap before
{Heap before GC invocations=5 (full 1):
 PSYoungGen      total 141824K, used 7180K [0x00000000f5580000, 0x00000000fea80000, 0x0000000100000000)
  eden space 131072K, 0% used [0x00000000f5580000,0x00000000f5580000,0x00000000fd580000)
  from space 10752K, 66% used [0x00000000fe000000,0x00000000fe703000,0x00000000fea80000)
  to   space 10752K, 0% used [0x00000000fd580000,0x00000000fd580000,0x00000000fe000000)
 ParOldGen       total 175104K, used 780K [0x00000000e0000000, 0x00000000eab00000, 0x00000000f5580000)
  object space 175104K, 0% used [0x00000000e0000000,0x00000000e00c32f8,0x00000000eab00000)
 Metaspace       used 20578K, capacity 21138K, committed 21248K, reserved 1067008K
  class space    used 2887K, capacity 3055K, committed 3072K, reserved 1048576K
Event: 3.177 GC heap after
Heap after GC invocations=5 (full 1):
 PSYoungGen      total 141824K, used 0K [0x00000000f5580000, 0x00000000fea80000, 0x0000000100000000)
  eden space 131072K, 0% used [0x00000000f5580000,0x00000000f5580000,0x00000000fd580000)
  from space 10752K, 0% used [0x00000000fe000000,0x00000000fe000000,0x00000000fea80000)
  to   space 10752K, 0% used [0x00000000fd580000,0x00000000fd580000,0x00000000fe000000)
 ParOldGen       total 175104K, used 7044K [0x00000000e0000000, 0x00000000eab00000, 0x00000000f5580000)
  object space 175104K, 4% used [0x00000000e0000000,0x00000000e06e1010,0x00000000eab00000)
 Metaspace       used 20578K, capacity 21138K, committed 21248K, reserved 1067008K
  class space    used 2887K, capacity 3055K, committed 3072K, reserved 1048576K
}
Event: 4.635 GC heap before
{Heap before GC invocations=6 (full 1):
 PSYoungGen      total 141824K, used 131072K [0x00000000f5580000, 0x00000000fea80000, 0x0000000100000000)
  eden space 131072K, 100% used [0x00000000f5580000,0x00000000fd580000,0x00000000fd580000)
  from space 10752K, 0% used [0x00000000fe000000,0x00000000fe000000,0x00000000fea80000)
  to   space 10752K, 0% used [0x00000000fd580000,0x00000000fd580000,0x00000000fe000000)
 ParOldGen       total 175104K, used 7044K [0x00000000e0000000, 0x00000000eab00000, 0x00000000f5580000)
  object space 175104K, 4% used [0x00000000e0000000,0x00000000e06e1010,0x00000000eab00000)
 Metaspace       used 32050K, capacity 32722K, committed 33024K, reserved 1077248K
  class space    used 4373K, capacity 4582K, committed 4608K, reserved 1048576K
Event: 4.651 GC heap after
Heap after GC invocations=6 (full 1):
 PSYoungGen      total 141824K, used 10730K [0x00000000f5580000, 0x00000000fea80000, 0x0000000100000000)
  eden space 131072K, 0% used [0x00000000f5580000,0x00000000f5580000,0x00000000fd580000)
  from space 10752K, 99% used [0x00000000fd580000,0x00000000fdffaab8,0x00000000fe000000)
  to   space 10752K, 0% used [0x00000000fe000000,0x00000000fe000000,0x00000000fea80000)
 ParOldGen       total 175104K, used 9682K [0x00000000e0000000, 0x00000000eab00000, 0x00000000f5580000)
  object space 175104K, 5% used [0x00000000e0000000,0x00000000e0974a48,0x00000000eab00000)
 Metaspace       used 32050K, capacity 32722K, committed 33024K, reserved 1077248K
  class space    used 4373K, capacity 4582K, committed 4608K, reserved 1048576K
}
Event: 5.141 GC heap before
{Heap before GC invocations=7 (full 1):
 PSYoungGen      total 141824K, used 65357K [0x00000000f5580000, 0x00000000fea80000, 0x0000000100000000)
  eden space 131072K, 41% used [0x00000000f5580000,0x00000000f8ad8950,0x00000000fd580000)
  from space 10752K, 99% used [0x00000000fd580000,0x00000000fdffaab8,0x00000000fe000000)
  to   space 10752K, 0% used [0x00000000fe000000,0x00000000fe000000,0x00000000fea80000)
 ParOldGen       total 175104K, used 9682K [0x00000000e0000000, 0x00000000eab00000, 0x00000000f5580000)
  object space 175104K, 5% used [0x00000000e0000000,0x00000000e0974a48,0x00000000eab00000)
 Metaspace       used 34506K, capacity 35392K, committed 35416K, reserved 1079296K
  class space    used 4724K, capacity 4969K, committed 4992K, reserved 1048576K
Event: 5.156 GC heap after
Heap after GC invocations=7 (full 1):
 PSYoungGen      total 138240K, used 9553K [0x00000000f5580000, 0x0000000100000000, 0x0000000100000000)
  eden space 127488K, 0% used [0x00000000f5580000,0x00000000f5580000,0x00000000fd200000)
  from space 10752K, 88% used [0x00000000fe000000,0x00000000fe954730,0x00000000fea80000)
  to   space 14336K, 0% used [0x00000000fd200000,0x00000000fd200000,0x00000000fe000000)
 ParOldGen       total 175104K, used 9690K [0x00000000e0000000, 0x00000000eab00000, 0x00000000f5580000)
  object space 175104K, 5% used [0x00000000e0000000,0x00000000e0976a48,0x00000000eab00000)
 Metaspace       used 34506K, capacity 35392K, committed 35416K, reserved 1079296K
  class space    used 4724K, capacity 4969K, committed 4992K, reserved 1048576K
}
Event: 5.156 GC heap before
{Heap before GC invocations=8 (full 2):
 PSYoungGen      total 138240K, used 9553K [0x00000000f5580000, 0x0000000100000000, 0x0000000100000000)
  eden space 127488K, 0% used [0x00000000f5580000,0x00000000f5580000,0x00000000fd200000)
  from space 10752K, 88% used [0x00000000fe000000,0x00000000fe954730,0x00000000fea80000)
  to   space 14336K, 0% used [0x00000000fd200000,0x00000000fd200000,0x00000000fe000000)
 ParOldGen       total 175104K, used 9690K [0x00000000e0000000, 0x00000000eab00000, 0x00000000f5580000)
  object space 175104K, 5% used [0x00000000e0000000,0x00000000e0976a48,0x00000000eab00000)
 Metaspace       used 34506K, capacity 35392K, committed 35416K, reserved 1079296K
  class space    used 4724K, capacity 4969K, committed 4992K, reserved 1048576K
Event: 5.228 GC heap after
Heap after GC invocations=8 (full 2):
 PSYoungGen      total 138240K, used 0K [0x00000000f5580000, 0x0000000100000000, 0x0000000100000000)
  eden space 127488K, 0% used [0x00000000f5580000,0x00000000f5580000,0x00000000fd200000)
  from space 10752K, 0% used [0x00000000fe000000,0x00000000fe000000,0x00000000fea80000)
  to   space 14336K, 0% used [0x00000000fd200000,0x00000000fd200000,0x00000000fe000000)
 ParOldGen       total 175104K, used 15847K [0x00000000e0000000, 0x00000000eab00000, 0x00000000f5580000)
  object space 175104K, 9% used [0x00000000e0000000,0x00000000e0f79c88,0x00000000eab00000)
 Metaspace       used 34506K, capacity 35392K, committed 35416K, reserved 1079296K
  class space    used 4724K, capacity 4969K, committed 4992K, reserved 1048576K
}

Deoptimization events (10 events):
Event: 5.637 Thread 0x0000000017b58000 Uncommon trap: reason=bimorphic action=maybe_recompile pc=0x000000000353a6f4 method=java.lang.ClassLoader.getPackage(Ljava/lang/String;)Ljava/lang/Package; @ 47
Event: 5.639 Thread 0x0000000017b58000 Uncommon trap: reason=bimorphic action=maybe_recompile pc=0x000000000353a6f4 method=java.lang.ClassLoader.getPackage(Ljava/lang/String;)Ljava/lang/Package; @ 47
Event: 5.642 Thread 0x0000000017b58000 Uncommon trap: reason=bimorphic action=maybe_recompile pc=0x000000000353a6f4 method=java.lang.ClassLoader.getPackage(Ljava/lang/String;)Ljava/lang/Package; @ 47
Event: 5.662 Thread 0x0000000017b58000 Uncommon trap: reason=bimorphic action=maybe_recompile pc=0x000000000350c2e4 method=java.lang.ClassLoader.getPackage(Ljava/lang/String;)Ljava/lang/Package; @ 47
Event: 5.756 Thread 0x0000000017b58000 Uncommon trap: reason=unstable_if action=reinterpret pc=0x000000000362827c method=java.io.BufferedInputStream.read([BII)I @ 56
Event: 5.804 Thread 0x0000000017b58000 Uncommon trap: reason=predicate action=maybe_recompile pc=0x0000000003654b74 method=java.util.Arrays.binarySearch0([Ljava/lang/Object;IILjava/lang/Object;Ljava/util/Comparator;)I @ 28
Event: 5.848 Thread 0x0000000017b58000 Uncommon trap: reason=unstable_if action=reinterpret pc=0x0000000003331ff4 method=sun.misc.MetaIndex.mayContain(Ljava/lang/String;)Z @ 38
Event: 5.849 Thread 0x0000000017b58000 Uncommon trap: reason=unstable_if action=reinterpret pc=0x00000000031a6204 method=java.security.CodeSource.hashCode()I @ 4
Event: 5.849 Thread 0x0000000017b58000 Uncommon trap: reason=unstable_if action=reinterpret pc=0x000000000359594c method=java.security.CodeSource.hashCode()I @ 4
Event: 6.161 Thread 0x0000000017b58000 Uncommon trap: reason=unstable_if action=reinterpret pc=0x0000000003232e68 method=org.objectweb.asm.ByteVector.putUTF8(Ljava/lang/String;)Lorg/objectweb/asm/ByteVector; @ 93

Classes redefined (0 events):
No events

Internal exceptions (10 events):
Event: 5.583 Thread 0x0000000017b5d800 Exception <a 'java/lang/NoSuchMethodError': <clinit>> (0x00000000f63ac420) thrown at [C:\src\AOSP-openjdk-git\hotspot\src\share\vm\prims\jni.cpp, line 1615]
Event: 5.584 Thread 0x0000000017b5d800 Exception <a 'java/lang/NoSuchMethodError': <clinit>> (0x00000000f63b6690) thrown at [C:\src\AOSP-openjdk-git\hotspot\src\share\vm\prims\jni.cpp, line 1615]
Event: 5.585 Thread 0x0000000017b5d800 Exception <a 'java/lang/NoSuchMethodError': <clinit>> (0x00000000f63c1740) thrown at [C:\src\AOSP-openjdk-git\hotspot\src\share\vm\prims\jni.cpp, line 1615]
Event: 5.588 Thread 0x0000000017b5d800 Exception <a 'java/lang/NoSuchMethodError': <clinit>> (0x00000000f63d4b48) thrown at [C:\src\AOSP-openjdk-git\hotspot\src\share\vm\prims\jni.cpp, line 1615]
Event: 5.601 Thread 0x0000000017b58000 Exception <a 'java/lang/ClassNotFoundException': build_9vxfd1pttr0v4pk2cfadbmfhlBeanInfo> (0x00000000f7132fa8) thrown at [C:\src\AOSP-openjdk-git\hotspot\src\share\vm\classfile\systemDictionary.cpp, line 210]
Event: 5.601 Thread 0x0000000017b58000 Exception <a 'java/lang/ClassNotFoundException': build_9vxfd1pttr0v4pk2cfadbmfhlCustomizer> (0x00000000f7140118) thrown at [C:\src\AOSP-openjdk-git\hotspot\src\share\vm\classfile\systemDictionary.cpp, line 210]
Event: 5.612 Thread 0x0000000017b58000 Exception <a 'java/lang/ClassNotFoundException': org/gradle/api/internal/plugins/DefaultObjectConfigurationActionBeanInfo> (0x00000000f71dd5c8) thrown at [C:\src\AOSP-openjdk-git\hotspot\src\share\vm\classfile\systemDictionary.cpp, line 210]
Event: 5.613 Thread 0x0000000017b58000 Exception <a 'java/lang/ClassNotFoundException': org/gradle/api/internal/plugins/DefaultObjectConfigurationActionCustomizer> (0x00000000f7222798) thrown at [C:\src\AOSP-openjdk-git\hotspot\src\share\vm\classfile\systemDictionary.cpp, line 210]
Event: 5.849 Thread 0x0000000017b58000 Implicit null exception at 0x000000000319ec5f to 0x00000000031a61d9
Event: 5.849 Thread 0x0000000017b58000 Implicit null exception at 0x0000000003595655 to 0x000000000359593d

Events (10 events):
Event: 6.307 loading class java/util/zip/DeflaterOutputStream done
Event: 6.307 loading class java/util/zip/GZIPOutputStream done
Event: 6.307 loading class java/util/zip/GZIPInputStream
Event: 6.308 loading class java/util/zip/GZIPInputStream done
Event: 6.308 loading class org/gradle/caching/internal/packaging/impl/TarBuildCacheEntryPacker
Event: 6.308 loading class org/gradle/caching/internal/packaging/impl/TarBuildCacheEntryPacker done
Event: 6.309 loading class org/apache/commons/compress/archivers/tar/TarArchiveInputStream
Event: 6.309 loading class org/apache/commons/compress/archivers/tar/TarArchiveInputStream done
Event: 6.310 loading class org/apache/commons/compress/archivers/ArchiveInputStream
Event: 6.310 loading class org/apache/commons/compress/archivers/ArchiveInputStream done


Dynamic libraries:
0x00007ff74db80000 - 0x00007ff74dbb1000 	C:\Program Files\Android\Android Studio\jre\bin\java.exe
0x00007ffa79da0000 - 0x00007ffa79f8d000 	C:\Windows\SYSTEM32\ntdll.dll
0x00007ffa77050000 - 0x00007ffa77103000 	C:\Windows\System32\KERNEL32.DLL
0x00007ffa75e90000 - 0x00007ffa76125000 	C:\Windows\System32\KERNELBASE.dll
0x00007ffa77c90000 - 0x00007ffa77d33000 	C:\Windows\System32\ADVAPI32.dll
0x00007ffa77e60000 - 0x00007ffa77efe000 	C:\Windows\System32\msvcrt.dll
0x00007ffa77280000 - 0x00007ffa7731e000 	C:\Windows\System32\sechost.dll
0x00007ffa79b70000 - 0x00007ffa79c92000 	C:\Windows\System32\RPCRT4.dll
0x00007ffa798f0000 - 0x00007ffa79a87000 	C:\Windows\System32\USER32.dll
0x00007ffa76f20000 - 0x00007ffa76f40000 	C:\Windows\System32\win32u.dll
0x00007ffa77e30000 - 0x00007ffa77e59000 	C:\Windows\System32\GDI32.dll
0x00007ffa761a0000 - 0x00007ffa7633a000 	C:\Windows\System32\gdi32full.dll
0x00007ffa765d0000 - 0x00007ffa76670000 	C:\Windows\System32\msvcp_win.dll
0x00007ffa766d0000 - 0x00007ffa767ca000 	C:\Windows\System32\ucrtbase.dll
0x00007ffa67ad0000 - 0x00007ffa67d49000 	C:\Windows\WinSxS\amd64_microsoft.windows.common-controls_6595b64144ccf1df_6.0.17763.1282_none_de75b6f253473c0f\COMCTL32.dll
0x00007ffa77320000 - 0x00007ffa7764c000 	C:\Windows\System32\combase.dll
0x00007ffa76f40000 - 0x00007ffa76fbe000 	C:\Windows\System32\bcryptPrimitives.dll
0x00007ffa77d40000 - 0x00007ffa77d6e000 	C:\Windows\System32\IMM32.DLL
0x0000000072fc0000 - 0x0000000073092000 	C:\Program Files\Android\Android Studio\jre\jre\bin\msvcr100.dll
0x00000000730a0000 - 0x00000000738eb000 	C:\Program Files\Android\Android Studio\jre\jre\bin\server\jvm.dll
0x00007ffa77aa0000 - 0x00007ffa77aa8000 	C:\Windows\System32\PSAPI.DLL
0x00007ffa622a0000 - 0x00007ffa622a9000 	C:\Windows\SYSTEM32\WSOCK32.dll
0x00007ffa73f10000 - 0x00007ffa73f34000 	C:\Windows\SYSTEM32\WINMM.dll
0x00007ffa6b130000 - 0x00007ffa6b13a000 	C:\Windows\SYSTEM32\VERSION.dll
0x00007ffa79880000 - 0x00007ffa798ed000 	C:\Windows\System32\WS2_32.dll
0x00007ffa73e80000 - 0x00007ffa73ead000 	C:\Windows\SYSTEM32\winmmbase.dll
0x00007ffa76130000 - 0x00007ffa7617a000 	C:\Windows\System32\cfgmgr32.dll
0x00007ffa71b90000 - 0x00007ffa71b9f000 	C:\Program Files\Android\Android Studio\jre\jre\bin\verify.dll
0x00007ffa66e50000 - 0x00007ffa66e79000 	C:\Program Files\Android\Android Studio\jre\jre\bin\java.dll
0x00007ffa6eeb0000 - 0x00007ffa6eec6000 	C:\Program Files\Android\Android Studio\jre\jre\bin\zip.dll
0x00007ffa78380000 - 0x00007ffa79878000 	C:\Windows\System32\SHELL32.dll
0x00007ffa77be0000 - 0x00007ffa77c88000 	C:\Windows\System32\shcore.dll
0x00007ffa767d0000 - 0x00007ffa76f1f000 	C:\Windows\System32\windows.storage.dll
0x00007ffa75dd0000 - 0x00007ffa75df4000 	C:\Windows\System32\profapi.dll
0x00007ffa75e00000 - 0x00007ffa75e5d000 	C:\Windows\System32\powrprof.dll
0x00007ffa76fd0000 - 0x00007ffa77022000 	C:\Windows\System32\shlwapi.dll
0x00007ffa75d90000 - 0x00007ffa75da1000 	C:\Windows\System32\kernel.appcore.dll
0x00007ffa76180000 - 0x00007ffa76197000 	C:\Windows\System32\cryptsp.dll
0x00007ffa66d30000 - 0x00007ffa66d4a000 	C:\Program Files\Android\Android Studio\jre\jre\bin\net.dll
0x00007ffa755f0000 - 0x00007ffa75657000 	C:\Windows\system32\mswsock.dll
0x00007ffa66d10000 - 0x00007ffa66d23000 	C:\Program Files\Android\Android Studio\jre\jre\bin\nio.dll
0x00007ffa5f9f0000 - 0x00007ffa5fa16000 	C:\Users\WIN\.gradle\native\31\windows-amd64\native-platform.dll
0x00007ffa71b20000 - 0x00007ffa71b2d000 	C:\Program Files\Android\Android Studio\jre\jre\bin\management.dll
0x00007ffa75110000 - 0x00007ffa75143000 	C:\Windows\system32\rsaenh.dll
0x00007ffa75e60000 - 0x00007ffa75e86000 	C:\Windows\System32\bcrypt.dll
0x00007ffa75cc0000 - 0x00007ffa75ce8000 	C:\Windows\SYSTEM32\USERENV.dll
0x00007ffa757c0000 - 0x00007ffa757cc000 	C:\Windows\SYSTEM32\CRYPTBASE.dll
0x00007ffa752b0000 - 0x00007ffa752ed000 	C:\Windows\SYSTEM32\IPHLPAPI.DLL
0x00007ffa77e20000 - 0x00007ffa77e28000 	C:\Windows\System32\NSI.dll
0x00007ffa6b360000 - 0x00007ffa6b376000 	C:\Windows\SYSTEM32\dhcpcsvc6.DLL
0x00007ffa6bdf0000 - 0x00007ffa6be0c000 	C:\Windows\SYSTEM32\dhcpcsvc.DLL
0x00007ffa752f0000 - 0x00007ffa753b7000 	C:\Windows\SYSTEM32\DNSAPI.dll

VM Arguments:
jvm_args: -XX:MaxMetaspaceSize=256m -XX:+HeapDumpOnOutOfMemoryError -Xms256m -Xmx512m -Dfile.encoding=windows-1252 -Duser.country=IN -Duser.language=en -Duser.variant 
java_command: org.gradle.launcher.daemon.bootstrap.GradleDaemon 6.1.1
java_class_path (initial): C:\Users\WIN\.gradle\wrapper\dists\gradle-6.1.1-all\cfmwm155h49vnt3hynmlrsdst\gradle-6.1.1\lib\gradle-launcher-6.1.1.jar
Launcher Type: SUN_STANDARD

Environment Variables:
PATH=C:\Windows\system32;C:\Windows;C:\Windows\System32\Wbem;C:\Windows\System32\WindowsPowerShell\v1.0\;C:\Windows\System32\OpenSSH\;C:\Program Files\Git\cmd;C:\Program Files\nodejs\;C:\Users\WIN\AppData\Local\Microsoft\WindowsApps;;C:\Users\WIN\AppData\Local\Programs\Microsoft VS Code\bin;C:\Users\WIN\AppData\Roaming\npm
USERNAME=WIN
OS=Windows_NT
PROCESSOR_IDENTIFIER=Intel64 Family 6 Model 78 Stepping 3, GenuineIntel



---------------  S Y S T E M  ---------------

OS: Windows 10.0 , 64 bit Build 17763 (10.0.17763.1158)

CPU:total 4 (initial active 4) (2 cores per cpu, 2 threads per core) family 6 model 78 stepping 3, cmov, cx8, fxsr, mmx, sse, sse2, sse3, ssse3, sse4.1, sse4.2, popcnt, avx, avx2, aes, clmul, erms, rtm, 3dnowpref, lzcnt, ht, tsc, tscinvbit, bmi1, bmi2, adx

Memory: 4k page, physical 8277836k(1464708k free), swap 30177224k(9456k free)

vm_info: OpenJDK 64-Bit Server VM (25.242-b01) for windows-amd64 JRE (1.8.0_242-release-1644-b01), built by "builder" with MS VC++ 10.0 (VS2010)

time: Mon Jan 04 14:15:20 2021
timezone: India Standard Time
elapsed time: 6 seconds (0d 0h 0m 6s)

