#
# There is insufficient memory for the Java Runtime Environment to continue.
# Native memory allocation (malloc) failed to allocate 1040736 bytes for Chunk::new
# Possible reasons:
#   The system is out of physical RAM or swap space
#   The process is running with CompressedOops enabled, and the Java Heap may be blocking the growth of the native heap
# Possible solutions:
#   Reduce memory load on the system
#   Increase physical memory or swap space
#   Check if swap backing store is full
#   Decrease Java heap size (-Xmx/-Xms)
#   Decrease number of Java threads
#   Decrease Java thread stack sizes (-Xss)
#   Set larger code cache with -XX:ReservedCodeCacheSize=
#   JVM is running with Unscaled Compressed Oops mode in which the Java heap is
#     placed in the first 4GB address space. The Java Heap base address is the
#     maximum limit for the native heap growth. Please use -XX:HeapBaseMinAddress
#     to set the Java Heap base and to place the Java Heap above 4GB virtual address.
# This output file may be truncated or incomplete.
#
#  Out of Memory Error (allocation.cpp:389), pid=30820, tid=0x0000000000008d6c
#
# JRE version: OpenJDK Runtime Environment (8.0_242-b01) (build 1.8.0_242-release-1644-b01)
# Java VM: OpenJDK 64-Bit Server VM (25.242-b01 mixed mode windows-amd64 compressed oops)
# Failed to write core dump. Minidumps are not enabled by default on client versions of Windows
#

---------------  T H R E A D  ---------------

Current thread (0x0000000014375000):  JavaThread "C2 CompilerThread1" daemon [_thread_in_native, id=36204, stack(0x0000000015ab0000,0x0000000015bb0000)]

Stack: [0x0000000015ab0000,0x0000000015bb0000]
[error occurred during error reporting (printing stack bounds), id 0xc0000005]

Native frames: (J=compiled Java code, j=interpreted, Vv=VM code, C=native code)


Current CompileTask:
C2:   4329 2449   !   4       java.net.URLClassLoader$1::run (63 bytes)


---------------  P R O C E S S  ---------------

Java Threads: ( => current thread )
  0x0000000014384800 JavaThread "Cache worker for execution history cache (C:\Users\WIN\.gradle\caches\6.1.1\executionHistory)" [_thread_blocked, id=33128, stack(0x000000001dc00000,0x000000001dd00000)]
  0x0000000014380000 JavaThread "Cache worker for cache directory md-rule (C:\Users\WIN\.gradle\caches\6.1.1\md-rule)" [_thread_blocked, id=37608, stack(0x000000001db00000,0x000000001dc00000)]
  0x000000001437d800 JavaThread "Cache worker for cache directory md-supplier (C:\Users\WIN\.gradle\caches\6.1.1\md-supplier)" [_thread_blocked, id=34024, stack(0x000000001c770000,0x000000001c870000)]
  0x0000000014383800 JavaThread "Cache worker for file hash cache (C:\Apps\parosmoniFrontApp\.gradle\6.1.1\fileHashes)" [_thread_blocked, id=30660, stack(0x000000001c470000,0x000000001c570000)]
  0x0000000014383000 JavaThread "Cache worker for checksums cache (C:\Apps\parosmoniFrontApp\.gradle\checksums)" [_thread_blocked, id=27200, stack(0x000000001c370000,0x000000001c470000)]
  0x0000000014381800 JavaThread "Cache worker for file hash cache (C:\Users\WIN\.gradle\caches\6.1.1\fileHashes)" [_thread_blocked, id=31156, stack(0x000000001a0d0000,0x000000001a1d0000)]
  0x0000000014382000 JavaThread "File lock request listener" [_thread_in_native, id=4740, stack(0x0000000019fd0000,0x000000001a0d0000)]
  0x0000000017e60800 JavaThread "Cache worker for journal cache (C:\Users\WIN\.gradle\caches\journal-1)" [_thread_blocked, id=10576, stack(0x0000000019ed0000,0x0000000019fd0000)]
  0x0000000017dc8800 JavaThread "Thread-9" [_thread_blocked, id=29828, stack(0x0000000019bd0000,0x0000000019cd0000)]
  0x0000000017dc5800 JavaThread "Stdin handler" [_thread_blocked, id=27600, stack(0x0000000019ad0000,0x0000000019bd0000)]
  0x0000000017dbb000 JavaThread "Asynchronous log dispatcher for DefaultDaemonConnection: socket connection from /127.0.0.1:56645 to /127.0.0.1:56646" [_thread_blocked, id=29208, stack(0x00000000199d0000,0x0000000019ad0000)]
  0x0000000017db5000 JavaThread "Daemon worker" [_thread_in_Java, id=39356, stack(0x00000000198d0000,0x00000000199d0000)]
  0x0000000017dd0800 JavaThread "Cancel handler" [_thread_blocked, id=18788, stack(0x00000000197d0000,0x00000000198d0000)]
  0x0000000017d63000 JavaThread "Handler for socket connection from /127.0.0.1:56645 to /127.0.0.1:56646" [_thread_in_native, id=40836, stack(0x00000000194d0000,0x00000000195d0000)]
  0x0000000017d50800 JavaThread "Daemon" [_thread_blocked, id=33324, stack(0x00000000193d0000,0x00000000194d0000)]
  0x0000000017cdd800 JavaThread "Daemon periodic checks" [_thread_blocked, id=36164, stack(0x00000000192d0000,0x00000000193d0000)]
  0x0000000017cdc800 JavaThread "Incoming local TCP Connector on port 56645" [_thread_in_native, id=35264, stack(0x0000000019090000,0x0000000019190000)]
  0x0000000017c99800 JavaThread "Daemon health stats" [_thread_blocked, id=1180, stack(0x0000000018a50000,0x0000000018b50000)]
  0x00000000143be000 JavaThread "Service Thread" daemon [_thread_blocked, id=6928, stack(0x00000000160b0000,0x00000000161b0000)]
  0x0000000014380800 JavaThread "C1 CompilerThread2" daemon [_thread_blocked, id=29708, stack(0x0000000015bb0000,0x0000000015cb0000)]
=>0x0000000014375000 JavaThread "C2 CompilerThread1" daemon [_thread_in_native, id=36204, stack(0x0000000015ab0000,0x0000000015bb0000)]
  0x0000000014368800 JavaThread "C2 CompilerThread0" daemon [_thread_in_native, id=35356, stack(0x00000000159b0000,0x0000000015ab0000)]
  0x0000000014367000 JavaThread "Attach Listener" daemon [_thread_blocked, id=29420, stack(0x00000000158b0000,0x00000000159b0000)]
  0x0000000014365800 JavaThread "Signal Dispatcher" daemon [_thread_blocked, id=36636, stack(0x00000000157b0000,0x00000000158b0000)]
  0x0000000002fec000 JavaThread "Finalizer" daemon [_thread_blocked, id=23572, stack(0x00000000155b0000,0x00000000156b0000)]
  0x0000000014349000 JavaThread "Reference Handler" daemon [_thread_blocked, id=26552, stack(0x00000000154b0000,0x00000000155b0000)]
  0x000000000161d800 JavaThread "main" [_thread_blocked, id=28352, stack(0x0000000002df0000,0x0000000002ef0000)]

Other Threads:
  0x0000000014326800 VMThread [stack: 0x00000000153b0000,0x00000000154b0000] [id=40468]
  0x00000000143be800 WatcherThread [stack: 0x00000000161b0000,0x00000000162b0000] [id=35600]

VM state:not at safepoint (normal execution)

VM Mutex/Monitor currently owned by a thread: None

heap address: 0x00000000e0000000, size: 512 MB, Compressed Oops mode: 32-bit
Narrow klass base: 0x0000000000000000, Narrow klass shift: 3
Compressed class space size: 1073741824 Address: 0x0000000100000000

Heap:
 PSYoungGen      total 76288K, used 49590K [0x00000000f5580000, 0x00000000faa80000, 0x0000000100000000)
  eden space 65536K, 63% used [0x00000000f5580000,0x00000000f7e388e0,0x00000000f9580000)
  from space 10752K, 73% used [0x00000000f9580000,0x00000000f9d35168,0x00000000fa000000)
  to   space 10752K, 0% used [0x00000000fa000000,0x00000000fa000000,0x00000000faa80000)
 ParOldGen       total 175104K, used 7529K [0x00000000e0000000, 0x00000000eab00000, 0x00000000f5580000)
  object space 175104K, 4% used [0x00000000e0000000,0x00000000e075a6a8,0x00000000eab00000)
 Metaspace       used 31215K, capacity 31998K, committed 32432K, reserved 1077248K
  class space    used 4209K, capacity 4438K, committed 4528K, reserved 1048576K

Card table byte_map: [0x00000000123b0000,0x00000000124c0000] byte_map_base: 0x0000000011cb0000

Marking Bits: (ParMarkBitMap*) 0x000000007386f030
 Begin Bits: [0x00000000128c0000, 0x00000000130c0000)
 End Bits:   [0x00000000130c0000, 0x00000000138c0000)

Polling page: 0x0000000001020000

CodeCache: size=245760Kb used=9512Kb max_used=9512Kb free=236247Kb
 bounds [0x0000000002ff0000, 0x0000000003940000, 0x0000000011ff0000]
 total_blobs=3144 nmethods=2460 adapters=597
 compilation: enabled

Compilation events (10 events):
Event: 4.266 Thread 0x0000000014380800 2464       3       com.google.common.collect.ImmutableCollection::<init> (5 bytes)
Event: 4.266 Thread 0x0000000014380800 nmethod 2464 0x0000000003938d50 code [0x0000000003938ec0, 0x00000000039390d0]
Event: 4.311 Thread 0x0000000014380800 2467       3       org.gradle.internal.reflect.ClassInspector::inspectClass (144 bytes)
Event: 4.313 Thread 0x0000000014380800 nmethod 2467 0x0000000003939450 code [0x0000000003939820, 0x000000000393bad8]
Event: 4.313 Thread 0x0000000014380800 2469       3       sun.reflect.generics.reflectiveObjects.ParameterizedTypeImpl::hashCode (24 bytes)
Event: 4.314 Thread 0x0000000014380800 nmethod 2469 0x000000000393d1d0 code [0x000000000393d360, 0x000000000393d7e8]
Event: 4.314 Thread 0x0000000014380800 2468       3       java.util.ArrayDeque::isEmpty (17 bytes)
Event: 4.314 Thread 0x0000000014380800 nmethod 2468 0x000000000393d990 code [0x000000000393dae0, 0x000000000393dc90]
Event: 4.314 Thread 0x0000000014380800 2470       1       com.google.common.collect.LinkedHashMultimap::access$300 (5 bytes)
Event: 4.314 Thread 0x0000000014380800 nmethod 2470 0x000000000393dd10 code [0x000000000393de60, 0x000000000393df50]

GC Heap History (10 events):
Event: 2.132 GC heap before
{Heap before GC invocations=2 (full 0):
 PSYoungGen      total 76288K, used 71265K [0x00000000f5580000, 0x00000000faa80000, 0x0000000100000000)
  eden space 65536K, 100% used [0x00000000f5580000,0x00000000f9580000,0x00000000f9580000)
  from space 10752K, 53% used [0x00000000f9580000,0x00000000f9b18410,0x00000000fa000000)
  to   space 10752K, 0% used [0x00000000fa000000,0x00000000fa000000,0x00000000faa80000)
 ParOldGen       total 175104K, used 16K [0x00000000e0000000, 0x00000000eab00000, 0x00000000f5580000)
  object space 175104K, 0% used [0x00000000e0000000,0x00000000e0004000,0x00000000eab00000)
 Metaspace       used 14809K, capacity 15180K, committed 15488K, reserved 1062912K
  class space    used 1955K, capacity 2090K, committed 2176K, reserved 1048576K
Event: 2.142 GC heap after
Heap after GC invocations=2 (full 0):
 PSYoungGen      total 76288K, used 9078K [0x00000000f5580000, 0x00000000faa80000, 0x0000000100000000)
  eden space 65536K, 0% used [0x00000000f5580000,0x00000000f5580000,0x00000000f9580000)
  from space 10752K, 84% used [0x00000000fa000000,0x00000000fa8ddb60,0x00000000faa80000)
  to   space 10752K, 0% used [0x00000000f9580000,0x00000000f9580000,0x00000000fa000000)
 ParOldGen       total 175104K, used 24K [0x00000000e0000000, 0x00000000eab00000, 0x00000000f5580000)
  object space 175104K, 0% used [0x00000000e0000000,0x00000000e0006000,0x00000000eab00000)
 Metaspace       used 14809K, capacity 15180K, committed 15488K, reserved 1062912K
  class space    used 1955K, capacity 2090K, committed 2176K, reserved 1048576K
}
Event: 2.994 GC heap before
{Heap before GC invocations=3 (full 0):
 PSYoungGen      total 76288K, used 74614K [0x00000000f5580000, 0x00000000faa80000, 0x0000000100000000)
  eden space 65536K, 100% used [0x00000000f5580000,0x00000000f9580000,0x00000000f9580000)
  from space 10752K, 84% used [0x00000000fa000000,0x00000000fa8ddb60,0x00000000faa80000)
  to   space 10752K, 0% used [0x00000000f9580000,0x00000000f9580000,0x00000000fa000000)
 ParOldGen       total 175104K, used 24K [0x00000000e0000000, 0x00000000eab00000, 0x00000000f5580000)
  object space 175104K, 0% used [0x00000000e0000000,0x00000000e0006000,0x00000000eab00000)
 Metaspace       used 20122K, capacity 20750K, committed 20992K, reserved 1067008K
  class space    used 2816K, capacity 3015K, committed 3072K, reserved 1048576K
Event: 3.015 GC heap after
Heap after GC invocations=3 (full 0):
 PSYoungGen      total 76288K, used 10742K [0x00000000f5580000, 0x00000000faa80000, 0x0000000100000000)
  eden space 65536K, 0% used [0x00000000f5580000,0x00000000f5580000,0x00000000f9580000)
  from space 10752K, 99% used [0x00000000f9580000,0x00000000f9ffdaa0,0x00000000fa000000)
  to   space 10752K, 0% used [0x00000000fa000000,0x00000000fa000000,0x00000000faa80000)
 ParOldGen       total 175104K, used 1179K [0x00000000e0000000, 0x00000000eab00000, 0x00000000f5580000)
  object space 175104K, 0% used [0x00000000e0000000,0x00000000e0126ed0,0x00000000eab00000)
 Metaspace       used 20122K, capacity 20750K, committed 20992K, reserved 1067008K
  class space    used 2816K, capacity 3015K, committed 3072K, reserved 1048576K
}
Event: 3.121 GC heap before
{Heap before GC invocations=4 (full 0):
 PSYoungGen      total 76288K, used 19176K [0x00000000f5580000, 0x00000000faa80000, 0x0000000100000000)
  eden space 65536K, 12% used [0x00000000f5580000,0x00000000f5dbc590,0x00000000f9580000)
  from space 10752K, 99% used [0x00000000f9580000,0x00000000f9ffdaa0,0x00000000fa000000)
  to   space 10752K, 0% used [0x00000000fa000000,0x00000000fa000000,0x00000000faa80000)
 ParOldGen       total 175104K, used 1179K [0x00000000e0000000, 0x00000000eab00000, 0x00000000f5580000)
  object space 175104K, 0% used [0x00000000e0000000,0x00000000e0126ed0,0x00000000eab00000)
 Metaspace       used 20590K, capacity 21218K, committed 21296K, reserved 1067008K
  class space    used 2890K, capacity 3093K, committed 3120K, reserved 1048576K
Event: 3.130 GC heap after
Heap after GC invocations=4 (full 0):
 PSYoungGen      total 76288K, used 7615K [0x00000000f5580000, 0x00000000faa80000, 0x0000000100000000)
  eden space 65536K, 0% used [0x00000000f5580000,0x00000000f5580000,0x00000000f9580000)
  from space 10752K, 70% used [0x00000000fa000000,0x00000000fa76fe18,0x00000000faa80000)
  to   space 10752K, 0% used [0x00000000f9580000,0x00000000f9580000,0x00000000fa000000)
 ParOldGen       total 175104K, used 1187K [0x00000000e0000000, 0x00000000eab00000, 0x00000000f5580000)
  object space 175104K, 0% used [0x00000000e0000000,0x00000000e0128ed0,0x00000000eab00000)
 Metaspace       used 20590K, capacity 21218K, committed 21296K, reserved 1067008K
  class space    used 2890K, capacity 3093K, committed 3120K, reserved 1048576K
}
Event: 3.130 GC heap before
{Heap before GC invocations=5 (full 1):
 PSYoungGen      total 76288K, used 7615K [0x00000000f5580000, 0x00000000faa80000, 0x0000000100000000)
  eden space 65536K, 0% used [0x00000000f5580000,0x00000000f5580000,0x00000000f9580000)
  from space 10752K, 70% used [0x00000000fa000000,0x00000000fa76fe18,0x00000000faa80000)
  to   space 10752K, 0% used [0x00000000f9580000,0x00000000f9580000,0x00000000fa000000)
 ParOldGen       total 175104K, used 1187K [0x00000000e0000000, 0x00000000eab00000, 0x00000000f5580000)
  object space 175104K, 0% used [0x00000000e0000000,0x00000000e0128ed0,0x00000000eab00000)
 Metaspace       used 20590K, capacity 21218K, committed 21296K, reserved 1067008K
  class space    used 2890K, capacity 3093K, committed 3120K, reserved 1048576K
Event: 3.174 GC heap after
Heap after GC invocations=5 (full 1):
 PSYoungGen      total 76288K, used 0K [0x00000000f5580000, 0x00000000faa80000, 0x0000000100000000)
  eden space 65536K, 0% used [0x00000000f5580000,0x00000000f5580000,0x00000000f9580000)
  from space 10752K, 0% used [0x00000000fa000000,0x00000000fa000000,0x00000000faa80000)
  to   space 10752K, 0% used [0x00000000f9580000,0x00000000f9580000,0x00000000fa000000)
 ParOldGen       total 175104K, used 7521K [0x00000000e0000000, 0x00000000eab00000, 0x00000000f5580000)
  object space 175104K, 4% used [0x00000000e0000000,0x00000000e07586a8,0x00000000eab00000)
 Metaspace       used 20590K, capacity 21218K, committed 21296K, reserved 1067008K
  class space    used 2890K, capacity 3093K, committed 3120K, reserved 1048576K
}
Event: 3.897 GC heap before
{Heap before GC invocations=6 (full 1):
 PSYoungGen      total 76288K, used 65536K [0x00000000f5580000, 0x00000000faa80000, 0x0000000100000000)
  eden space 65536K, 100% used [0x00000000f5580000,0x00000000f9580000,0x00000000f9580000)
  from space 10752K, 0% used [0x00000000fa000000,0x00000000fa000000,0x00000000faa80000)
  to   space 10752K, 0% used [0x00000000f9580000,0x00000000f9580000,0x00000000fa000000)
 ParOldGen       total 175104K, used 7521K [0x00000000e0000000, 0x00000000eab00000, 0x00000000f5580000)
  object space 175104K, 4% used [0x00000000e0000000,0x00000000e07586a8,0x00000000eab00000)
 Metaspace       used 28080K, capacity 28804K, committed 28976K, reserved 1075200K
  class space    used 3875K, capacity 4103K, committed 4144K, reserved 1048576K
Event: 3.902 GC heap after
Heap after GC invocations=6 (full 1):
 PSYoungGen      total 76288K, used 7892K [0x00000000f5580000, 0x00000000faa80000, 0x0000000100000000)
  eden space 65536K, 0% used [0x00000000f5580000,0x00000000f5580000,0x00000000f9580000)
  from space 10752K, 73% used [0x00000000f9580000,0x00000000f9d35168,0x00000000fa000000)
  to   space 10752K, 0% used [0x00000000fa000000,0x00000000fa000000,0x00000000faa80000)
 ParOldGen       total 175104K, used 7529K [0x00000000e0000000, 0x00000000eab00000, 0x00000000f5580000)
  object space 175104K, 4% used [0x00000000e0000000,0x00000000e075a6a8,0x00000000eab00000)
 Metaspace       used 28080K, capacity 28804K, committed 28976K, reserved 1075200K
  class space    used 3875K, capacity 4103K, committed 4144K, reserved 1048576K
}

Deoptimization events (10 events):
Event: 3.306 Thread 0x0000000017db5000 Uncommon trap: reason=unstable_if action=reinterpret pc=0x000000000331a4b0 method=java.util.LinkedHashMap.afterNodeInsertion(Z)V @ 1
Event: 3.610 Thread 0x0000000017db5000 Uncommon trap: reason=class_check action=maybe_recompile pc=0x0000000003246cf8 method=sun.misc.URLClassPath.getLoader(I)Lsun/misc/URLClassPath$Loader; @ 94
Event: 3.610 Thread 0x0000000017db5000 Uncommon trap: reason=class_check action=maybe_recompile pc=0x00000000033ada2c method=sun.misc.URLClassPath.getResource(Ljava/lang/String;Z)Lsun/misc/Resource; @ 62
Event: 3.610 Thread 0x0000000017db5000 Uncommon trap: reason=unstable_if action=reinterpret pc=0x000000000370cb94 method=java.lang.String.regionMatches(ZILjava/lang/String;II)Z @ 41
Event: 3.611 Thread 0x0000000017db5000 Uncommon trap: reason=unstable_if action=reinterpret pc=0x00000000036a670c method=java.lang.ClassLoader.getClassLoadingLock(Ljava/lang/String;)Ljava/lang/Object; @ 6
Event: 3.638 Thread 0x0000000017db5000 Uncommon trap: reason=bimorphic action=maybe_recompile pc=0x000000000363c344 method=java.io.BufferedInputStream.read([BII)I @ 101
Event: 3.638 Thread 0x0000000017db5000 Uncommon trap: reason=bimorphic action=maybe_recompile pc=0x000000000363c344 method=java.io.BufferedInputStream.read([BII)I @ 101
Event: 3.639 Thread 0x0000000017db5000 Uncommon trap: reason=bimorphic action=maybe_recompile pc=0x000000000363c344 method=java.io.BufferedInputStream.read([BII)I @ 101
Event: 3.639 Thread 0x0000000017db5000 Uncommon trap: reason=bimorphic action=maybe_recompile pc=0x000000000363c344 method=java.io.BufferedInputStream.read([BII)I @ 101
Event: 3.888 Thread 0x0000000017db5000 Uncommon trap: reason=unstable_if action=reinterpret pc=0x00000000035345ac method=java.lang.String.regionMatches(ZILjava/lang/String;II)Z @ 41

Classes redefined (0 events):
No events

Internal exceptions (10 events):
Event: 3.942 Thread 0x0000000017db5000 Exception <a 'java/lang/ClassNotFoundException': groovy/lang/ClosureCustomizer> (0x00000000f5843d78) thrown at [C:\src\AOSP-openjdk-git\hotspot\src\share\vm\classfile\systemDictionary.cpp, line 210]
Event: 3.945 Thread 0x0000000017db5000 Exception <a 'java/lang/ClassNotFoundException': groovy/lang/Closure$1Customizer> (0x00000000f588bc20) thrown at [C:\src\AOSP-openjdk-git\hotspot\src\share\vm\classfile\systemDictionary.cpp, line 210]
Event: 4.038 Thread 0x0000000017db5000 Exception <a 'java/lang/ClassNotFoundException': org/gradle/internal/metaobject/ConfigureDelegateBeanInfo> (0x00000000f5f5b5f8) thrown at [C:\src\AOSP-openjdk-git\hotspot\src\share\vm\classfile\systemDictionary.cpp, line 210]
Event: 4.039 Thread 0x0000000017db5000 Exception <a 'java/lang/ClassNotFoundException': org/gradle/internal/metaobject/ConfigureDelegateCustomizer> (0x00000000f5f8a3f0) thrown at [C:\src\AOSP-openjdk-git\hotspot\src\share\vm\classfile\systemDictionary.cpp, line 210]
Event: 4.045 Thread 0x0000000017db5000 Exception <a 'java/lang/ClassNotFoundException': org/gradle/api/internal/initialization/DefaultScriptHandlerBeanInfo> (0x00000000f6012530) thrown at [C:\src\AOSP-openjdk-git\hotspot\src\share\vm\classfile\systemDictionary.cpp, line 210]
Event: 4.046 Thread 0x0000000017db5000 Exception <a 'java/lang/ClassNotFoundException': org/gradle/api/internal/initialization/DefaultScriptHandlerCustomizer> (0x00000000f6049ca0) thrown at [C:\src\AOSP-openjdk-git\hotspot\src\share\vm\classfile\systemDictionary.cpp, line 210]
Event: 4.149 Thread 0x0000000017db5000 Exception <a 'java/lang/ClassNotFoundException': org/gradle/api/internal/artifacts/dsl/dependencies/DefaultDependencyHandler_DecoratedBeanInfo> (0x00000000f6a58ac8) thrown at [C:\src\AOSP-openjdk-git\hotspot\src\share\vm\classfile\systemDictionary.cpp, li
Event: 4.150 Thread 0x0000000017db5000 Exception <a 'java/lang/ClassNotFoundException': org/gradle/api/internal/artifacts/dsl/dependencies/DefaultDependencyHandlerBeanInfo> (0x00000000f6ab3988) thrown at [C:\src\AOSP-openjdk-git\hotspot\src\share\vm\classfile\systemDictionary.cpp, line 210]
Event: 4.151 Thread 0x0000000017db5000 Exception <a 'java/lang/ClassNotFoundException': org/gradle/api/internal/artifacts/dsl/dependencies/DefaultDependencyHandlerCustomizer> (0x00000000f6b0fb28) thrown at [C:\src\AOSP-openjdk-git\hotspot\src\share\vm\classfile\systemDictionary.cpp, line 210]
Event: 4.153 Thread 0x0000000017db5000 Exception <a 'java/lang/ClassNotFoundException': org/gradle/api/internal/artifacts/dsl/dependencies/DefaultDependencyHandler_DecoratedCustomizer> (0x00000000f6b9d230) thrown at [C:\src\AOSP-openjdk-git\hotspot\src\share\vm\classfile\systemDictionary.cpp, 

Events (10 events):
Event: 4.324 loading class org/gradle/api/internal/artifacts/ResolvedVersionConstraint
Event: 4.324 loading class org/gradle/api/internal/artifacts/ResolvedVersionConstraint done
Event: 4.325 loading class org/gradle/api/internal/artifacts/ivyservice/resolveengine/graph/builder/DeselectVersionAction
Event: 4.325 loading class org/gradle/api/internal/artifacts/ivyservice/resolveengine/graph/builder/DeselectVersionAction done
Event: 4.326 loading class org/gradle/api/internal/artifacts/ivyservice/resolveengine/graph/builder/ResolveOptimizations
Event: 4.326 loading class org/gradle/api/internal/artifacts/ivyservice/resolveengine/graph/builder/ResolveOptimizations done
Event: 4.326 loading class org/gradle/api/artifacts/ModuleIdentifier
Event: 4.326 loading class org/gradle/api/artifacts/ModuleIdentifier done
Event: 4.326 loading class org/gradle/api/internal/artifacts/ivyservice/resolveengine/graph/builder/ModuleResolveState
Event: 4.326 loading class org/gradle/api/internal/artifacts/ivyservice/resolveengine/graph/builder/ModuleResolveState done


Dynamic libraries:
0x00007ff74db80000 - 0x00007ff74dbb1000 	C:\Program Files\Android\Android Studio\jre\bin\java.exe
0x00007ffa79da0000 - 0x00007ffa79f8d000 	C:\Windows\SYSTEM32\ntdll.dll
0x00007ffa77050000 - 0x00007ffa77103000 	C:\Windows\System32\KERNEL32.DLL
0x00007ffa75e90000 - 0x00007ffa76125000 	C:\Windows\System32\KERNELBASE.dll
0x00007ffa77c90000 - 0x00007ffa77d33000 	C:\Windows\System32\ADVAPI32.dll
0x00007ffa77e60000 - 0x00007ffa77efe000 	C:\Windows\System32\msvcrt.dll
0x00007ffa77280000 - 0x00007ffa7731e000 	C:\Windows\System32\sechost.dll
0x00007ffa79b70000 - 0x00007ffa79c92000 	C:\Windows\System32\RPCRT4.dll
0x00007ffa798f0000 - 0x00007ffa79a87000 	C:\Windows\System32\USER32.dll
0x00007ffa76f20000 - 0x00007ffa76f40000 	C:\Windows\System32\win32u.dll
0x00007ffa77e30000 - 0x00007ffa77e59000 	C:\Windows\System32\GDI32.dll
0x00007ffa761a0000 - 0x00007ffa7633a000 	C:\Windows\System32\gdi32full.dll
0x00007ffa765d0000 - 0x00007ffa76670000 	C:\Windows\System32\msvcp_win.dll
0x00007ffa766d0000 - 0x00007ffa767ca000 	C:\Windows\System32\ucrtbase.dll
0x00007ffa67ad0000 - 0x00007ffa67d49000 	C:\Windows\WinSxS\amd64_microsoft.windows.common-controls_6595b64144ccf1df_6.0.17763.1282_none_de75b6f253473c0f\COMCTL32.dll
0x00007ffa77320000 - 0x00007ffa7764c000 	C:\Windows\System32\combase.dll
0x00007ffa76f40000 - 0x00007ffa76fbe000 	C:\Windows\System32\bcryptPrimitives.dll
0x00007ffa77d40000 - 0x00007ffa77d6e000 	C:\Windows\System32\IMM32.DLL
0x0000000072fc0000 - 0x0000000073092000 	C:\Program Files\Android\Android Studio\jre\jre\bin\msvcr100.dll
0x00000000730a0000 - 0x00000000738eb000 	C:\Program Files\Android\Android Studio\jre\jre\bin\server\jvm.dll
0x00007ffa77aa0000 - 0x00007ffa77aa8000 	C:\Windows\System32\PSAPI.DLL
0x00007ffa622a0000 - 0x00007ffa622a9000 	C:\Windows\SYSTEM32\WSOCK32.dll
0x00007ffa73f10000 - 0x00007ffa73f34000 	C:\Windows\SYSTEM32\WINMM.dll
0x00007ffa79880000 - 0x00007ffa798ed000 	C:\Windows\System32\WS2_32.dll
0x00007ffa6b130000 - 0x00007ffa6b13a000 	C:\Windows\SYSTEM32\VERSION.dll
0x00007ffa73e80000 - 0x00007ffa73ead000 	C:\Windows\SYSTEM32\WINMMBASE.dll
0x00007ffa76130000 - 0x00007ffa7617a000 	C:\Windows\System32\cfgmgr32.dll
0x00007ffa71b90000 - 0x00007ffa71b9f000 	C:\Program Files\Android\Android Studio\jre\jre\bin\verify.dll
0x00007ffa66e50000 - 0x00007ffa66e79000 	C:\Program Files\Android\Android Studio\jre\jre\bin\java.dll
0x00007ffa6eeb0000 - 0x00007ffa6eec6000 	C:\Program Files\Android\Android Studio\jre\jre\bin\zip.dll
0x00007ffa78380000 - 0x00007ffa79878000 	C:\Windows\System32\SHELL32.dll
0x00007ffa77be0000 - 0x00007ffa77c88000 	C:\Windows\System32\shcore.dll
0x00007ffa767d0000 - 0x00007ffa76f1f000 	C:\Windows\System32\windows.storage.dll
0x00007ffa75dd0000 - 0x00007ffa75df4000 	C:\Windows\System32\profapi.dll
0x00007ffa75e00000 - 0x00007ffa75e5d000 	C:\Windows\System32\powrprof.dll
0x00007ffa76fd0000 - 0x00007ffa77022000 	C:\Windows\System32\shlwapi.dll
0x00007ffa75d90000 - 0x00007ffa75da1000 	C:\Windows\System32\kernel.appcore.dll
0x00007ffa76180000 - 0x00007ffa76197000 	C:\Windows\System32\cryptsp.dll
0x00007ffa66d30000 - 0x00007ffa66d4a000 	C:\Program Files\Android\Android Studio\jre\jre\bin\net.dll
0x00007ffa755f0000 - 0x00007ffa75657000 	C:\Windows\system32\mswsock.dll
0x00007ffa66d10000 - 0x00007ffa66d23000 	C:\Program Files\Android\Android Studio\jre\jre\bin\nio.dll
0x00007ffa5f9f0000 - 0x00007ffa5fa16000 	C:\Users\WIN\.gradle\native\31\windows-amd64\native-platform.dll
0x00007ffa71b20000 - 0x00007ffa71b2d000 	C:\Program Files\Android\Android Studio\jre\jre\bin\management.dll
0x00007ffa75110000 - 0x00007ffa75143000 	C:\Windows\system32\rsaenh.dll
0x00007ffa75e60000 - 0x00007ffa75e86000 	C:\Windows\System32\bcrypt.dll
0x00007ffa75cc0000 - 0x00007ffa75ce8000 	C:\Windows\SYSTEM32\USERENV.dll
0x00007ffa757c0000 - 0x00007ffa757cc000 	C:\Windows\SYSTEM32\CRYPTBASE.dll
0x00007ffa752b0000 - 0x00007ffa752ed000 	C:\Windows\SYSTEM32\IPHLPAPI.DLL
0x00007ffa77e20000 - 0x00007ffa77e28000 	C:\Windows\System32\NSI.dll
0x00007ffa6b360000 - 0x00007ffa6b376000 	C:\Windows\SYSTEM32\dhcpcsvc6.DLL
0x00007ffa6bdf0000 - 0x00007ffa6be0c000 	C:\Windows\SYSTEM32\dhcpcsvc.DLL
0x00007ffa752f0000 - 0x00007ffa753b7000 	C:\Windows\SYSTEM32\DNSAPI.dll

VM Arguments:
jvm_args: -XX:MaxMetaspaceSize=256m -XX:+HeapDumpOnOutOfMemoryError -Xms256m -Xmx512m -Dfile.encoding=windows-1252 -Duser.country=IN -Duser.language=en -Duser.variant 
java_command: org.gradle.launcher.daemon.bootstrap.GradleDaemon 6.1.1
java_class_path (initial): C:\Users\WIN\.gradle\wrapper\dists\gradle-6.1.1-all\cfmwm155h49vnt3hynmlrsdst\gradle-6.1.1\lib\gradle-launcher-6.1.1.jar
Launcher Type: SUN_STANDARD

Environment Variables:
PATH=C:\Windows\system32;C:\Windows;C:\Windows\System32\Wbem;C:\Windows\System32\WindowsPowerShell\v1.0\;C:\Windows\System32\OpenSSH\;C:\Program Files\Git\cmd;C:\Program Files\nodejs\;C:\Users\WIN\AppData\Local\Microsoft\WindowsApps;;C:\Users\WIN\AppData\Local\Programs\Microsoft VS Code\bin;C:\Users\WIN\AppData\Roaming\npm
USERNAME=WIN
OS=Windows_NT
PROCESSOR_IDENTIFIER=Intel64 Family 6 Model 78 Stepping 3, GenuineIntel



---------------  S Y S T E M  ---------------

OS: Windows 10.0 , 64 bit Build 17763 (10.0.17763.1158)

CPU:total 4 (initial active 4) (2 cores per cpu, 2 threads per core) family 6 model 78 stepping 3, cmov, cx8, fxsr, mmx, sse, sse2, sse3, ssse3, sse4.1, sse4.2, popcnt, avx, avx2, aes, clmul, erms, rtm, 3dnowpref, lzcnt, ht, tsc, tscinvbit, bmi1, bmi2, adx

Memory: 4k page, physical 8277836k(1893400k free), swap 30177224k(5688k free)

vm_info: OpenJDK 64-Bit Server VM (25.242-b01) for windows-amd64 JRE (1.8.0_242-release-1644-b01), built by "builder" with MS VC++ 10.0 (VS2010)

time: Mon Jan 04 14:23:41 2021
timezone: India Standard Time
elapsed time: 4 seconds (0d 0h 0m 4s)

