#
# There is insufficient memory for the Java Runtime Environment to continue.
# Native memory allocation (malloc) failed to allocate 1698096 bytes for Chunk::new
# Possible reasons:
#   The system is out of physical RAM or swap space
#   The process is running with CompressedOops enabled, and the Java Heap may be blocking the growth of the native heap
# Possible solutions:
#   Reduce memory load on the system
#   Increase physical memory or swap space
#   Check if swap backing store is full
#   Decrease Java heap size (-Xmx/-Xms)
#   Decrease number of Java threads
#   Decrease Java thread stack sizes (-Xss)
#   Set larger code cache with -XX:ReservedCodeCacheSize=
#   JVM is running with Unscaled Compressed Oops mode in which the Java heap is
#     placed in the first 4GB address space. The Java Heap base address is the
#     maximum limit for the native heap growth. Please use -XX:HeapBaseMinAddress
#     to set the Java Heap base and to place the Java Heap above 4GB virtual address.
# This output file may be truncated or incomplete.
#
#  Out of Memory Error (allocation.cpp:389), pid=33880, tid=0x0000000000001934
#
# JRE version: OpenJDK Runtime Environment (8.0_242-b01) (build 1.8.0_242-release-1644-b01)
# Java VM: OpenJDK 64-Bit Server VM (25.242-b01 mixed mode windows-amd64 compressed oops)
# Failed to write core dump. Minidumps are not enabled by default on client versions of Windows
#

---------------  T H R E A D  ---------------

Current thread (0x0000000013f3e800):  JavaThread "C2 CompilerThread1" daemon [_thread_in_native, id=6452, stack(0x0000000015680000,0x0000000015780000)]

Stack: [0x0000000015680000,0x0000000015780000]
[error occurred during error reporting (printing stack bounds), id 0xc0000005]

Native frames: (J=compiled Java code, j=interpreted, Vv=VM code, C=native code)


Current CompileTask:
C2:  11116 6230       4       sun.reflect.generics.parser.SignatureParser::parseClassTypeSignature (118 bytes)


---------------  P R O C E S S  ---------------

Java Threads: ( => current thread )
  0x000000001a619000 JavaThread "Cache worker for Build Output Cleanup Cache (C:\Apps\parosmoniFrontApp\.gradle\buildOutputCleanup)" [_thread_blocked, id=31220, stack(0x0000000020090000,0x0000000020190000)]
  0x000000001a618800 JavaThread "Build operations Thread 4" [_thread_blocked, id=37716, stack(0x000000001f720000,0x000000001f820000)]
  0x000000001a61a800 JavaThread "Build operations Thread 3" [_thread_blocked, id=35648, stack(0x000000001f620000,0x000000001f720000)]
  0x000000001a617800 JavaThread "Build operations Thread 2" [_thread_blocked, id=35372, stack(0x000000001f520000,0x000000001f620000)]
  0x000000001a61d000 JavaThread "Build operations" [_thread_blocked, id=30108, stack(0x000000001f420000,0x000000001f520000)]
  0x0000000013f51800 JavaThread "Cache worker for execution history cache (C:\Users\WIN\.gradle\caches\6.1.1\executionHistory)" [_thread_blocked, id=26768, stack(0x000000001d950000,0x000000001da50000)]
  0x0000000013f4f800 JavaThread "Cache worker for cache directory md-rule (C:\Users\WIN\.gradle\caches\6.1.1\md-rule)" [_thread_blocked, id=22592, stack(0x000000001c5e0000,0x000000001c6e0000)]
  0x0000000013f4e800 JavaThread "Cache worker for cache directory md-supplier (C:\Users\WIN\.gradle\caches\6.1.1\md-supplier)" [_thread_blocked, id=28932, stack(0x000000001c4e0000,0x000000001c5e0000)]
  0x0000000013f4e000 JavaThread "Cache worker for file hash cache (C:\Apps\parosmoniFrontApp\.gradle\6.1.1\fileHashes)" [_thread_blocked, id=20532, stack(0x000000001c3e0000,0x000000001c4e0000)]
  0x0000000013f4d000 JavaThread "Cache worker for checksums cache (C:\Apps\parosmoniFrontApp\.gradle\checksums)" [_thread_blocked, id=40936, stack(0x000000001c2e0000,0x000000001c3e0000)]
  0x0000000013f53000 JavaThread "Cache worker for file hash cache (C:\Users\WIN\.gradle\caches\6.1.1\fileHashes)" [_thread_blocked, id=40176, stack(0x0000000019ca0000,0x0000000019da0000)]
  0x0000000013f52800 JavaThread "File lock request listener" [_thread_in_native, id=8320, stack(0x0000000019ba0000,0x0000000019ca0000)]
  0x0000000017a01800 JavaThread "Cache worker for journal cache (C:\Users\WIN\.gradle\caches\journal-1)" [_thread_blocked, id=25012, stack(0x0000000019aa0000,0x0000000019ba0000)]
  0x00000000178d5800 JavaThread "Thread-9" [_thread_blocked, id=33716, stack(0x00000000197a0000,0x00000000198a0000)]
  0x0000000017901800 JavaThread "Stdin handler" [_thread_blocked, id=33800, stack(0x00000000196a0000,0x00000000197a0000)]
  0x0000000017901000 JavaThread "Asynchronous log dispatcher for DefaultDaemonConnection: socket connection from /127.0.0.1:56483 to /127.0.0.1:56484" [_thread_blocked, id=33820, stack(0x00000000195a0000,0x00000000196a0000)]
  0x0000000017906000 JavaThread "Daemon worker" [_thread_blocked, id=22020, stack(0x00000000194a0000,0x00000000195a0000)]
  0x0000000017916800 JavaThread "Cancel handler" [_thread_blocked, id=40708, stack(0x00000000193a0000,0x00000000194a0000)]
  0x00000000178b4000 JavaThread "Handler for socket connection from /127.0.0.1:56483 to /127.0.0.1:56484" [_thread_in_native, id=36280, stack(0x00000000190a0000,0x00000000191a0000)]
  0x000000001789e800 JavaThread "Daemon" [_thread_blocked, id=26268, stack(0x0000000018fa0000,0x00000000190a0000)]
  0x0000000017849000 JavaThread "Daemon periodic checks" [_thread_blocked, id=14052, stack(0x0000000018ea0000,0x0000000018fa0000)]
  0x0000000017841000 JavaThread "Incoming local TCP Connector on port 56483" [_thread_in_native, id=33960, stack(0x0000000018c60000,0x0000000018d60000)]
  0x0000000017736000 JavaThread "Daemon health stats" [_thread_blocked, id=29496, stack(0x0000000018620000,0x0000000018720000)]
  0x00000000158c0000 JavaThread "Service Thread" daemon [_thread_blocked, id=35488, stack(0x0000000015c80000,0x0000000015d80000)]
  0x0000000013f4c800 JavaThread "C1 CompilerThread2" daemon [_thread_blocked, id=34076, stack(0x0000000015780000,0x0000000015880000)]
=>0x0000000013f3e800 JavaThread "C2 CompilerThread1" daemon [_thread_in_native, id=6452, stack(0x0000000015680000,0x0000000015780000)]
  0x0000000013f35800 JavaThread "C2 CompilerThread0" daemon [_thread_in_native, id=25356, stack(0x0000000015580000,0x0000000015680000)]
  0x0000000013f34800 JavaThread "Attach Listener" daemon [_thread_blocked, id=36540, stack(0x0000000015480000,0x0000000015580000)]
  0x0000000013f33000 JavaThread "Signal Dispatcher" daemon [_thread_blocked, id=13496, stack(0x0000000015380000,0x0000000015480000)]
  0x0000000002bbe800 JavaThread "Finalizer" daemon [_thread_blocked, id=37736, stack(0x0000000015180000,0x0000000015280000)]
  0x0000000013f19000 JavaThread "Reference Handler" daemon [_thread_blocked, id=30772, stack(0x0000000015080000,0x0000000015180000)]
  0x000000000299d800 JavaThread "main" [_thread_blocked, id=40256, stack(0x00000000029c0000,0x0000000002ac0000)]

Other Threads:
  0x0000000013ef6000 VMThread [stack: 0x0000000014f80000,0x0000000015080000] [id=40536]
  0x00000000158c5000 WatcherThread [stack: 0x0000000015d80000,0x0000000015e80000] [id=1688]

VM state:not at safepoint (normal execution)

VM Mutex/Monitor currently owned by a thread: None

heap address: 0x00000000e0000000, size: 512 MB, Compressed Oops mode: 32-bit
Narrow klass base: 0x0000000000000000, Narrow klass shift: 3
Compressed class space size: 1073741824 Address: 0x0000000100000000

Heap:
 PSYoungGen      total 153600K, used 41488K [0x00000000f5580000, 0x0000000100000000, 0x0000000100000000)
  eden space 131584K, 22% used [0x00000000f5580000,0x00000000f71edd50,0x00000000fd600000)
  from space 22016K, 56% used [0x00000000fea80000,0x00000000ff6964a8,0x0000000100000000)
  to   space 20992K, 0% used [0x00000000fd600000,0x00000000fd600000,0x00000000fea80000)
 ParOldGen       total 180736K, used 30243K [0x00000000e0000000, 0x00000000eb080000, 0x00000000f5580000)
  object space 180736K, 16% used [0x00000000e0000000,0x00000000e1d88fc0,0x00000000eb080000)
 Metaspace       used 66176K, capacity 68500K, committed 68632K, reserved 1107968K
  class space    used 9137K, capacity 9656K, committed 9768K, reserved 1048576K

Card table byte_map: [0x0000000011f80000,0x0000000012090000] byte_map_base: 0x0000000011880000

Marking Bits: (ParMarkBitMap*) 0x000000007386f030
 Begin Bits: [0x0000000012490000, 0x0000000012c90000)
 End Bits:   [0x0000000012c90000, 0x0000000013490000)

Polling page: 0x0000000000bd0000

CodeCache: size=245760Kb used=18804Kb max_used=18804Kb free=226955Kb
 bounds [0x0000000002bc0000, 0x0000000003e30000, 0x0000000011bc0000]
 total_blobs=6567 nmethods=5776 adapters=702
 compilation: enabled

Compilation events (10 events):
Event: 11.112 Thread 0x0000000013f4c800 6392       1       org.gradle.api.internal.artifacts.configurations.LeafOutgoingVariant::getArtifacts (5 bytes)
Event: 11.112 Thread 0x0000000013f4c800 nmethod 6392 0x0000000003e2add0 code [0x0000000003e2af20, 0x0000000003e2b030]
Event: 11.112 Thread 0x0000000013f4c800 6399       1       org.gradle.internal.component.local.model.DefaultLocalComponentMetadata$DefaultLocalConfigurationMetadata::getName (5 bytes)
Event: 11.112 Thread 0x0000000013f4c800 nmethod 6399 0x0000000003e2b090 code [0x0000000003e2b1e0, 0x0000000003e2b2f0]
Event: 11.112 Thread 0x0000000013f4c800 6395       1       org.gradle.api.internal.artifacts.configurations.DefaultConfigurationPublications::access$000 (5 bytes)
Event: 11.112 Thread 0x0000000013f4c800 nmethod 6395 0x0000000003e2b350 code [0x0000000003e2b4a0, 0x0000000003e2b590]
Event: 11.112 Thread 0x0000000013f4c800 6397       1       org.gradle.api.internal.artifacts.configurations.LeafOutgoingVariant::asDescribable (5 bytes)
Event: 11.112 Thread 0x0000000013f4c800 nmethod 6397 0x0000000003e2b610 code [0x0000000003e2b760, 0x0000000003e2b870]
Event: 11.112 Thread 0x0000000013f4c800 6398       1       org.gradle.api.internal.artifacts.configurations.LeafOutgoingVariant::getAttributes (5 bytes)
Event: 11.112 Thread 0x0000000013f4c800 nmethod 6398 0x0000000003e2b8d0 code [0x0000000003e2ba20, 0x0000000003e2bb30]

GC Heap History (10 events):
Event: 7.107 GC heap before
{Heap before GC invocations=9 (full 2):
 PSYoungGen      total 160256K, used 144896K [0x00000000f5580000, 0x0000000100000000, 0x0000000100000000)
  eden space 144896K, 100% used [0x00000000f5580000,0x00000000fe300000,0x00000000fe300000)
  from space 15360K, 0% used [0x00000000ff100000,0x00000000ff100000,0x0000000100000000)
  to   space 14336K, 0% used [0x00000000fe300000,0x00000000fe300000,0x00000000ff100000)
 ParOldGen       total 175104K, used 16753K [0x00000000e0000000, 0x00000000eab00000, 0x00000000f5580000)
  object space 175104K, 9% used [0x00000000e0000000,0x00000000e105c628,0x00000000eab00000)
 Metaspace       used 45001K, capacity 46624K, committed 46888K, reserved 1089536K
  class space    used 6091K, capacity 6438K, committed 6440K, reserved 1048576K
Event: 7.128 GC heap after
Heap after GC invocations=9 (full 2):
 PSYoungGen      total 159232K, used 14335K [0x00000000f5580000, 0x0000000100000000, 0x0000000100000000)
  eden space 144896K, 0% used [0x00000000f5580000,0x00000000f5580000,0x00000000fe300000)
  from space 14336K, 99% used [0x00000000fe300000,0x00000000ff0ffff8,0x00000000ff100000)
  to   space 15360K, 0% used [0x00000000ff100000,0x00000000ff100000,0x0000000100000000)
 ParOldGen       total 175104K, used 18425K [0x00000000e0000000, 0x00000000eab00000, 0x00000000f5580000)
  object space 175104K, 10% used [0x00000000e0000000,0x00000000e11fe5b0,0x00000000eab00000)
 Metaspace       used 45001K, capacity 46624K, committed 46888K, reserved 1089536K
  class space    used 6091K, capacity 6438K, committed 6440K, reserved 1048576K
}
Event: 8.795 GC heap before
{Heap before GC invocations=10 (full 2):
 PSYoungGen      total 159232K, used 159231K [0x00000000f5580000, 0x0000000100000000, 0x0000000100000000)
  eden space 144896K, 100% used [0x00000000f5580000,0x00000000fe300000,0x00000000fe300000)
  from space 14336K, 99% used [0x00000000fe300000,0x00000000ff0ffff8,0x00000000ff100000)
  to   space 15360K, 0% used [0x00000000ff100000,0x00000000ff100000,0x0000000100000000)
 ParOldGen       total 175104K, used 18425K [0x00000000e0000000, 0x00000000eab00000, 0x00000000f5580000)
  object space 175104K, 10% used [0x00000000e0000000,0x00000000e11fe5b0,0x00000000eab00000)
 Metaspace       used 55964K, capacity 57950K, committed 58152K, reserved 1099776K
  class space    used 7632K, capacity 8115K, committed 8232K, reserved 1048576K
Event: 8.819 GC heap after
Heap after GC invocations=10 (full 2):
 PSYoungGen      total 146944K, used 15330K [0x00000000f5580000, 0x0000000100000000, 0x0000000100000000)
  eden space 131584K, 0% used [0x00000000f5580000,0x00000000f5580000,0x00000000fd600000)
  from space 15360K, 99% used [0x00000000ff100000,0x00000000ffff8890,0x0000000100000000)
  to   space 21504K, 0% used [0x00000000fd600000,0x00000000fd600000,0x00000000feb00000)
 ParOldGen       total 175104K, used 25285K [0x00000000e0000000, 0x00000000eab00000, 0x00000000f5580000)
  object space 175104K, 14% used [0x00000000e0000000,0x00000000e18b15d0,0x00000000eab00000)
 Metaspace       used 55964K, capacity 57950K, committed 58152K, reserved 1099776K
  class space    used 7632K, capacity 8115K, committed 8232K, reserved 1048576K
}
Event: 8.977 GC heap before
{Heap before GC invocations=11 (full 2):
 PSYoungGen      total 146944K, used 32866K [0x00000000f5580000, 0x0000000100000000, 0x0000000100000000)
  eden space 131584K, 13% used [0x00000000f5580000,0x00000000f66a0068,0x00000000fd600000)
  from space 15360K, 99% used [0x00000000ff100000,0x00000000ffff8890,0x0000000100000000)
  to   space 21504K, 0% used [0x00000000fd600000,0x00000000fd600000,0x00000000feb00000)
 ParOldGen       total 175104K, used 25285K [0x00000000e0000000, 0x00000000eab00000, 0x00000000f5580000)
  object space 175104K, 14% used [0x00000000e0000000,0x00000000e18b15d0,0x00000000eab00000)
 Metaspace       used 57006K, capacity 59008K, committed 59160K, reserved 1099776K
  class space    used 7759K, capacity 8212K, committed 8232K, reserved 1048576K
Event: 8.991 GC heap after
Heap after GC invocations=11 (full 2):
 PSYoungGen      total 147456K, used 15850K [0x00000000f5580000, 0x0000000100000000, 0x0000000100000000)
  eden space 131584K, 0% used [0x00000000f5580000,0x00000000f5580000,0x00000000fd600000)
  from space 15872K, 99% used [0x00000000fd600000,0x00000000fe57aa68,0x00000000fe580000)
  to   space 22016K, 0% used [0x00000000fea80000,0x00000000fea80000,0x0000000100000000)
 ParOldGen       total 175104K, used 25293K [0x00000000e0000000, 0x00000000eab00000, 0x00000000f5580000)
  object space 175104K, 14% used [0x00000000e0000000,0x00000000e18b35d0,0x00000000eab00000)
 Metaspace       used 57006K, capacity 59008K, committed 59160K, reserved 1099776K
  class space    used 7759K, capacity 8212K, committed 8232K, reserved 1048576K
}
Event: 8.991 GC heap before
{Heap before GC invocations=12 (full 3):
 PSYoungGen      total 147456K, used 15850K [0x00000000f5580000, 0x0000000100000000, 0x0000000100000000)
  eden space 131584K, 0% used [0x00000000f5580000,0x00000000f5580000,0x00000000fd600000)
  from space 15872K, 99% used [0x00000000fd600000,0x00000000fe57aa68,0x00000000fe580000)
  to   space 22016K, 0% used [0x00000000fea80000,0x00000000fea80000,0x0000000100000000)
 ParOldGen       total 175104K, used 25293K [0x00000000e0000000, 0x00000000eab00000, 0x00000000f5580000)
  object space 175104K, 14% used [0x00000000e0000000,0x00000000e18b35d0,0x00000000eab00000)
 Metaspace       used 57006K, capacity 59008K, committed 59160K, reserved 1099776K
  class space    used 7759K, capacity 8212K, committed 8232K, reserved 1048576K
Event: 9.228 GC heap after
Heap after GC invocations=12 (full 3):
 PSYoungGen      total 147456K, used 0K [0x00000000f5580000, 0x0000000100000000, 0x0000000100000000)
  eden space 131584K, 0% used [0x00000000f5580000,0x00000000f5580000,0x00000000fd600000)
  from space 15872K, 0% used [0x00000000fd600000,0x00000000fd600000,0x00000000fe580000)
  to   space 22016K, 0% used [0x00000000fea80000,0x00000000fea80000,0x0000000100000000)
 ParOldGen       total 180736K, used 30243K [0x00000000e0000000, 0x00000000eb080000, 0x00000000f5580000)
  object space 180736K, 16% used [0x00000000e0000000,0x00000000e1d88fc0,0x00000000eb080000)
 Metaspace       used 56992K, capacity 58960K, committed 59160K, reserved 1099776K
  class space    used 7754K, capacity 8204K, committed 8232K, reserved 1048576K
}
Event: 10.689 GC heap before
{Heap before GC invocations=13 (full 3):
 PSYoungGen      total 147456K, used 131584K [0x00000000f5580000, 0x0000000100000000, 0x0000000100000000)
  eden space 131584K, 100% used [0x00000000f5580000,0x00000000fd600000,0x00000000fd600000)
  from space 15872K, 0% used [0x00000000fd600000,0x00000000fd600000,0x00000000fe580000)
  to   space 22016K, 0% used [0x00000000fea80000,0x00000000fea80000,0x0000000100000000)
 ParOldGen       total 180736K, used 30243K [0x00000000e0000000, 0x00000000eb080000, 0x00000000f5580000)
  object space 180736K, 16% used [0x00000000e0000000,0x00000000e1d88fc0,0x00000000eb080000)
 Metaspace       used 63638K, capacity 65978K, committed 66200K, reserved 1105920K
  class space    used 8750K, capacity 9281K, committed 9384K, reserved 1048576K
Event: 10.709 GC heap after
Heap after GC invocations=13 (full 3):
 PSYoungGen      total 153600K, used 12377K [0x00000000f5580000, 0x0000000100000000, 0x0000000100000000)
  eden space 131584K, 0% used [0x00000000f5580000,0x00000000f5580000,0x00000000fd600000)
  from space 22016K, 56% used [0x00000000fea80000,0x00000000ff6964a8,0x0000000100000000)
  to   space 20992K, 0% used [0x00000000fd600000,0x00000000fd600000,0x00000000fea80000)
 ParOldGen       total 180736K, used 30243K [0x00000000e0000000, 0x00000000eb080000, 0x00000000f5580000)
  object space 180736K, 16% used [0x00000000e0000000,0x00000000e1d88fc0,0x00000000eb080000)
 Metaspace       used 63638K, capacity 65978K, committed 66200K, reserved 1105920K
  class space    used 8750K, capacity 9281K, committed 9384K, reserved 1048576K
}

Deoptimization events (10 events):
Event: 10.386 Thread 0x0000000017906000 Uncommon trap: reason=unstable_if action=reinterpret pc=0x0000000002d92f64 method=java.lang.String.replace(CC)Ljava/lang/String; @ 2
Event: 10.389 Thread 0x0000000017906000 Uncommon trap: reason=unstable_if action=reinterpret pc=0x0000000003863150 method=org.codehaus.groovy.runtime.metaclass.MetaMethodIndex.copyNonPrivateNonNewMetaMethods(Lorg/codehaus/groovy/runtime/metaclass/MetaMethodIndex$Entry;Lorg/codehaus/groovy/runti
Event: 10.389 Thread 0x0000000017906000 Uncommon trap: reason=unstable_if action=reinterpret pc=0x0000000003950124 method=groovy.lang.MetaClassImpl$1MOPIter.methodNameAction(Ljava/lang/Class;Lorg/codehaus/groovy/runtime/metaclass/MetaMethodIndex$Entry;)V @ 182
Event: 10.432 Thread 0x0000000017906000 Uncommon trap: reason=unstable_if action=reinterpret pc=0x00000000039dc8c8 method=java.lang.Class$MethodArray.removeLessSpecifics()V @ 25
Event: 10.435 Thread 0x0000000017906000 Uncommon trap: reason=unstable_if action=reinterpret pc=0x000000000385168c method=org.codehaus.groovy.runtime.metaclass.MetaMethodIndex.addMethodToList(Ljava/lang/Object;Lgroovy/lang/MetaMethod;)Ljava/lang/Object; @ 256
Event: 10.619 Thread 0x0000000017906000 Uncommon trap: reason=class_check action=maybe_recompile pc=0x000000000323d040 method=java.lang.Throwable.<init>(Ljava/lang/String;Ljava/lang/Throwable;)V @ 24
Event: 10.853 Thread 0x0000000017906000 Uncommon trap: reason=null_check action=make_not_entrant pc=0x0000000003249224 method=java.lang.Class.createAnnotationData(I)Ljava/lang/Class$AnnotationData; @ 14
Event: 10.988 Thread 0x0000000017906000 Uncommon trap: reason=unstable_if action=reinterpret pc=0x00000000032b4968 method=java.util.regex.Pattern$BmpCharProperty.match(Ljava/util/regex/Matcher;ILjava/lang/CharSequence;)Z @ 34
Event: 10.992 Thread 0x0000000017906000 Uncommon trap: reason=unstable_if action=reinterpret pc=0x0000000003163668 method=com.sun.org.apache.xerces.internal.impl.XMLEntityScanner.scanLiteral(ILcom/sun/org/apache/xerces/internal/xni/XMLString;Z)I @ 660
Event: 11.031 Thread 0x0000000017906000 Uncommon trap: reason=unstable_if action=reinterpret pc=0x0000000002da5e58 method=com.google.gson.stream.JsonReader.doPeek()I @ 315

Classes redefined (0 events):
No events

Internal exceptions (10 events):
Event: 10.463 Thread 0x0000000017906000 Exception <a 'java/lang/ClassNotFoundException': org/gradle/api/tasks/SourceSetCustomizer> (0x00000000fc5d18a0) thrown at [C:\src\AOSP-openjdk-git\hotspot\src\share\vm\classfile\systemDictionary.cpp, line 210]
Event: 10.465 Thread 0x0000000017906000 Exception <a 'java/lang/ClassNotFoundException': java/util/LinkedHashMapBeanInfo> (0x00000000fc6592b8) thrown at [C:\src\AOSP-openjdk-git\hotspot\src\share\vm\classfile\systemDictionary.cpp, line 210]
Event: 10.466 Thread 0x0000000017906000 Exception <a 'java/lang/ClassNotFoundException': java/util/HashMapBeanInfo> (0x00000000fc661c80) thrown at [C:\src\AOSP-openjdk-git\hotspot\src\share\vm\classfile\systemDictionary.cpp, line 210]
Event: 10.466 Thread 0x0000000017906000 Exception <a 'java/lang/ClassNotFoundException': java/util/AbstractMapBeanInfo> (0x00000000fc66b838) thrown at [C:\src\AOSP-openjdk-git\hotspot\src\share\vm\classfile\systemDictionary.cpp, line 210]
Event: 10.467 Thread 0x0000000017906000 Exception <a 'java/lang/ClassNotFoundException': java/util/AbstractMapCustomizer> (0x00000000fc6754f0) thrown at [C:\src\AOSP-openjdk-git\hotspot\src\share\vm\classfile\systemDictionary.cpp, line 210]
Event: 10.468 Thread 0x0000000017906000 Exception <a 'java/lang/ClassNotFoundException': java/util/HashMapCustomizer> (0x00000000fc68aec0) thrown at [C:\src\AOSP-openjdk-git\hotspot\src\share\vm\classfile\systemDictionary.cpp, line 210]
Event: 10.469 Thread 0x0000000017906000 Exception <a 'java/lang/ClassNotFoundException': java/util/LinkedHashMapCustomizer> (0x00000000fc6b2df0) thrown at [C:\src\AOSP-openjdk-git\hotspot\src\share\vm\classfile\systemDictionary.cpp, line 210]
Event: 10.714 Thread 0x0000000017906000 Exception <a 'java/lang/ClassNotFoundException': com/sun/org/glassfish/hk2/osgiresourcelocator/ServiceLoader> (0x00000000f55c1600) thrown at [C:\src\AOSP-openjdk-git\hotspot\src\share\vm\classfile\systemDictionary.cpp, line 210]
Event: 10.767 Thread 0x0000000017906000 Exception <a 'java/lang/NullPointerException'> (0x00000000f5a48918) thrown at [C:\src\AOSP-openjdk-git\hotspot\src\share\vm\interpreter\linkResolver.cpp, line 1287]
Event: 11.092 Thread 0x0000000017906000 Exception <a 'java/lang/reflect/InvocationTargetException'> (0x00000000f7069af8) thrown at [C:\src\AOSP-openjdk-git\hotspot\src\share\vm\runtime\reflection.cpp, line 1092]

Events (10 events):
Event: 11.096 loading class com/android/build/gradle/internal/ide/dependencies/DependencyGraphBuilder
Event: 11.096 loading class com/android/build/gradle/internal/ide/dependencies/DependencyGraphBuilder done
Event: 11.096 loading class com/android/build/gradle/internal/ide/DependencyFailureHandler
Event: 11.096 loading class com/android/build/gradle/internal/ide/DependencyFailureHandler done
Event: 11.099 loading class org/gradle/api/internal/artifacts/ivyservice/moduleconverter/DefaultRootComponentMetadataBuilder$1
Event: 11.099 loading class org/gradle/api/internal/artifacts/ivyservice/moduleconverter/DefaultRootComponentMetadataBuilder$1 done
Event: 11.103 loading class org/gradle/internal/component/local/model/PublishArtifactLocalArtifactMetadata
Event: 11.103 loading class org/gradle/internal/component/local/model/PublishArtifactLocalArtifactMetadata done
Event: 11.112 loading class org/gradle/api/internal/artifacts/repositories/resolver/DefaultExternalResourceArtifactResolver
Event: 11.112 loading class org/gradle/api/internal/artifacts/repositories/resolver/DefaultExternalResourceArtifactResolver done


Dynamic libraries:
0x00007ff74db80000 - 0x00007ff74dbb1000 	C:\Program Files\Android\Android Studio\jre\bin\java.exe
0x00007ffa79da0000 - 0x00007ffa79f8d000 	C:\Windows\SYSTEM32\ntdll.dll
0x00007ffa77050000 - 0x00007ffa77103000 	C:\Windows\System32\KERNEL32.DLL
0x00007ffa75e90000 - 0x00007ffa76125000 	C:\Windows\System32\KERNELBASE.dll
0x00007ffa77c90000 - 0x00007ffa77d33000 	C:\Windows\System32\ADVAPI32.dll
0x00007ffa77e60000 - 0x00007ffa77efe000 	C:\Windows\System32\msvcrt.dll
0x00007ffa77280000 - 0x00007ffa7731e000 	C:\Windows\System32\sechost.dll
0x00007ffa79b70000 - 0x00007ffa79c92000 	C:\Windows\System32\RPCRT4.dll
0x00007ffa798f0000 - 0x00007ffa79a87000 	C:\Windows\System32\USER32.dll
0x00007ffa76f20000 - 0x00007ffa76f40000 	C:\Windows\System32\win32u.dll
0x00007ffa77e30000 - 0x00007ffa77e59000 	C:\Windows\System32\GDI32.dll
0x00007ffa761a0000 - 0x00007ffa7633a000 	C:\Windows\System32\gdi32full.dll
0x00007ffa765d0000 - 0x00007ffa76670000 	C:\Windows\System32\msvcp_win.dll
0x00007ffa766d0000 - 0x00007ffa767ca000 	C:\Windows\System32\ucrtbase.dll
0x00007ffa67ad0000 - 0x00007ffa67d49000 	C:\Windows\WinSxS\amd64_microsoft.windows.common-controls_6595b64144ccf1df_6.0.17763.1282_none_de75b6f253473c0f\COMCTL32.dll
0x00007ffa77320000 - 0x00007ffa7764c000 	C:\Windows\System32\combase.dll
0x00007ffa76f40000 - 0x00007ffa76fbe000 	C:\Windows\System32\bcryptPrimitives.dll
0x00007ffa77d40000 - 0x00007ffa77d6e000 	C:\Windows\System32\IMM32.DLL
0x0000000072fc0000 - 0x0000000073092000 	C:\Program Files\Android\Android Studio\jre\jre\bin\msvcr100.dll
0x00000000730a0000 - 0x00000000738eb000 	C:\Program Files\Android\Android Studio\jre\jre\bin\server\jvm.dll
0x00007ffa77aa0000 - 0x00007ffa77aa8000 	C:\Windows\System32\PSAPI.DLL
0x00007ffa73f10000 - 0x00007ffa73f34000 	C:\Windows\SYSTEM32\WINMM.dll
0x00007ffa622a0000 - 0x00007ffa622a9000 	C:\Windows\SYSTEM32\WSOCK32.dll
0x00007ffa6b130000 - 0x00007ffa6b13a000 	C:\Windows\SYSTEM32\VERSION.dll
0x00007ffa79880000 - 0x00007ffa798ed000 	C:\Windows\System32\WS2_32.dll
0x00007ffa73e80000 - 0x00007ffa73ead000 	C:\Windows\SYSTEM32\WINMMBASE.dll
0x00007ffa76130000 - 0x00007ffa7617a000 	C:\Windows\System32\cfgmgr32.dll
0x00007ffa71b90000 - 0x00007ffa71b9f000 	C:\Program Files\Android\Android Studio\jre\jre\bin\verify.dll
0x00007ffa66e50000 - 0x00007ffa66e79000 	C:\Program Files\Android\Android Studio\jre\jre\bin\java.dll
0x00007ffa6eeb0000 - 0x00007ffa6eec6000 	C:\Program Files\Android\Android Studio\jre\jre\bin\zip.dll
0x00007ffa78380000 - 0x00007ffa79878000 	C:\Windows\System32\SHELL32.dll
0x00007ffa77be0000 - 0x00007ffa77c88000 	C:\Windows\System32\shcore.dll
0x00007ffa767d0000 - 0x00007ffa76f1f000 	C:\Windows\System32\windows.storage.dll
0x00007ffa75dd0000 - 0x00007ffa75df4000 	C:\Windows\System32\profapi.dll
0x00007ffa75e00000 - 0x00007ffa75e5d000 	C:\Windows\System32\powrprof.dll
0x00007ffa76fd0000 - 0x00007ffa77022000 	C:\Windows\System32\shlwapi.dll
0x00007ffa75d90000 - 0x00007ffa75da1000 	C:\Windows\System32\kernel.appcore.dll
0x00007ffa76180000 - 0x00007ffa76197000 	C:\Windows\System32\cryptsp.dll
0x00007ffa66d30000 - 0x00007ffa66d4a000 	C:\Program Files\Android\Android Studio\jre\jre\bin\net.dll
0x00007ffa755f0000 - 0x00007ffa75657000 	C:\Windows\system32\mswsock.dll
0x00007ffa66d10000 - 0x00007ffa66d23000 	C:\Program Files\Android\Android Studio\jre\jre\bin\nio.dll
0x00007ffa5f9f0000 - 0x00007ffa5fa16000 	C:\Users\WIN\.gradle\native\31\windows-amd64\native-platform.dll
0x00007ffa71b20000 - 0x00007ffa71b2d000 	C:\Program Files\Android\Android Studio\jre\jre\bin\management.dll
0x00007ffa75110000 - 0x00007ffa75143000 	C:\Windows\system32\rsaenh.dll
0x00007ffa75e60000 - 0x00007ffa75e86000 	C:\Windows\System32\bcrypt.dll
0x00007ffa75cc0000 - 0x00007ffa75ce8000 	C:\Windows\SYSTEM32\USERENV.dll
0x00007ffa757c0000 - 0x00007ffa757cc000 	C:\Windows\SYSTEM32\CRYPTBASE.dll
0x00007ffa752b0000 - 0x00007ffa752ed000 	C:\Windows\SYSTEM32\IPHLPAPI.DLL
0x00007ffa77e20000 - 0x00007ffa77e28000 	C:\Windows\System32\NSI.dll
0x00007ffa6b360000 - 0x00007ffa6b376000 	C:\Windows\SYSTEM32\dhcpcsvc6.DLL
0x00007ffa6bdf0000 - 0x00007ffa6be0c000 	C:\Windows\SYSTEM32\dhcpcsvc.DLL
0x00007ffa752f0000 - 0x00007ffa753b7000 	C:\Windows\SYSTEM32\DNSAPI.dll

VM Arguments:
jvm_args: -XX:MaxMetaspaceSize=256m -XX:+HeapDumpOnOutOfMemoryError -Xms256m -Xmx512m -Dfile.encoding=windows-1252 -Duser.country=IN -Duser.language=en -Duser.variant 
java_command: org.gradle.launcher.daemon.bootstrap.GradleDaemon 6.1.1
java_class_path (initial): C:\Users\WIN\.gradle\wrapper\dists\gradle-6.1.1-all\cfmwm155h49vnt3hynmlrsdst\gradle-6.1.1\lib\gradle-launcher-6.1.1.jar
Launcher Type: SUN_STANDARD

Environment Variables:
PATH=C:\Windows\system32;C:\Windows;C:\Windows\System32\Wbem;C:\Windows\System32\WindowsPowerShell\v1.0\;C:\Windows\System32\OpenSSH\;C:\Program Files\Git\cmd;C:\Program Files\nodejs\;C:\Users\WIN\AppData\Local\Microsoft\WindowsApps;;C:\Users\WIN\AppData\Local\Programs\Microsoft VS Code\bin;C:\Users\WIN\AppData\Roaming\npm
USERNAME=WIN
OS=Windows_NT
PROCESSOR_IDENTIFIER=Intel64 Family 6 Model 78 Stepping 3, GenuineIntel



---------------  S Y S T E M  ---------------

OS: Windows 10.0 , 64 bit Build 17763 (10.0.17763.1158)

CPU:total 4 (initial active 4) (2 cores per cpu, 2 threads per core) family 6 model 78 stepping 3, cmov, cx8, fxsr, mmx, sse, sse2, sse3, ssse3, sse4.1, sse4.2, popcnt, avx, avx2, aes, clmul, erms, rtm, 3dnowpref, lzcnt, ht, tsc, tscinvbit, bmi1, bmi2, adx

Memory: 4k page, physical 8277836k(1592320k free), swap 30177224k(5232k free)

vm_info: OpenJDK 64-Bit Server VM (25.242-b01) for windows-amd64 JRE (1.8.0_242-release-1644-b01), built by "builder" with MS VC++ 10.0 (VS2010)

time: Mon Jan 04 14:19:06 2021
timezone: India Standard Time
elapsed time: 11 seconds (0d 0h 0m 11s)

