#
# There is insufficient memory for the Java Runtime Environment to continue.
# Native memory allocation (malloc) failed to allocate 1090096 bytes for Chunk::new
# Possible reasons:
#   The system is out of physical RAM or swap space
#   The process is running with CompressedOops enabled, and the Java Heap may be blocking the growth of the native heap
# Possible solutions:
#   Reduce memory load on the system
#   Increase physical memory or swap space
#   Check if swap backing store is full
#   Decrease Java heap size (-Xmx/-Xms)
#   Decrease number of Java threads
#   Decrease Java thread stack sizes (-Xss)
#   Set larger code cache with -XX:ReservedCodeCacheSize=
#   JVM is running with Unscaled Compressed Oops mode in which the Java heap is
#     placed in the first 4GB address space. The Java Heap base address is the
#     maximum limit for the native heap growth. Please use -XX:HeapBaseMinAddress
#     to set the Java Heap base and to place the Java Heap above 4GB virtual address.
# This output file may be truncated or incomplete.
#
#  Out of Memory Error (allocation.cpp:389), pid=38428, tid=0x00000000000091f0
#
# JRE version: OpenJDK Runtime Environment (8.0_242-b01) (build 1.8.0_242-release-1644-b01)
# Java VM: OpenJDK 64-Bit Server VM (25.242-b01 mixed mode windows-amd64 compressed oops)
# Failed to write core dump. Minidumps are not enabled by default on client versions of Windows
#

---------------  T H R E A D  ---------------

Current thread (0x00000000144d3800):  JavaThread "C2 CompilerThread0" daemon [_thread_in_native, id=37360, stack(0x0000000015b30000,0x0000000015c30000)]

Stack: [0x0000000015b30000,0x0000000015c30000]
[error occurred during error reporting (printing stack bounds), id 0xc0000005]

Native frames: (J=compiled Java code, j=interpreted, Vv=VM code, C=native code)


Current CompileTask:
C2:   3834 2143       4       java.net.URLClassLoader$1::run (5 bytes)


---------------  P R O C E S S  ---------------

Java Threads: ( => current thread )
  0x0000000018033800 JavaThread "Cache worker for execution history cache (C:\Users\WIN\.gradle\caches\6.1.1\executionHistory)" [_thread_blocked, id=39136, stack(0x000000001df30000,0x000000001e030000)]
  0x0000000018030000 JavaThread "Cache worker for file hash cache (C:\Users\WIN\.gradle\caches\6.1.1\fileHashes)" [_thread_blocked, id=30364, stack(0x000000001a250000,0x000000001a350000)]
  0x0000000018031800 JavaThread "File lock request listener" [_thread_in_native, id=39008, stack(0x000000001a150000,0x000000001a250000)]
  0x00000000180a7800 JavaThread "Cache worker for journal cache (C:\Users\WIN\.gradle\caches\journal-1)" [_thread_blocked, id=9308, stack(0x000000001a050000,0x000000001a150000)]
  0x0000000017fb0000 JavaThread "Asynchronous log dispatcher for DefaultDaemonConnection: socket connection from /127.0.0.1:56490 to /127.0.0.1:56491" [_thread_blocked, id=26916, stack(0x0000000019b50000,0x0000000019c50000)]
  0x0000000017faf000 JavaThread "Daemon worker" [_thread_blocked, id=26960, stack(0x0000000019a50000,0x0000000019b50000)]
  0x0000000017f8a000 JavaThread "Cancel handler" [_thread_blocked, id=30992, stack(0x0000000019950000,0x0000000019a50000)]
  0x0000000017f5f800 JavaThread "Handler for socket connection from /127.0.0.1:56490 to /127.0.0.1:56491" [_thread_in_native, id=32372, stack(0x0000000019650000,0x0000000019750000)]
  0x0000000017f48800 JavaThread "Daemon" [_thread_blocked, id=31696, stack(0x0000000019550000,0x0000000019650000)]
  0x0000000017ef0000 JavaThread "Daemon periodic checks" [_thread_blocked, id=37960, stack(0x0000000019450000,0x0000000019550000)]
  0x0000000017eee000 JavaThread "Incoming local TCP Connector on port 56490" [_thread_in_native, id=18028, stack(0x0000000019210000,0x0000000019310000)]
  0x0000000017e75800 JavaThread "Daemon health stats" [_thread_blocked, id=31832, stack(0x0000000018bd0000,0x0000000018cd0000)]
  0x000000001452d800 JavaThread "Service Thread" daemon [_thread_blocked, id=6124, stack(0x0000000016230000,0x0000000016330000)]
  0x00000000144ea800 JavaThread "C1 CompilerThread2" daemon [_thread_blocked, id=23248, stack(0x0000000015d30000,0x0000000015e30000)]
  0x00000000144db000 JavaThread "C2 CompilerThread1" daemon [_thread_in_native, id=28720, stack(0x0000000015c30000,0x0000000015d30000)]
=>0x00000000144d3800 JavaThread "C2 CompilerThread0" daemon [_thread_in_native, id=37360, stack(0x0000000015b30000,0x0000000015c30000)]
  0x00000000144d2800 JavaThread "Attach Listener" daemon [_thread_blocked, id=28584, stack(0x0000000015a30000,0x0000000015b30000)]
  0x00000000144d1800 JavaThread "Signal Dispatcher" daemon [_thread_blocked, id=34820, stack(0x0000000015930000,0x0000000015a30000)]
  0x00000000030ac800 JavaThread "Finalizer" daemon [_thread_blocked, id=35160, stack(0x0000000015730000,0x0000000015830000)]
  0x00000000144b9000 JavaThread "Reference Handler" daemon [_thread_blocked, id=6972, stack(0x0000000015630000,0x0000000015730000)]
  0x000000000123d800 JavaThread "main" [_thread_blocked, id=36932, stack(0x0000000001690000,0x0000000001790000)]

Other Threads:
  0x0000000014496000 VMThread [stack: 0x0000000015530000,0x0000000015630000] [id=40052]
  0x0000000015e63800 WatcherThread [stack: 0x0000000016330000,0x0000000016430000] [id=37232]

VM state:not at safepoint (normal execution)

VM Mutex/Monitor currently owned by a thread: None

OutOfMemory and StackOverflow Exception counts:
OutOfMemoryError java_heap_errors=2

heap address: 0x00000000e0000000, size: 512 MB, Compressed Oops mode: 32-bit
Narrow klass base: 0x0000000000000000, Narrow klass shift: 3
Compressed class space size: 1073741824 Address: 0x0000000100000000

Heap:
 PSYoungGen      total 141824K, used 68425K [0x00000000f5580000, 0x00000000fea80000, 0x0000000100000000)
  eden space 131072K, 52% used [0x00000000f5580000,0x00000000f98524a8,0x00000000fd580000)
  from space 10752K, 0% used [0x00000000fe000000,0x00000000fe000000,0x00000000fea80000)
  to   space 10752K, 0% used [0x00000000fd580000,0x00000000fd580000,0x00000000fe000000)
 ParOldGen       total 175104K, used 7028K [0x00000000e0000000, 0x00000000eab00000, 0x00000000f5580000)
  object space 175104K, 4% used [0x00000000e0000000,0x00000000e06dd2e0,0x00000000eab00000)
 Metaspace       used 28234K, capacity 28860K, committed 28928K, reserved 1075200K
  class space    used 3877K, capacity 4087K, committed 4096K, reserved 1048576K

Card table byte_map: [0x0000000012470000,0x0000000012580000] byte_map_base: 0x0000000011d70000

Marking Bits: (ParMarkBitMap*) 0x000000007386f030
 Begin Bits: [0x0000000012a30000, 0x0000000013230000)
 End Bits:   [0x0000000013230000, 0x0000000013a30000)

Polling page: 0x00000000011f0000

CodeCache: size=245760Kb used=7797Kb max_used=7797Kb free=237962Kb
 bounds [0x00000000030b0000, 0x0000000003860000, 0x00000000120b0000]
 total_blobs=2704 nmethods=2256 adapters=361
 compilation: enabled

Compilation events (10 events):
Event: 3.805 Thread 0x00000000144ea800 2266       3       java.util.concurrent.ConcurrentLinkedQueue::poll (85 bytes)
Event: 3.806 Thread 0x00000000144ea800 nmethod 2266 0x000000000384d190 code [0x000000000384d360, 0x000000000384dcd0]
Event: 3.806 Thread 0x00000000144ea800 2264  s!   3       org.gradle.internal.service.DefaultServiceRegistry$ManagedObjectServiceProvider::stop (59 bytes)
Event: 3.807 Thread 0x00000000144ea800 nmethod 2264 0x000000000384e050 code [0x000000000384e280, 0x000000000384eef8]
Event: 3.807 Thread 0x00000000144ea800 2267       3       java.util.concurrent.ConcurrentHashMap$ValueIterator::next (34 bytes)
Event: 3.807 Thread 0x00000000144ea800 nmethod 2267 0x000000000384f610 code [0x000000000384f7a0, 0x000000000384fab8]
Event: 3.807 Thread 0x00000000144ea800 2269       3       java.util.concurrent.ConcurrentLinkedQueue$Itr::advance (123 bytes)
Event: 3.808 Thread 0x00000000144ea800 nmethod 2269 0x000000000384fc10 code [0x000000000384fdc0, 0x00000000038504e8]
Event: 3.808 Thread 0x00000000144ea800 2270       3       java.util.concurrent.ConcurrentLinkedQueue$Itr::hasNext (13 bytes)
Event: 3.808 Thread 0x00000000144ea800 nmethod 2270 0x00000000038507d0 code [0x0000000003850920, 0x0000000003850ad0]

GC Heap History (10 events):
Event: 1.072 GC heap before
{Heap before GC invocations=1 (full 0):
 PSYoungGen      total 76288K, used 65536K [0x00000000f5580000, 0x00000000faa80000, 0x0000000100000000)
  eden space 65536K, 100% used [0x00000000f5580000,0x00000000f9580000,0x00000000f9580000)
  from space 10752K, 0% used [0x00000000fa000000,0x00000000fa000000,0x00000000faa80000)
  to   space 10752K, 0% used [0x00000000f9580000,0x00000000f9580000,0x00000000fa000000)
 ParOldGen       total 175104K, used 0K [0x00000000e0000000, 0x00000000eab00000, 0x00000000f5580000)
  object space 175104K, 0% used [0x00000000e0000000,0x00000000e0000000,0x00000000eab00000)
 Metaspace       used 7702K, capacity 7912K, committed 8064K, reserved 1056768K
  class space    used 945K, capacity 1040K, committed 1152K, reserved 1048576K
Event: 1.079 GC heap after
Heap after GC invocations=1 (full 0):
 PSYoungGen      total 76288K, used 5706K [0x00000000f5580000, 0x00000000faa80000, 0x0000000100000000)
  eden space 65536K, 0% used [0x00000000f5580000,0x00000000f5580000,0x00000000f9580000)
  from space 10752K, 53% used [0x00000000f9580000,0x00000000f9b12838,0x00000000fa000000)
  to   space 10752K, 0% used [0x00000000fa000000,0x00000000fa000000,0x00000000faa80000)
 ParOldGen       total 175104K, used 16K [0x00000000e0000000, 0x00000000eab00000, 0x00000000f5580000)
  object space 175104K, 0% used [0x00000000e0000000,0x00000000e0004000,0x00000000eab00000)
 Metaspace       used 7702K, capacity 7912K, committed 8064K, reserved 1056768K
  class space    used 945K, capacity 1040K, committed 1152K, reserved 1048576K
}
Event: 2.207 GC heap before
{Heap before GC invocations=2 (full 0):
 PSYoungGen      total 76288K, used 71242K [0x00000000f5580000, 0x00000000faa80000, 0x0000000100000000)
  eden space 65536K, 100% used [0x00000000f5580000,0x00000000f9580000,0x00000000f9580000)
  from space 10752K, 53% used [0x00000000f9580000,0x00000000f9b12838,0x00000000fa000000)
  to   space 10752K, 0% used [0x00000000fa000000,0x00000000fa000000,0x00000000faa80000)
 ParOldGen       total 175104K, used 16K [0x00000000e0000000, 0x00000000eab00000, 0x00000000f5580000)
  object space 175104K, 0% used [0x00000000e0000000,0x00000000e0004000,0x00000000eab00000)
 Metaspace       used 14739K, capacity 15120K, committed 15232K, reserved 1062912K
  class space    used 1947K, capacity 2080K, committed 2176K, reserved 1048576K
Event: 2.217 GC heap after
Heap after GC invocations=2 (full 0):
 PSYoungGen      total 76288K, used 9014K [0x00000000f5580000, 0x00000000faa80000, 0x0000000100000000)
  eden space 65536K, 0% used [0x00000000f5580000,0x00000000f5580000,0x00000000f9580000)
  from space 10752K, 83% used [0x00000000fa000000,0x00000000fa8cdb60,0x00000000faa80000)
  to   space 10752K, 0% used [0x00000000f9580000,0x00000000f9580000,0x00000000fa000000)
 ParOldGen       total 175104K, used 24K [0x00000000e0000000, 0x00000000eab00000, 0x00000000f5580000)
  object space 175104K, 0% used [0x00000000e0000000,0x00000000e0006000,0x00000000eab00000)
 Metaspace       used 14739K, capacity 15120K, committed 15232K, reserved 1062912K
  class space    used 1947K, capacity 2080K, committed 2176K, reserved 1048576K
}
Event: 2.940 GC heap before
{Heap before GC invocations=3 (full 0):
 PSYoungGen      total 76288K, used 74550K [0x00000000f5580000, 0x00000000faa80000, 0x0000000100000000)
  eden space 65536K, 100% used [0x00000000f5580000,0x00000000f9580000,0x00000000f9580000)
  from space 10752K, 83% used [0x00000000fa000000,0x00000000fa8cdb60,0x00000000faa80000)
  to   space 10752K, 0% used [0x00000000f9580000,0x00000000f9580000,0x00000000fa000000)
 ParOldGen       total 175104K, used 24K [0x00000000e0000000, 0x00000000eab00000, 0x00000000f5580000)
  object space 175104K, 0% used [0x00000000e0000000,0x00000000e0006000,0x00000000eab00000)
 Metaspace       used 20072K, capacity 20630K, committed 20992K, reserved 1067008K
  class space    used 2802K, capacity 2991K, committed 3072K, reserved 1048576K
Event: 2.954 GC heap after
Heap after GC invocations=3 (full 0):
 PSYoungGen      total 76288K, used 10743K [0x00000000f5580000, 0x00000000fea80000, 0x0000000100000000)
  eden space 65536K, 0% used [0x00000000f5580000,0x00000000f5580000,0x00000000f9580000)
  from space 10752K, 99% used [0x00000000f9580000,0x00000000f9ffddc8,0x00000000fa000000)
  to   space 10752K, 0% used [0x00000000fe000000,0x00000000fe000000,0x00000000fea80000)
 ParOldGen       total 175104K, used 845K [0x00000000e0000000, 0x00000000eab00000, 0x00000000f5580000)
  object space 175104K, 0% used [0x00000000e0000000,0x00000000e00d3688,0x00000000eab00000)
 Metaspace       used 20072K, capacity 20630K, committed 20992K, reserved 1067008K
  class space    used 2802K, capacity 2991K, committed 3072K, reserved 1048576K
}
Event: 3.024 GC heap before
{Heap before GC invocations=4 (full 0):
 PSYoungGen      total 76288K, used 18565K [0x00000000f5580000, 0x00000000fea80000, 0x0000000100000000)
  eden space 65536K, 11% used [0x00000000f5580000,0x00000000f5d23768,0x00000000f9580000)
  from space 10752K, 99% used [0x00000000f9580000,0x00000000f9ffddc8,0x00000000fa000000)
  to   space 10752K, 0% used [0x00000000fe000000,0x00000000fe000000,0x00000000fea80000)
 ParOldGen       total 175104K, used 845K [0x00000000e0000000, 0x00000000eab00000, 0x00000000f5580000)
  object space 175104K, 0% used [0x00000000e0000000,0x00000000e00d3688,0x00000000eab00000)
 Metaspace       used 20580K, capacity 21142K, committed 21248K, reserved 1067008K
  class space    used 2885K, capacity 3055K, committed 3072K, reserved 1048576K
Event: 3.033 GC heap after
Heap after GC invocations=4 (full 0):
 PSYoungGen      total 141824K, used 7180K [0x00000000f5580000, 0x00000000fea80000, 0x0000000100000000)
  eden space 131072K, 0% used [0x00000000f5580000,0x00000000f5580000,0x00000000fd580000)
  from space 10752K, 66% used [0x00000000fe000000,0x00000000fe703000,0x00000000fea80000)
  to   space 10752K, 0% used [0x00000000fd580000,0x00000000fd580000,0x00000000fe000000)
 ParOldGen       total 175104K, used 853K [0x00000000e0000000, 0x00000000eab00000, 0x00000000f5580000)
  object space 175104K, 0% used [0x00000000e0000000,0x00000000e00d5688,0x00000000eab00000)
 Metaspace       used 20580K, capacity 21142K, committed 21248K, reserved 1067008K
  class space    used 2885K, capacity 3055K, committed 3072K, reserved 1048576K
}
Event: 3.033 GC heap before
{Heap before GC invocations=5 (full 1):
 PSYoungGen      total 141824K, used 7180K [0x00000000f5580000, 0x00000000fea80000, 0x0000000100000000)
  eden space 131072K, 0% used [0x00000000f5580000,0x00000000f5580000,0x00000000fd580000)
  from space 10752K, 66% used [0x00000000fe000000,0x00000000fe703000,0x00000000fea80000)
  to   space 10752K, 0% used [0x00000000fd580000,0x00000000fd580000,0x00000000fe000000)
 ParOldGen       total 175104K, used 853K [0x00000000e0000000, 0x00000000eab00000, 0x00000000f5580000)
  object space 175104K, 0% used [0x00000000e0000000,0x00000000e00d5688,0x00000000eab00000)
 Metaspace       used 20580K, capacity 21142K, committed 21248K, reserved 1067008K
  class space    used 2885K, capacity 3055K, committed 3072K, reserved 1048576K
Event: 3.076 GC heap after
Heap after GC invocations=5 (full 1):
 PSYoungGen      total 141824K, used 0K [0x00000000f5580000, 0x00000000fea80000, 0x0000000100000000)
  eden space 131072K, 0% used [0x00000000f5580000,0x00000000f5580000,0x00000000fd580000)
  from space 10752K, 0% used [0x00000000fe000000,0x00000000fe000000,0x00000000fea80000)
  to   space 10752K, 0% used [0x00000000fd580000,0x00000000fd580000,0x00000000fe000000)
 ParOldGen       total 175104K, used 7028K [0x00000000e0000000, 0x00000000eab00000, 0x00000000f5580000)
  object space 175104K, 4% used [0x00000000e0000000,0x00000000e06dd2e0,0x00000000eab00000)
 Metaspace       used 20580K, capacity 21142K, committed 21248K, reserved 1067008K
  class space    used 2885K, capacity 3055K, committed 3072K, reserved 1048576K
}

Deoptimization events (10 events):
Event: 3.658 Thread 0x0000000017faf000 Uncommon trap: reason=unstable_if action=reinterpret pc=0x000000000377b92c method=java.lang.String.regionMatches(ZILjava/lang/String;II)Z @ 41
Event: 3.659 Thread 0x0000000017faf000 Uncommon trap: reason=unstable_if action=reinterpret pc=0x000000000359f074 method=java.lang.ClassLoader.getClassLoadingLock(Ljava/lang/String;)Ljava/lang/Object; @ 6
Event: 3.680 Thread 0x0000000017faf000 Uncommon trap: reason=class_check action=maybe_recompile pc=0x000000000378b754 method=sun.misc.URLClassPath.getLoader(I)Lsun/misc/URLClassPath$Loader; @ 239
Event: 3.680 Thread 0x0000000017faf000 Uncommon trap: reason=unstable_if action=reinterpret pc=0x0000000003590c78 method=java.lang.String.regionMatches(ZILjava/lang/String;II)Z @ 41
Event: 3.712 Thread 0x0000000017faf000 Uncommon trap: reason=class_check action=maybe_recompile pc=0x000000000378b754 method=sun.misc.URLClassPath.getLoader(I)Lsun/misc/URLClassPath$Loader; @ 239
Event: 3.733 Thread 0x0000000017faf000 Uncommon trap: reason=class_check action=maybe_recompile pc=0x00000000036f9c00 method=java.lang.Throwable.<init>(Ljava/lang/String;Ljava/lang/Throwable;)V @ 24
Event: 3.775 Thread 0x0000000017faf000 Uncommon trap: reason=class_check action=maybe_recompile pc=0x000000000321a694 method=java.lang.String.equals(Ljava/lang/Object;)Z @ 8
Event: 3.775 Thread 0x0000000017faf000 Uncommon trap: reason=class_check action=maybe_recompile pc=0x000000000321a694 method=java.lang.String.equals(Ljava/lang/Object;)Z @ 8
Event: 3.775 Thread 0x0000000017faf000 Uncommon trap: reason=class_check action=maybe_recompile pc=0x000000000321a694 method=java.lang.String.equals(Ljava/lang/Object;)Z @ 8
Event: 3.775 Thread 0x0000000017faf000 Uncommon trap: reason=class_check action=maybe_recompile pc=0x000000000321a694 method=java.lang.String.equals(Ljava/lang/Object;)Z @ 8

Classes redefined (0 events):
No events

Internal exceptions (10 events):
Event: 3.684 Thread 0x0000000017faf000 Exception <a 'java/lang/ClassNotFoundException': groovy/lang/ScriptBeanInfo> (0x00000000f8e93360) thrown at [C:\src\AOSP-openjdk-git\hotspot\src\share\vm\classfile\systemDictionary.cpp, line 210]
Event: 3.685 Thread 0x0000000017faf000 Exception <a 'java/lang/ClassNotFoundException': groovy/lang/ScriptCustomizer> (0x00000000f8ea5990) thrown at [C:\src\AOSP-openjdk-git\hotspot\src\share\vm\classfile\systemDictionary.cpp, line 210]
Event: 3.687 Thread 0x0000000017faf000 Exception <a 'java/lang/ClassNotFoundException': org/gradle/groovy/scripts/ScriptCustomizer> (0x00000000f8ec5688) thrown at [C:\src\AOSP-openjdk-git\hotspot\src\share\vm\classfile\systemDictionary.cpp, line 210]
Event: 3.691 Thread 0x0000000017faf000 Exception <a 'java/lang/ClassNotFoundException': org/gradle/groovy/scripts/BasicScriptCustomizer> (0x00000000f8ee6338) thrown at [C:\src\AOSP-openjdk-git\hotspot\src\share\vm\classfile\systemDictionary.cpp, line 210]
Event: 3.694 Thread 0x0000000017faf000 Exception <a 'java/lang/ClassNotFoundException': org/gradle/groovy/scripts/DefaultScriptCustomizer> (0x00000000f8f0c7b8) thrown at [C:\src\AOSP-openjdk-git\hotspot\src\share\vm\classfile\systemDictionary.cpp, line 210]
Event: 3.707 Thread 0x0000000017faf000 Exception <a 'java/lang/ClassNotFoundException': org/gradle/plugin/use/internal/PluginsAwareScriptCustomizer> (0x00000000f8f4eaa0) thrown at [C:\src\AOSP-openjdk-git\hotspot\src\share\vm\classfile\systemDictionary.cpp, line 210]
Event: 3.712 Thread 0x0000000017faf000 Exception <a 'java/lang/ClassNotFoundException': org/gradle/initialization/SettingsScriptCustomizer> (0x00000000f8f6e498) thrown at [C:\src\AOSP-openjdk-git\hotspot\src\share\vm\classfile\systemDictionary.cpp, line 210]
Event: 3.713 Thread 0x0000000017faf000 Exception <a 'java/lang/ClassNotFoundException': settings_2z0ipi44u7jixmsliltaojolnCustomizer> (0x00000000f8f83960) thrown at [C:\src\AOSP-openjdk-git\hotspot\src\share\vm\classfile\systemDictionary.cpp, line 210]
Event: 3.733 Thread 0x0000000017faf000 Exception <a 'java/lang/OutOfMemoryError'> (0x00000000f9119b50) thrown at [C:\src\AOSP-openjdk-git\hotspot\src\share\vm\prims\jni.cpp, line 737]
Event: 3.733 Thread 0x0000000017faf000 Exception <a 'java/lang/OutOfMemoryError'> (0x00000000f9119b50) thrown at [C:\src\AOSP-openjdk-git\hotspot\src\share\vm\prims\jvm.cpp, line 1506]

Events (10 events):
Event: 3.818 loading class java/util/concurrent/LinkedBlockingDeque$AbstractItr done
Event: 3.818 loading class java/util/concurrent/LinkedBlockingDeque$Itr done
Event: 3.818 loading class org/gradle/launcher/daemon/server/health/gc/GarbageCollectionStats
Event: 3.818 loading class org/gradle/launcher/daemon/server/health/gc/GarbageCollectionStats done
Event: 3.819 loading class org/gradle/launcher/daemon/server/health/DaemonMemoryStatus$3
Event: 3.819 loading class org/gradle/launcher/daemon/server/health/DaemonMemoryStatus$3 done
Event: 3.819 loading class org/gradle/launcher/daemon/server/health/DaemonMemoryStatus$1
Event: 3.819 loading class org/gradle/launcher/daemon/server/health/DaemonMemoryStatus$1 done
Event: 3.820 loading class org/gradle/launcher/daemon/server/health/DaemonMemoryStatus$2
Event: 3.820 loading class org/gradle/launcher/daemon/server/health/DaemonMemoryStatus$2 done


Dynamic libraries:
0x00007ff74db80000 - 0x00007ff74dbb1000 	C:\Program Files\Android\Android Studio\jre\bin\java.exe
0x00007ffa79da0000 - 0x00007ffa79f8d000 	C:\Windows\SYSTEM32\ntdll.dll
0x00007ffa77050000 - 0x00007ffa77103000 	C:\Windows\System32\KERNEL32.DLL
0x00007ffa75e90000 - 0x00007ffa76125000 	C:\Windows\System32\KERNELBASE.dll
0x00007ffa77c90000 - 0x00007ffa77d33000 	C:\Windows\System32\ADVAPI32.dll
0x00007ffa77e60000 - 0x00007ffa77efe000 	C:\Windows\System32\msvcrt.dll
0x00007ffa77280000 - 0x00007ffa7731e000 	C:\Windows\System32\sechost.dll
0x00007ffa79b70000 - 0x00007ffa79c92000 	C:\Windows\System32\RPCRT4.dll
0x00007ffa798f0000 - 0x00007ffa79a87000 	C:\Windows\System32\USER32.dll
0x00007ffa76f20000 - 0x00007ffa76f40000 	C:\Windows\System32\win32u.dll
0x00007ffa77e30000 - 0x00007ffa77e59000 	C:\Windows\System32\GDI32.dll
0x00007ffa761a0000 - 0x00007ffa7633a000 	C:\Windows\System32\gdi32full.dll
0x00007ffa765d0000 - 0x00007ffa76670000 	C:\Windows\System32\msvcp_win.dll
0x00007ffa766d0000 - 0x00007ffa767ca000 	C:\Windows\System32\ucrtbase.dll
0x00007ffa67ad0000 - 0x00007ffa67d49000 	C:\Windows\WinSxS\amd64_microsoft.windows.common-controls_6595b64144ccf1df_6.0.17763.1282_none_de75b6f253473c0f\COMCTL32.dll
0x00007ffa77320000 - 0x00007ffa7764c000 	C:\Windows\System32\combase.dll
0x00007ffa76f40000 - 0x00007ffa76fbe000 	C:\Windows\System32\bcryptPrimitives.dll
0x00007ffa77d40000 - 0x00007ffa77d6e000 	C:\Windows\System32\IMM32.DLL
0x0000000072fc0000 - 0x0000000073092000 	C:\Program Files\Android\Android Studio\jre\jre\bin\msvcr100.dll
0x00000000730a0000 - 0x00000000738eb000 	C:\Program Files\Android\Android Studio\jre\jre\bin\server\jvm.dll
0x00007ffa77aa0000 - 0x00007ffa77aa8000 	C:\Windows\System32\PSAPI.DLL
0x00007ffa622a0000 - 0x00007ffa622a9000 	C:\Windows\SYSTEM32\WSOCK32.dll
0x00007ffa73f10000 - 0x00007ffa73f34000 	C:\Windows\SYSTEM32\WINMM.dll
0x00007ffa6b130000 - 0x00007ffa6b13a000 	C:\Windows\SYSTEM32\VERSION.dll
0x00007ffa79880000 - 0x00007ffa798ed000 	C:\Windows\System32\WS2_32.dll
0x00007ffa73e80000 - 0x00007ffa73ead000 	C:\Windows\SYSTEM32\WINMMBASE.dll
0x00007ffa76130000 - 0x00007ffa7617a000 	C:\Windows\System32\cfgmgr32.dll
0x00007ffa71b90000 - 0x00007ffa71b9f000 	C:\Program Files\Android\Android Studio\jre\jre\bin\verify.dll
0x00007ffa66e50000 - 0x00007ffa66e79000 	C:\Program Files\Android\Android Studio\jre\jre\bin\java.dll
0x00007ffa6eeb0000 - 0x00007ffa6eec6000 	C:\Program Files\Android\Android Studio\jre\jre\bin\zip.dll
0x00007ffa78380000 - 0x00007ffa79878000 	C:\Windows\System32\SHELL32.dll
0x00007ffa77be0000 - 0x00007ffa77c88000 	C:\Windows\System32\shcore.dll
0x00007ffa767d0000 - 0x00007ffa76f1f000 	C:\Windows\System32\windows.storage.dll
0x00007ffa75dd0000 - 0x00007ffa75df4000 	C:\Windows\System32\profapi.dll
0x00007ffa75e00000 - 0x00007ffa75e5d000 	C:\Windows\System32\powrprof.dll
0x00007ffa76fd0000 - 0x00007ffa77022000 	C:\Windows\System32\shlwapi.dll
0x00007ffa75d90000 - 0x00007ffa75da1000 	C:\Windows\System32\kernel.appcore.dll
0x00007ffa76180000 - 0x00007ffa76197000 	C:\Windows\System32\cryptsp.dll
0x00007ffa66d30000 - 0x00007ffa66d4a000 	C:\Program Files\Android\Android Studio\jre\jre\bin\net.dll
0x00007ffa755f0000 - 0x00007ffa75657000 	C:\Windows\system32\mswsock.dll
0x00007ffa66d10000 - 0x00007ffa66d23000 	C:\Program Files\Android\Android Studio\jre\jre\bin\nio.dll
0x00007ffa5f9f0000 - 0x00007ffa5fa16000 	C:\Users\WIN\.gradle\native\31\windows-amd64\native-platform.dll
0x00007ffa71b20000 - 0x00007ffa71b2d000 	C:\Program Files\Android\Android Studio\jre\jre\bin\management.dll
0x00007ffa75110000 - 0x00007ffa75143000 	C:\Windows\system32\rsaenh.dll
0x00007ffa75e60000 - 0x00007ffa75e86000 	C:\Windows\System32\bcrypt.dll
0x00007ffa75cc0000 - 0x00007ffa75ce8000 	C:\Windows\SYSTEM32\USERENV.dll
0x00007ffa757c0000 - 0x00007ffa757cc000 	C:\Windows\SYSTEM32\CRYPTBASE.dll
0x00007ffa752b0000 - 0x00007ffa752ed000 	C:\Windows\SYSTEM32\IPHLPAPI.DLL
0x00007ffa77e20000 - 0x00007ffa77e28000 	C:\Windows\System32\NSI.dll
0x00007ffa6b360000 - 0x00007ffa6b376000 	C:\Windows\SYSTEM32\dhcpcsvc6.DLL
0x00007ffa6bdf0000 - 0x00007ffa6be0c000 	C:\Windows\SYSTEM32\dhcpcsvc.DLL
0x00007ffa752f0000 - 0x00007ffa753b7000 	C:\Windows\SYSTEM32\DNSAPI.dll

VM Arguments:
jvm_args: -XX:MaxMetaspaceSize=256m -XX:+HeapDumpOnOutOfMemoryError -Xms256m -Xmx512m -Dfile.encoding=windows-1252 -Duser.country=IN -Duser.language=en -Duser.variant 
java_command: org.gradle.launcher.daemon.bootstrap.GradleDaemon 6.1.1
java_class_path (initial): C:\Users\WIN\.gradle\wrapper\dists\gradle-6.1.1-all\cfmwm155h49vnt3hynmlrsdst\gradle-6.1.1\lib\gradle-launcher-6.1.1.jar
Launcher Type: SUN_STANDARD

Environment Variables:
PATH=C:\Windows\system32;C:\Windows;C:\Windows\System32\Wbem;C:\Windows\System32\WindowsPowerShell\v1.0\;C:\Windows\System32\OpenSSH\;C:\Program Files\Git\cmd;C:\Program Files\nodejs\;C:\Users\WIN\AppData\Local\Microsoft\WindowsApps;;C:\Users\WIN\AppData\Local\Programs\Microsoft VS Code\bin;C:\Users\WIN\AppData\Roaming\npm
USERNAME=WIN
OS=Windows_NT
PROCESSOR_IDENTIFIER=Intel64 Family 6 Model 78 Stepping 3, GenuineIntel



---------------  S Y S T E M  ---------------

OS: Windows 10.0 , 64 bit Build 17763 (10.0.17763.1158)

CPU:total 4 (initial active 4) (2 cores per cpu, 2 threads per core) family 6 model 78 stepping 3, cmov, cx8, fxsr, mmx, sse, sse2, sse3, ssse3, sse4.1, sse4.2, popcnt, avx, avx2, aes, clmul, erms, rtm, 3dnowpref, lzcnt, ht, tsc, tscinvbit, bmi1, bmi2, adx

Memory: 4k page, physical 8277836k(1667976k free), swap 30177224k(5120k free)

vm_info: OpenJDK 64-Bit Server VM (25.242-b01) for windows-amd64 JRE (1.8.0_242-release-1644-b01), built by "builder" with MS VC++ 10.0 (VS2010)

time: Mon Jan 04 14:20:17 2021
timezone: India Standard Time
elapsed time: 3 seconds (0d 0h 0m 3s)

